[ 2020-06-20T00:00:01+08:00 ] ::1 /gitPhp/index.php
INFO: [ app_init ] --START--
INFO: Run Behavior\BuildLiteBehavior [ RunTime:0.000027s ]
INFO: [ app_init ] --END-- [ RunTime:0.000548s ]
INFO: [ app_begin ] --START--
INFO: Run Behavior\ReadHtmlCacheBehavior [ RunTime:0.001543s ]
INFO: [ app_begin ] --END-- [ RunTime:0.001715s ]
SQL: SHOW COLUMNS FROM `loop` [ RunTime:0.0312s ]
SQL: SELECT * FROM `loop` WHERE ( id = 1 ) LIMIT 1   [ RunTime:0.0005s ]
SQL: SHOW COLUMNS FROM `song` [ RunTime:0.0205s ]
ERR: 1146:Table 'kw.song__list' doesn't exist
 [ SQL语句 ] : SHOW COLUMNS FROM `song__list`
ERR: 1146:Table 'kw.song__list' doesn't exist
 [ SQL语句 ] : SHOW COLUMNS FROM `song__list`

[ 2020-06-20T00:00:21+08:00 ] ::1 /gitPhp/index.php
INFO: [ app_init ] --START--
INFO: Run Behavior\BuildLiteBehavior [ RunTime:0.000016s ]
INFO: [ app_init ] --END-- [ RunTime:0.000415s ]
INFO: [ app_begin ] --START--
INFO: Run Behavior\ReadHtmlCacheBehavior [ RunTime:0.000682s ]
INFO: [ app_begin ] --END-- [ RunTime:0.000746s ]
SQL: SHOW COLUMNS FROM `loop` [ RunTime:0.0323s ]
SQL: SELECT * FROM `loop` WHERE ( id = 1 ) LIMIT 1   [ RunTime:0.0005s ]
SQL: SHOW COLUMNS FROM `song` [ RunTime:0.0226s ]
ERR: 1146:Table 'kw.song_list' doesn't exist
 [ SQL语句 ] : SHOW COLUMNS FROM `song_list`
ERR: 1146:Table 'kw.song_list' doesn't exist
 [ SQL语句 ] : SHOW COLUMNS FROM `song_list`

[ 2020-06-20T00:00:32+08:00 ] ::1 /gitPhp/index.php
INFO: [ app_init ] --START--
INFO: Run Behavior\BuildLiteBehavior [ RunTime:0.000016s ]
INFO: [ app_init ] --END-- [ RunTime:0.000418s ]
INFO: [ app_begin ] --START--
INFO: Run Behavior\ReadHtmlCacheBehavior [ RunTime:0.002930s ]
INFO: [ app_begin ] --END-- [ RunTime:0.003109s ]
SQL: SHOW COLUMNS FROM `loop` [ RunTime:0.0308s ]
SQL: SELECT * FROM `loop` WHERE ( id = 1 ) LIMIT 1   [ RunTime:0.0004s ]
SQL: SHOW COLUMNS FROM `song` [ RunTime:0.0162s ]
ERR: 1146:Table 'kw.song_list' doesn't exist
 [ SQL语句 ] : SHOW COLUMNS FROM `song_list`
ERR: 1146:Table 'kw.song_list' doesn't exist
 [ SQL语句 ] : SHOW COLUMNS FROM `song_list`

[ 2020-06-20T00:01:51+08:00 ] ::1 /gitPhp/index.php
INFO: [ app_init ] --START--
INFO: Run Behavior\BuildLiteBehavior [ RunTime:0.000014s ]
INFO: [ app_init ] --END-- [ RunTime:0.000378s ]
INFO: [ app_begin ] --START--
INFO: Run Behavior\ReadHtmlCacheBehavior [ RunTime:0.001467s ]
INFO: [ app_begin ] --END-- [ RunTime:0.004421s ]
SQL: SHOW COLUMNS FROM `loop` [ RunTime:0.0320s ]
SQL: SELECT * FROM `loop` WHERE ( id = 1 ) LIMIT 1   [ RunTime:0.0003s ]
SQL: SHOW COLUMNS FROM `song` [ RunTime:0.0153s ]
SQL: SHOW COLUMNS FROM `songlist` [ RunTime:0.0240s ]
INFO: [ app_end ] --START--
INFO: Run Behavior\ShowPageTraceBehavior [ RunTime:0.000917s ]
INFO: [ app_end ] --END-- [ RunTime:0.001020s ]

[ 2020-06-20T00:03:22+08:00 ] ::1 /gitPhp/index.php
INFO: [ app_init ] --START--
INFO: Run Behavior\BuildLiteBehavior [ RunTime:0.000018s ]
INFO: [ app_init ] --END-- [ RunTime:0.000481s ]
INFO: [ app_begin ] --START--
INFO: Run Behavior\ReadHtmlCacheBehavior [ RunTime:0.000742s ]
INFO: [ app_begin ] --END-- [ RunTime:0.000805s ]

[ 2020-06-20T00:03:23+08:00 ] ::1 /gitPhp/index.php
INFO: [ app_init ] --START--
INFO: Run Behavior\BuildLiteBehavior [ RunTime:0.000014s ]
INFO: [ app_init ] --END-- [ RunTime:0.000341s ]
INFO: [ app_begin ] --START--
INFO: Run Behavior\ReadHtmlCacheBehavior [ RunTime:0.000627s ]
INFO: [ app_begin ] --END-- [ RunTime:0.000682s ]

[ 2020-06-20T00:03:37+08:00 ] ::1 /gitPhp/index.php
INFO: [ app_init ] --START--
INFO: Run Behavior\BuildLiteBehavior [ RunTime:0.000017s ]
INFO: [ app_init ] --END-- [ RunTime:0.000408s ]
INFO: [ app_begin ] --START--
INFO: Run Behavior\ReadHtmlCacheBehavior [ RunTime:0.001341s ]
INFO: [ app_begin ] --END-- [ RunTime:0.001549s ]
SQL: SHOW COLUMNS FROM `loop` [ RunTime:0.0332s ]
SQL: SELECT * FROM `loop` WHERE ( id = 1 ) LIMIT 1   [ RunTime:0.0004s ]
SQL: SHOW COLUMNS FROM `songlist` [ RunTime:0.0145s ]
SQL: SHOW COLUMNS FROM `song` [ RunTime:0.0144s ]
ERR: 1054:Unknown column '歌单一' in 'where clause'
 [ SQL语句 ] : SELECT * FROM `songlist` WHERE ( name = 歌单一 ) LIMIT 1  
ERR: 1054:Unknown column '歌单一' in 'where clause'
 [ SQL语句 ] : SELECT * FROM `songlist` WHERE ( name = 歌单一 ) LIMIT 1  

[ 2020-06-20T00:04:09+08:00 ] ::1 /gitPhp/index.php
INFO: [ app_init ] --START--
INFO: Run Behavior\BuildLiteBehavior [ RunTime:0.000019s ]
INFO: [ app_init ] --END-- [ RunTime:0.000529s ]
INFO: [ app_begin ] --START--
INFO: Run Behavior\ReadHtmlCacheBehavior [ RunTime:0.001380s ]
INFO: [ app_begin ] --END-- [ RunTime:0.001536s ]
SQL: SHOW COLUMNS FROM `loop` [ RunTime:0.0303s ]
SQL: SELECT * FROM `loop` WHERE ( id = 1 ) LIMIT 1   [ RunTime:0.0003s ]
SQL: SHOW COLUMNS FROM `songlist` [ RunTime:0.0156s ]
SQL: SHOW COLUMNS FROM `song` [ RunTime:0.0160s ]
ERR: 1054:Unknown column '歌单一' in 'where clause'
 [ SQL语句 ] : SELECT * FROM `songlist` WHERE ( name = 歌单一 ) 
ERR: 1054:Unknown column '歌单一' in 'where clause'
 [ SQL语句 ] : SELECT * FROM `songlist` WHERE ( name = 歌单一 ) 

[ 2020-06-20T00:04:28+08:00 ] ::1 /gitPhp/index.php
INFO: [ app_init ] --START--
INFO: Run Behavior\BuildLiteBehavior [ RunTime:0.000086s ]
INFO: [ app_init ] --END-- [ RunTime:0.003136s ]
INFO: [ app_begin ] --START--
INFO: Run Behavior\ReadHtmlCacheBehavior [ RunTime:0.000729s ]
INFO: [ app_begin ] --END-- [ RunTime:0.000800s ]
SQL: SHOW COLUMNS FROM `loop` [ RunTime:0.0293s ]
SQL: SELECT * FROM `loop` WHERE ( id = 1 ) LIMIT 1   [ RunTime:0.0003s ]
SQL: SHOW COLUMNS FROM `songlist` [ RunTime:0.0149s ]
SQL: SHOW COLUMNS FROM `song` [ RunTime:0.0184s ]
SQL: SELECT * FROM `songlist`  [ RunTime:0.0004s ]
NOTIC: [2] Invalid argument supplied for foreach() E:\phpStudy\WWW\gitPhp\ThinkPHP\Library\Think\Db\Driver.class.php 第 504 行.
SQL: SELECT * FROM `song` LIMIT 1   [ RunTime:0.0003s ]
NOTIC: [2] Invalid argument supplied for foreach() E:\phpStudy\WWW\gitPhp\ThinkPHP\Library\Think\Db\Driver.class.php 第 504 行.
SQL: SELECT * FROM `song` LIMIT 1   [ RunTime:0.0003s ]
NOTIC: [2] Invalid argument supplied for foreach() E:\phpStudy\WWW\gitPhp\ThinkPHP\Library\Think\Db\Driver.class.php 第 504 行.
SQL: SELECT * FROM `song` LIMIT 1   [ RunTime:0.0002s ]
NOTIC: [2] Invalid argument supplied for foreach() E:\phpStudy\WWW\gitPhp\ThinkPHP\Library\Think\Db\Driver.class.php 第 504 行.
SQL: SELECT * FROM `song` LIMIT 1   [ RunTime:0.0002s ]
NOTIC: [2] Invalid argument supplied for foreach() E:\phpStudy\WWW\gitPhp\ThinkPHP\Library\Think\Db\Driver.class.php 第 504 行.
SQL: SELECT * FROM `song` LIMIT 1   [ RunTime:0.0003s ]
NOTIC: [2] Invalid argument supplied for foreach() E:\phpStudy\WWW\gitPhp\ThinkPHP\Library\Think\Db\Driver.class.php 第 504 行.
SQL: SELECT * FROM `song` LIMIT 1   [ RunTime:0.0003s ]
NOTIC: [2] Invalid argument supplied for foreach() E:\phpStudy\WWW\gitPhp\ThinkPHP\Library\Think\Db\Driver.class.php 第 504 行.
SQL: SELECT * FROM `song` LIMIT 1   [ RunTime:0.0003s ]
NOTIC: [8] Use of undefined constant porfile - assumed 'porfile' E:\phpStudy\WWW\gitPhp\Application\Home\Controller\IndexController.class.php 第 27 行.
NOTIC: [8] Undefined index: porfile E:\phpStudy\WWW\gitPhp\Application\Home\Controller\IndexController.class.php 第 27 行.
INFO: [ app_end ] --START--
INFO: Run Behavior\ShowPageTraceBehavior [ RunTime:0.000786s ]
INFO: [ app_end ] --END-- [ RunTime:0.000840s ]

[ 2020-06-20T00:05:41+08:00 ] ::1 /gitPhp/index.php
INFO: [ app_init ] --START--
INFO: Run Behavior\BuildLiteBehavior [ RunTime:0.000017s ]
INFO: [ app_init ] --END-- [ RunTime:0.000446s ]
INFO: [ app_begin ] --START--
INFO: Run Behavior\ReadHtmlCacheBehavior [ RunTime:0.000894s ]
INFO: [ app_begin ] --END-- [ RunTime:0.001001s ]
SQL: SHOW COLUMNS FROM `loop` [ RunTime:0.0310s ]
SQL: SELECT * FROM `loop` WHERE ( id = 1 ) LIMIT 1   [ RunTime:0.0004s ]
SQL: SHOW COLUMNS FROM `songlist` [ RunTime:0.0158s ]
INFO: [ app_end ] --START--
INFO: Run Behavior\ShowPageTraceBehavior [ RunTime:0.000821s ]
INFO: [ app_end ] --END-- [ RunTime:0.000886s ]

[ 2020-06-20T00:06:14+08:00 ] ::1 /gitPhp/index.php
INFO: [ app_init ] --START--
INFO: Run Behavior\BuildLiteBehavior [ RunTime:0.000018s ]
INFO: [ app_init ] --END-- [ RunTime:0.000457s ]
INFO: [ app_begin ] --START--
INFO: Run Behavior\ReadHtmlCacheBehavior [ RunTime:0.001411s ]
INFO: [ app_begin ] --END-- [ RunTime:0.001494s ]
SQL: SHOW COLUMNS FROM `loop` [ RunTime:0.0325s ]
SQL: SELECT * FROM `loop` WHERE ( id = 1 ) LIMIT 1   [ RunTime:0.0004s ]
SQL: SHOW COLUMNS FROM `songlist` [ RunTime:0.0155s ]
INFO: [ app_end ] --START--
INFO: Run Behavior\ShowPageTraceBehavior [ RunTime:0.000863s ]
INFO: [ app_end ] --END-- [ RunTime:0.000934s ]

[ 2020-06-20T00:07:31+08:00 ] ::1 /gitPhp/index.php
INFO: [ app_init ] --START--
INFO: Run Behavior\BuildLiteBehavior [ RunTime:0.000083s ]
INFO: [ app_init ] --END-- [ RunTime:0.001106s ]
INFO: [ app_begin ] --START--
INFO: Run Behavior\ReadHtmlCacheBehavior [ RunTime:0.000861s ]
INFO: [ app_begin ] --END-- [ RunTime:0.000953s ]
SQL: SHOW COLUMNS FROM `loop` [ RunTime:0.0297s ]
SQL: SELECT * FROM `loop` WHERE ( id = 1 ) LIMIT 1   [ RunTime:0.0003s ]
SQL: SHOW COLUMNS FROM `songlist` [ RunTime:0.0156s ]
SQL: SHOW COLUMNS FROM `song` [ RunTime:0.0151s ]
SQL: SELECT * FROM `songlist`  [ RunTime:0.0004s ]
INFO: [ app_end ] --START--
INFO: Run Behavior\ShowPageTraceBehavior [ RunTime:0.000885s ]
INFO: [ app_end ] --END-- [ RunTime:0.000944s ]

[ 2020-06-20T00:12:59+08:00 ] ::1 /gitPhp/index.php
INFO: [ app_init ] --START--
INFO: Run Behavior\BuildLiteBehavior [ RunTime:0.000017s ]
INFO: [ app_init ] --END-- [ RunTime:0.000460s ]
INFO: [ app_begin ] --START--
INFO: Run Behavior\ReadHtmlCacheBehavior [ RunTime:0.000822s ]
INFO: [ app_begin ] --END-- [ RunTime:0.000917s ]

[ 2020-06-20T00:13:00+08:00 ] ::1 /gitPhp/index.php
INFO: [ app_init ] --START--
INFO: Run Behavior\BuildLiteBehavior [ RunTime:0.000022s ]
INFO: [ app_init ] --END-- [ RunTime:0.000757s ]
INFO: [ app_begin ] --START--
INFO: Run Behavior\ReadHtmlCacheBehavior [ RunTime:0.001035s ]
INFO: [ app_begin ] --END-- [ RunTime:0.001140s ]

[ 2020-06-20T00:13:12+08:00 ] ::1 /gitPhp/index.php
INFO: [ app_init ] --START--
INFO: Run Behavior\BuildLiteBehavior [ RunTime:0.000032s ]
INFO: [ app_init ] --END-- [ RunTime:0.000460s ]
INFO: [ app_begin ] --START--
INFO: Run Behavior\ReadHtmlCacheBehavior [ RunTime:0.000966s ]
INFO: [ app_begin ] --END-- [ RunTime:0.001075s ]

[ 2020-06-20T00:13:25+08:00 ] ::1 /gitPhp/index.php
INFO: [ app_init ] --START--
INFO: Run Behavior\BuildLiteBehavior [ RunTime:0.000017s ]
INFO: [ app_init ] --END-- [ RunTime:0.000442s ]
INFO: [ app_begin ] --START--
INFO: Run Behavior\ReadHtmlCacheBehavior [ RunTime:0.000965s ]
INFO: [ app_begin ] --END-- [ RunTime:0.001045s ]
SQL: SHOW COLUMNS FROM `loop` [ RunTime:0.0294s ]
SQL: SELECT * FROM `loop` WHERE ( id = 1 ) LIMIT 1   [ RunTime:0.0005s ]
SQL: SHOW COLUMNS FROM `songlist` [ RunTime:0.0171s ]
SQL: SHOW COLUMNS FROM `song` [ RunTime:0.0160s ]
ERR: 1054:Unknown column '歌单一' in 'where clause'
 [ SQL语句 ] : SELECT * FROM `songlist` WHERE ( name = 歌单一 ) 
ERR: 1054:Unknown column '歌单一' in 'where clause'
 [ SQL语句 ] : SELECT * FROM `songlist` WHERE ( name = 歌单一 ) 

[ 2020-06-20T00:13:40+08:00 ] ::1 /gitPhp/index.php
INFO: [ app_init ] --START--
INFO: Run Behavior\BuildLiteBehavior [ RunTime:0.000017s ]
INFO: [ app_init ] --END-- [ RunTime:0.000464s ]
INFO: [ app_begin ] --START--
INFO: Run Behavior\ReadHtmlCacheBehavior [ RunTime:0.004224s ]
INFO: [ app_begin ] --END-- [ RunTime:0.004414s ]
SQL: SHOW COLUMNS FROM `loop` [ RunTime:0.0297s ]
SQL: SELECT * FROM `loop` WHERE ( id = 1 ) LIMIT 1   [ RunTime:0.0004s ]
SQL: SHOW COLUMNS FROM `songlist` [ RunTime:0.0155s ]
SQL: SHOW COLUMNS FROM `song` [ RunTime:0.0161s ]
SQL: SELECT * FROM `songlist`  [ RunTime:0.0003s ]
INFO: [ app_end ] --START--
INFO: Run Behavior\ShowPageTraceBehavior [ RunTime:0.000839s ]
INFO: [ app_end ] --END-- [ RunTime:0.000898s ]

[ 2020-06-20T00:13:58+08:00 ] ::1 /gitPhp/index.php
INFO: [ app_init ] --START--
INFO: Run Behavior\BuildLiteBehavior [ RunTime:0.000016s ]
INFO: [ app_init ] --END-- [ RunTime:0.000423s ]
INFO: [ app_begin ] --START--
INFO: Run Behavior\ReadHtmlCacheBehavior [ RunTime:0.001250s ]
INFO: [ app_begin ] --END-- [ RunTime:0.001389s ]
SQL: SHOW COLUMNS FROM `loop` [ RunTime:0.0307s ]
SQL: SELECT * FROM `loop` WHERE ( id = 1 ) LIMIT 1   [ RunTime:0.0003s ]
SQL: SHOW COLUMNS FROM `songlist` [ RunTime:0.0160s ]
SQL: SHOW COLUMNS FROM `song` [ RunTime:0.0170s ]
SQL: SELECT * FROM `songlist`  [ RunTime:0.0004s ]
INFO: [ app_end ] --START--
INFO: Run Behavior\ShowPageTraceBehavior [ RunTime:0.000865s ]
INFO: [ app_end ] --END-- [ RunTime:0.000924s ]

[ 2020-06-20T00:14:52+08:00 ] ::1 /gitPhp/index.php
INFO: [ app_init ] --START--
INFO: Run Behavior\BuildLiteBehavior [ RunTime:0.000020s ]
INFO: [ app_init ] --END-- [ RunTime:0.001012s ]
INFO: [ app_begin ] --START--
INFO: Run Behavior\ReadHtmlCacheBehavior [ RunTime:0.001149s ]
INFO: [ app_begin ] --END-- [ RunTime:0.001291s ]
SQL: SHOW COLUMNS FROM `loop` [ RunTime:0.0315s ]
SQL: SELECT * FROM `loop` WHERE ( id = 1 ) LIMIT 1   [ RunTime:0.0003s ]
SQL: SHOW COLUMNS FROM `songlist` [ RunTime:0.0152s ]
SQL: SHOW COLUMNS FROM `song` [ RunTime:0.0158s ]
SQL: SELECT * FROM `songlist` WHERE ( viewcourts = 0 )  [ RunTime:0.0004s ]
INFO: [ app_end ] --START--
INFO: Run Behavior\ShowPageTraceBehavior [ RunTime:0.000815s ]
INFO: [ app_end ] --END-- [ RunTime:0.000872s ]

[ 2020-06-20T00:15:08+08:00 ] ::1 /gitPhp/index.php
INFO: [ app_init ] --START--
INFO: Run Behavior\BuildLiteBehavior [ RunTime:0.000017s ]
INFO: [ app_init ] --END-- [ RunTime:0.000435s ]
INFO: [ app_begin ] --START--
INFO: Run Behavior\ReadHtmlCacheBehavior [ RunTime:0.001077s ]
INFO: [ app_begin ] --END-- [ RunTime:0.001206s ]
SQL: SHOW COLUMNS FROM `loop` [ RunTime:0.0294s ]
SQL: SELECT * FROM `loop` WHERE ( id = 1 ) LIMIT 1   [ RunTime:0.0004s ]
SQL: SHOW COLUMNS FROM `songlist` [ RunTime:0.0153s ]
SQL: SHOW COLUMNS FROM `song` [ RunTime:0.0156s ]
SQL: SELECT * FROM `songlist` WHERE ( viewcourts = 0 )  [ RunTime:0.0004s ]
INFO: [ app_end ] --START--
INFO: Run Behavior\ShowPageTraceBehavior [ RunTime:0.000839s ]
INFO: [ app_end ] --END-- [ RunTime:0.000897s ]

[ 2020-06-20T00:15:52+08:00 ] ::1 /gitPhp/index.php
INFO: [ app_init ] --START--
INFO: Run Behavior\BuildLiteBehavior [ RunTime:0.000017s ]
INFO: [ app_init ] --END-- [ RunTime:0.000463s ]
INFO: [ app_begin ] --START--
INFO: Run Behavior\ReadHtmlCacheBehavior [ RunTime:0.001459s ]
INFO: [ app_begin ] --END-- [ RunTime:0.001585s ]
SQL: SHOW COLUMNS FROM `loop` [ RunTime:0.0367s ]
SQL: SELECT * FROM `loop` WHERE ( id = 1 ) LIMIT 1   [ RunTime:0.0004s ]
SQL: SHOW COLUMNS FROM `songlist` [ RunTime:0.0187s ]
SQL: SHOW COLUMNS FROM `song` [ RunTime:0.0236s ]
ERR: 1054:Unknown column '歌单一' in 'where clause'
 [ SQL语句 ] : SELECT * FROM `songlist` WHERE ( name = 歌单一 ) 
ERR: 1054:Unknown column '歌单一' in 'where clause'
 [ SQL语句 ] : SELECT * FROM `songlist` WHERE ( name = 歌单一 ) 

[ 2020-06-20T00:16:30+08:00 ] ::1 /gitPhp/index.php
INFO: [ app_init ] --START--
INFO: Run Behavior\BuildLiteBehavior [ RunTime:0.000026s ]
INFO: [ app_init ] --END-- [ RunTime:0.000685s ]
INFO: [ app_begin ] --START--
INFO: Run Behavior\ReadHtmlCacheBehavior [ RunTime:0.001370s ]
INFO: [ app_begin ] --END-- [ RunTime:0.001471s ]
SQL: SHOW COLUMNS FROM `loop` [ RunTime:0.0311s ]
SQL: SELECT * FROM `loop` WHERE ( id = 1 ) LIMIT 1   [ RunTime:0.0003s ]
SQL: SHOW COLUMNS FROM `songlist` [ RunTime:0.0161s ]
SQL: SHOW COLUMNS FROM `song` [ RunTime:0.0148s ]
ERR: 1054:Unknown column '歌单一' in 'where clause'
 [ SQL语句 ] : SELECT * FROM `songlist` WHERE ( name = 歌单一 ) 
ERR: 1054:Unknown column '歌单一' in 'where clause'
 [ SQL语句 ] : SELECT * FROM `songlist` WHERE ( name = 歌单一 ) 

[ 2020-06-20T00:18:41+08:00 ] ::1 /gitPhp/index.php
INFO: [ app_init ] --START--
INFO: Run Behavior\BuildLiteBehavior [ RunTime:0.000025s ]
INFO: [ app_init ] --END-- [ RunTime:0.000667s ]
INFO: [ app_begin ] --START--
INFO: Run Behavior\ReadHtmlCacheBehavior [ RunTime:0.001155s ]
INFO: [ app_begin ] --END-- [ RunTime:0.001260s ]
SQL: SHOW COLUMNS FROM `loop` [ RunTime:0.0436s ]
SQL: SELECT * FROM `loop` WHERE ( id = 1 ) LIMIT 1   [ RunTime:0.0005s ]
SQL: SHOW COLUMNS FROM `songlist` [ RunTime:0.0218s ]
SQL: SHOW COLUMNS FROM `song` [ RunTime:0.0229s ]
ERR: 1054:Unknown column '歌单一' in 'where clause'
 [ SQL语句 ] : SELECT * FROM `songlist` WHERE ( name = 歌单一 ) 
ERR: 1054:Unknown column '歌单一' in 'where clause'
 [ SQL语句 ] : SELECT * FROM `songlist` WHERE ( name = 歌单一 ) 

[ 2020-06-20T00:19:43+08:00 ] ::1 /gitPhp/index.php
INFO: [ app_init ] --START--
INFO: Run Behavior\BuildLiteBehavior [ RunTime:0.000032s ]
INFO: [ app_init ] --END-- [ RunTime:0.000674s ]
INFO: [ app_begin ] --START--
INFO: Run Behavior\ReadHtmlCacheBehavior [ RunTime:0.000805s ]
INFO: [ app_begin ] --END-- [ RunTime:0.000878s ]
SQL: SHOW COLUMNS FROM `loop` [ RunTime:0.0294s ]
SQL: SELECT * FROM `loop` WHERE ( id = 1 ) LIMIT 1   [ RunTime:0.0004s ]
SQL: SHOW COLUMNS FROM `songlist` [ RunTime:0.0151s ]
SQL: SHOW COLUMNS FROM `song` [ RunTime:0.0150s ]
ERR: 1054:Unknown column 'songlist1' in 'where clause'
 [ SQL语句 ] : SELECT * FROM `songlist` WHERE ( name = songlist1 ) 
ERR: 1054:Unknown column 'songlist1' in 'where clause'
 [ SQL语句 ] : SELECT * FROM `songlist` WHERE ( name = songlist1 ) 

[ 2020-06-20T12:21:35+08:00 ] ::1 /gitPhp/index.php
INFO: [ app_init ] --START--
INFO: Run Behavior\BuildLiteBehavior [ RunTime:0.000037s ]
INFO: [ app_init ] --END-- [ RunTime:0.044258s ]
INFO: [ app_begin ] --START--
INFO: Run Behavior\ReadHtmlCacheBehavior [ RunTime:0.052238s ]
INFO: [ app_begin ] --END-- [ RunTime:0.052674s ]
SQL: SHOW COLUMNS FROM `loop` [ RunTime:0.3522s ]
SQL: SELECT * FROM `loop` WHERE ( id = 1 ) LIMIT 1   [ RunTime:0.0216s ]
SQL: SHOW COLUMNS FROM `songlist` [ RunTime:0.0402s ]
SQL: SHOW COLUMNS FROM `song` [ RunTime:0.0252s ]
ERR: 1054:Unknown column '表单一' in 'where clause'
 [ SQL语句 ] : SELECT * FROM `songlist` WHERE ( name=表单一 ) 
ERR: 1054:Unknown column '表单一' in 'where clause'
 [ SQL语句 ] : SELECT * FROM `songlist` WHERE ( name=表单一 ) 

[ 2020-06-20T12:22:05+08:00 ] ::1 /gitPhp/index.php
INFO: [ app_init ] --START--
INFO: Run Behavior\BuildLiteBehavior [ RunTime:0.000031s ]
INFO: [ app_init ] --END-- [ RunTime:0.032246s ]
INFO: [ app_begin ] --START--
INFO: Run Behavior\ReadHtmlCacheBehavior [ RunTime:0.033656s ]
INFO: [ app_begin ] --END-- [ RunTime:0.033855s ]
SQL: SHOW COLUMNS FROM `loop` [ RunTime:0.0319s ]
SQL: SELECT * FROM `loop` WHERE ( id = 1 ) LIMIT 1   [ RunTime:0.0005s ]
SQL: SHOW COLUMNS FROM `songlist` [ RunTime:0.0254s ]
SQL: SHOW COLUMNS FROM `song` [ RunTime:0.0162s ]
ERR: 1054:Unknown column '歌单一' in 'where clause'
 [ SQL语句 ] : SELECT * FROM `songlist` WHERE ( name=歌单一 ) 
ERR: 1054:Unknown column '歌单一' in 'where clause'
 [ SQL语句 ] : SELECT * FROM `songlist` WHERE ( name=歌单一 ) 

[ 2020-06-20T12:23:03+08:00 ] ::1 /gitPhp/index.php
INFO: [ app_init ] --START--
INFO: Run Behavior\BuildLiteBehavior [ RunTime:0.000030s ]
INFO: [ app_init ] --END-- [ RunTime:0.000671s ]
INFO: [ app_begin ] --START--
INFO: Run Behavior\ReadHtmlCacheBehavior [ RunTime:0.001202s ]
INFO: [ app_begin ] --END-- [ RunTime:0.001297s ]
SQL: SHOW COLUMNS FROM `loop` [ RunTime:0.0489s ]
SQL: SELECT * FROM `loop` WHERE ( id = 1 ) LIMIT 1   [ RunTime:0.0006s ]
SQL: SHOW COLUMNS FROM `songlist` [ RunTime:0.0335s ]
SQL: SHOW COLUMNS FROM `song` [ RunTime:0.0364s ]
ERR: 1054:Unknown column 'category' in 'where clause'
 [ SQL语句 ] : SELECT * FROM `songlist` WHERE ( category=每日推荐 ) 
ERR: 1054:Unknown column 'category' in 'where clause'
 [ SQL语句 ] : SELECT * FROM `songlist` WHERE ( category=每日推荐 ) 

[ 2020-06-20T12:23:31+08:00 ] ::1 /gitPhp/index.php
INFO: [ app_init ] --START--
INFO: Run Behavior\BuildLiteBehavior [ RunTime:0.000018s ]
INFO: [ app_init ] --END-- [ RunTime:0.000434s ]
INFO: [ app_begin ] --START--
INFO: Run Behavior\ReadHtmlCacheBehavior [ RunTime:0.001579s ]
INFO: [ app_begin ] --END-- [ RunTime:0.001766s ]
SQL: SHOW COLUMNS FROM `loop` [ RunTime:0.0626s ]
SQL: SELECT * FROM `loop` WHERE ( id = 1 ) LIMIT 1   [ RunTime:0.0007s ]
SQL: SHOW COLUMNS FROM `songlist` [ RunTime:0.0293s ]
SQL: SHOW COLUMNS FROM `song` [ RunTime:0.0322s ]
ERR: 1054:Unknown column 'category' in 'where clause'
 [ SQL语句 ] : SELECT * FROM `songlist` WHERE ( category=每日推荐 ) 
ERR: 1054:Unknown column 'category' in 'where clause'
 [ SQL语句 ] : SELECT * FROM `songlist` WHERE ( category=每日推荐 ) 

[ 2020-06-20T12:23:40+08:00 ] ::1 /gitPhp/index.php
INFO: [ app_init ] --START--
INFO: Run Behavior\BuildLiteBehavior [ RunTime:0.000073s ]
INFO: [ app_init ] --END-- [ RunTime:0.000863s ]
INFO: [ app_begin ] --START--
INFO: Run Behavior\ReadHtmlCacheBehavior [ RunTime:0.002016s ]
INFO: [ app_begin ] --END-- [ RunTime:0.002193s ]

[ 2020-06-20T12:23:41+08:00 ] ::1 /gitPhp/index.php
INFO: [ app_init ] --START--
INFO: Run Behavior\BuildLiteBehavior [ RunTime:0.000030s ]
INFO: [ app_init ] --END-- [ RunTime:0.000888s ]
INFO: [ app_begin ] --START--
INFO: Run Behavior\ReadHtmlCacheBehavior [ RunTime:0.001239s ]
INFO: [ app_begin ] --END-- [ RunTime:0.001344s ]

[ 2020-06-20T12:23:51+08:00 ] ::1 /gitPhp/index.php
INFO: [ app_init ] --START--
INFO: Run Behavior\BuildLiteBehavior [ RunTime:0.000029s ]
INFO: [ app_init ] --END-- [ RunTime:0.000609s ]
INFO: [ app_begin ] --START--
INFO: Run Behavior\ReadHtmlCacheBehavior [ RunTime:0.002997s ]
INFO: [ app_begin ] --END-- [ RunTime:0.003114s ]
SQL: SHOW COLUMNS FROM `loop` [ RunTime:0.0526s ]
SQL: SELECT * FROM `loop` WHERE ( id = 1 ) LIMIT 1   [ RunTime:0.0008s ]
SQL: SHOW COLUMNS FROM `songlist` [ RunTime:0.0320s ]
SQL: SHOW COLUMNS FROM `song` [ RunTime:0.0327s ]
SQL: SELECT * FROM `songlist`  [ RunTime:0.0010s ]
INFO: [ app_end ] --START--
INFO: Run Behavior\ShowPageTraceBehavior [ RunTime:0.081533s ]
INFO: [ app_end ] --END-- [ RunTime:0.081829s ]

[ 2020-06-20T12:24:27+08:00 ] ::1 /gitPhp/index.php
INFO: [ app_init ] --START--
INFO: Run Behavior\BuildLiteBehavior [ RunTime:0.000031s ]
INFO: [ app_init ] --END-- [ RunTime:0.001932s ]
INFO: [ app_begin ] --START--
INFO: Run Behavior\ReadHtmlCacheBehavior [ RunTime:0.000783s ]
INFO: [ app_begin ] --END-- [ RunTime:0.000858s ]
SQL: SHOW COLUMNS FROM `loop` [ RunTime:0.0569s ]
SQL: SELECT * FROM `loop` WHERE ( id = 1 ) LIMIT 1   [ RunTime:0.0008s ]
SQL: SHOW COLUMNS FROM `songlist` [ RunTime:0.0365s ]
SQL: SHOW COLUMNS FROM `song` [ RunTime:0.0347s ]
SQL: SELECT * FROM `songlist` WHERE ( song_id = 1 )  [ RunTime:0.0012s ]
INFO: [ app_end ] --START--
INFO: Run Behavior\ShowPageTraceBehavior [ RunTime:0.003407s ]
INFO: [ app_end ] --END-- [ RunTime:0.003646s ]

[ 2020-06-20T12:25:47+08:00 ] ::1 /gitPhp/index.php
INFO: [ app_init ] --START--
INFO: Run Behavior\BuildLiteBehavior [ RunTime:0.000030s ]
INFO: [ app_init ] --END-- [ RunTime:0.000617s ]
INFO: [ app_begin ] --START--
INFO: Run Behavior\ReadHtmlCacheBehavior [ RunTime:0.001317s ]
INFO: [ app_begin ] --END-- [ RunTime:0.001446s ]
SQL: SHOW COLUMNS FROM `loop` [ RunTime:0.0390s ]
SQL: SELECT * FROM `loop` WHERE ( id = 1 ) LIMIT 1   [ RunTime:0.0004s ]
SQL: SHOW COLUMNS FROM `songlist` [ RunTime:0.0234s ]
SQL: SHOW COLUMNS FROM `song` [ RunTime:0.0145s ]
ERR: 1054:Unknown column '稻香' in 'where clause'
 [ SQL语句 ] : SELECT * FROM `song` WHERE ( name = 稻香 ) 
ERR: 1054:Unknown column '稻香' in 'where clause'
 [ SQL语句 ] : SELECT * FROM `song` WHERE ( name = 稻香 ) 

[ 2020-06-20T12:26:27+08:00 ] ::1 /gitPhp/index.php
INFO: [ app_init ] --START--
INFO: Run Behavior\BuildLiteBehavior [ RunTime:0.000014s ]
INFO: [ app_init ] --END-- [ RunTime:0.000355s ]
INFO: [ app_begin ] --START--
INFO: Run Behavior\ReadHtmlCacheBehavior [ RunTime:0.000806s ]
INFO: [ app_begin ] --END-- [ RunTime:0.000915s ]
SQL: SHOW COLUMNS FROM `loop` [ RunTime:0.0548s ]
SQL: SELECT * FROM `loop` WHERE ( id = 1 ) LIMIT 1   [ RunTime:0.0007s ]
SQL: SHOW COLUMNS FROM `songlist` [ RunTime:0.0376s ]
SQL: SHOW COLUMNS FROM `song` [ RunTime:0.0315s ]
SQL: SELECT * FROM `song` WHERE ( name = '稻香'  )  [ RunTime:0.0428s ]
INFO: [ app_end ] --START--
INFO: Run Behavior\ShowPageTraceBehavior [ RunTime:0.003264s ]
INFO: [ app_end ] --END-- [ RunTime:0.003651s ]

[ 2020-06-20T12:27:41+08:00 ] ::1 /gitPhp/index.php
INFO: [ app_init ] --START--
INFO: Run Behavior\BuildLiteBehavior [ RunTime:0.000037s ]
INFO: [ app_init ] --END-- [ RunTime:0.000738s ]
INFO: [ app_begin ] --START--
INFO: Run Behavior\ReadHtmlCacheBehavior [ RunTime:0.003387s ]
INFO: [ app_begin ] --END-- [ RunTime:0.003504s ]
SQL: SHOW COLUMNS FROM `loop` [ RunTime:0.0513s ]
SQL: SELECT * FROM `loop` WHERE ( id = 1 ) LIMIT 1   [ RunTime:0.0005s ]
SQL: SHOW COLUMNS FROM `songlist` [ RunTime:0.0203s ]
SQL: SHOW COLUMNS FROM `song` [ RunTime:0.0181s ]
SQL: SELECT * FROM `songlist` WHERE ( name = '歌单一'  )  [ RunTime:0.0007s ]
INFO: [ app_end ] --START--
INFO: Run Behavior\ShowPageTraceBehavior [ RunTime:0.002687s ]
INFO: [ app_end ] --END-- [ RunTime:0.002929s ]

[ 2020-06-20T12:28:35+08:00 ] ::1 /gitPhp/index.php
INFO: [ app_init ] --START--
INFO: Run Behavior\BuildLiteBehavior [ RunTime:0.000032s ]
INFO: [ app_init ] --END-- [ RunTime:0.000633s ]
INFO: [ app_begin ] --START--
INFO: Run Behavior\ReadHtmlCacheBehavior [ RunTime:0.002447s ]
INFO: [ app_begin ] --END-- [ RunTime:0.002715s ]
SQL: SHOW COLUMNS FROM `loop` [ RunTime:0.0488s ]
SQL: SELECT * FROM `loop` WHERE ( id = 1 ) LIMIT 1   [ RunTime:0.0008s ]
SQL: SHOW COLUMNS FROM `songlist` [ RunTime:0.0292s ]
SQL: SHOW COLUMNS FROM `song` [ RunTime:0.0288s ]
SQL: SELECT * FROM `songlist` WHERE ( name = '歌单一'  )  [ RunTime:0.0008s ]
NOTIC: [2] Invalid argument supplied for foreach() E:\phpStudy\WWW\gitPhp\ThinkPHP\Library\Think\Db\Driver.class.php 第 504 行.
SQL: SELECT * FROM `song` LIMIT 1   [ RunTime:0.0008s ]
NOTIC: [2] Invalid argument supplied for foreach() E:\phpStudy\WWW\gitPhp\ThinkPHP\Library\Think\Db\Driver.class.php 第 504 行.
SQL: SELECT * FROM `song` LIMIT 1   [ RunTime:0.0008s ]
NOTIC: [2] Invalid argument supplied for foreach() E:\phpStudy\WWW\gitPhp\ThinkPHP\Library\Think\Db\Driver.class.php 第 504 行.
SQL: SELECT * FROM `song` LIMIT 1   [ RunTime:0.0005s ]
NOTIC: [2] Invalid argument supplied for foreach() E:\phpStudy\WWW\gitPhp\ThinkPHP\Library\Think\Db\Driver.class.php 第 504 行.
SQL: SELECT * FROM `song` LIMIT 1   [ RunTime:0.0005s ]
NOTIC: [2] Invalid argument supplied for foreach() E:\phpStudy\WWW\gitPhp\ThinkPHP\Library\Think\Db\Driver.class.php 第 504 行.
SQL: SELECT * FROM `song` LIMIT 1   [ RunTime:0.0005s ]
NOTIC: [2] Invalid argument supplied for foreach() E:\phpStudy\WWW\gitPhp\ThinkPHP\Library\Think\Db\Driver.class.php 第 504 行.
SQL: SELECT * FROM `song` LIMIT 1   [ RunTime:0.0005s ]
INFO: [ app_end ] --START--
INFO: Run Behavior\ShowPageTraceBehavior [ RunTime:0.003338s ]
INFO: [ app_end ] --END-- [ RunTime:0.003651s ]

[ 2020-06-20T12:29:11+08:00 ] ::1 /gitPhp/index.php
INFO: [ app_init ] --START--
INFO: Run Behavior\BuildLiteBehavior [ RunTime:0.000028s ]
INFO: [ app_init ] --END-- [ RunTime:0.000498s ]
INFO: [ app_begin ] --START--
INFO: Run Behavior\ReadHtmlCacheBehavior [ RunTime:0.000797s ]
INFO: [ app_begin ] --END-- [ RunTime:0.000889s ]
SQL: SHOW COLUMNS FROM `loop` [ RunTime:0.0396s ]
SQL: SELECT * FROM `loop` WHERE ( id = 1 ) LIMIT 1   [ RunTime:0.0005s ]
SQL: SHOW COLUMNS FROM `songlist` [ RunTime:0.0191s ]
SQL: SHOW COLUMNS FROM `song` [ RunTime:0.0189s ]
SQL: SELECT * FROM `songlist` WHERE ( name = '歌单一'  )  [ RunTime:0.0004s ]
NOTIC: [2] Invalid argument supplied for foreach() E:\phpStudy\WWW\gitPhp\ThinkPHP\Library\Think\Db\Driver.class.php 第 504 行.
SQL: SELECT * FROM `song` LIMIT 1   [ RunTime:0.0005s ]
NOTIC: [2] Invalid argument supplied for foreach() E:\phpStudy\WWW\gitPhp\ThinkPHP\Library\Think\Db\Driver.class.php 第 504 行.
SQL: SELECT * FROM `song` LIMIT 1   [ RunTime:0.0004s ]
NOTIC: [2] Invalid argument supplied for foreach() E:\phpStudy\WWW\gitPhp\ThinkPHP\Library\Think\Db\Driver.class.php 第 504 行.
SQL: SELECT * FROM `song` LIMIT 1   [ RunTime:0.0004s ]
NOTIC: [2] Invalid argument supplied for foreach() E:\phpStudy\WWW\gitPhp\ThinkPHP\Library\Think\Db\Driver.class.php 第 504 行.
SQL: SELECT * FROM `song` LIMIT 1   [ RunTime:0.0004s ]
NOTIC: [2] Invalid argument supplied for foreach() E:\phpStudy\WWW\gitPhp\ThinkPHP\Library\Think\Db\Driver.class.php 第 504 行.
SQL: SELECT * FROM `song` LIMIT 1   [ RunTime:0.0003s ]
NOTIC: [2] Invalid argument supplied for foreach() E:\phpStudy\WWW\gitPhp\ThinkPHP\Library\Think\Db\Driver.class.php 第 504 行.
SQL: SELECT * FROM `song` LIMIT 1   [ RunTime:0.0003s ]
INFO: [ app_end ] --START--
INFO: Run Behavior\ShowPageTraceBehavior [ RunTime:0.001401s ]
INFO: [ app_end ] --END-- [ RunTime:0.001562s ]

[ 2020-06-20T12:30:20+08:00 ] ::1 /gitPhp/index.php
INFO: [ app_init ] --START--
INFO: Run Behavior\BuildLiteBehavior [ RunTime:0.000028s ]
INFO: [ app_init ] --END-- [ RunTime:0.000841s ]
INFO: [ app_begin ] --START--
INFO: Run Behavior\ReadHtmlCacheBehavior [ RunTime:0.001527s ]
INFO: [ app_begin ] --END-- [ RunTime:0.001743s ]
SQL: SHOW COLUMNS FROM `loop` [ RunTime:0.0447s ]
SQL: SELECT * FROM `loop` WHERE ( id = 1 ) LIMIT 1   [ RunTime:0.0006s ]
SQL: SHOW COLUMNS FROM `songlist` [ RunTime:0.0282s ]
SQL: SHOW COLUMNS FROM `song` [ RunTime:0.0281s ]
SQL: SELECT * FROM `songlist` WHERE ( name = '歌单一'  )  [ RunTime:0.0007s ]
NOTIC: [2] Invalid argument supplied for foreach() E:\phpStudy\WWW\gitPhp\ThinkPHP\Library\Think\Db\Driver.class.php 第 504 行.
SQL: SELECT * FROM `song` LIMIT 1   [ RunTime:0.0005s ]
NOTIC: [2] Invalid argument supplied for foreach() E:\phpStudy\WWW\gitPhp\ThinkPHP\Library\Think\Db\Driver.class.php 第 504 行.
SQL: SELECT * FROM `song` LIMIT 1   [ RunTime:0.0005s ]
NOTIC: [2] Invalid argument supplied for foreach() E:\phpStudy\WWW\gitPhp\ThinkPHP\Library\Think\Db\Driver.class.php 第 504 行.
SQL: SELECT * FROM `song` LIMIT 1   [ RunTime:0.0005s ]
NOTIC: [2] Invalid argument supplied for foreach() E:\phpStudy\WWW\gitPhp\ThinkPHP\Library\Think\Db\Driver.class.php 第 504 行.
SQL: SELECT * FROM `song` LIMIT 1   [ RunTime:0.0005s ]
NOTIC: [2] Invalid argument supplied for foreach() E:\phpStudy\WWW\gitPhp\ThinkPHP\Library\Think\Db\Driver.class.php 第 504 行.
SQL: SELECT * FROM `song` LIMIT 1   [ RunTime:0.0007s ]
NOTIC: [2] Invalid argument supplied for foreach() E:\phpStudy\WWW\gitPhp\ThinkPHP\Library\Think\Db\Driver.class.php 第 504 行.
SQL: SELECT * FROM `song` LIMIT 1   [ RunTime:0.0006s ]
INFO: [ app_end ] --START--
INFO: Run Behavior\ShowPageTraceBehavior [ RunTime:0.002994s ]
INFO: [ app_end ] --END-- [ RunTime:0.003268s ]

[ 2020-06-20T12:30:59+08:00 ] ::1 /gitPhp/index.php
INFO: [ app_init ] --START--
INFO: Run Behavior\BuildLiteBehavior [ RunTime:0.000025s ]
INFO: [ app_init ] --END-- [ RunTime:0.000550s ]
INFO: [ app_begin ] --START--
INFO: Run Behavior\ReadHtmlCacheBehavior [ RunTime:0.000796s ]
INFO: [ app_begin ] --END-- [ RunTime:0.000871s ]
SQL: SHOW COLUMNS FROM `loop` [ RunTime:0.0566s ]
SQL: SELECT * FROM `loop` WHERE ( id = 1 ) LIMIT 1   [ RunTime:0.0007s ]
SQL: SHOW COLUMNS FROM `songlist` [ RunTime:0.0419s ]
SQL: SHOW COLUMNS FROM `song` [ RunTime:0.0316s ]
SQL: SELECT * FROM `songlist` WHERE ( name = '歌单一'  )  [ RunTime:0.0007s ]
NOTIC: [2] Invalid argument supplied for foreach() E:\phpStudy\WWW\gitPhp\ThinkPHP\Library\Think\Db\Driver.class.php 第 504 行.
SQL: SELECT * FROM `song` LIMIT 1   [ RunTime:0.0007s ]
NOTIC: [2] Invalid argument supplied for foreach() E:\phpStudy\WWW\gitPhp\ThinkPHP\Library\Think\Db\Driver.class.php 第 504 行.
SQL: SELECT * FROM `song` LIMIT 1   [ RunTime:0.0006s ]
NOTIC: [2] Invalid argument supplied for foreach() E:\phpStudy\WWW\gitPhp\ThinkPHP\Library\Think\Db\Driver.class.php 第 504 行.
SQL: SELECT * FROM `song` LIMIT 1   [ RunTime:0.0005s ]
NOTIC: [2] Invalid argument supplied for foreach() E:\phpStudy\WWW\gitPhp\ThinkPHP\Library\Think\Db\Driver.class.php 第 504 行.
SQL: SELECT * FROM `song` LIMIT 1   [ RunTime:0.0006s ]
NOTIC: [2] Invalid argument supplied for foreach() E:\phpStudy\WWW\gitPhp\ThinkPHP\Library\Think\Db\Driver.class.php 第 504 行.
SQL: SELECT * FROM `song` LIMIT 1   [ RunTime:0.0005s ]
NOTIC: [2] Invalid argument supplied for foreach() E:\phpStudy\WWW\gitPhp\ThinkPHP\Library\Think\Db\Driver.class.php 第 504 行.
SQL: SELECT * FROM `song` LIMIT 1   [ RunTime:0.0005s ]
INFO: [ app_end ] --START--
INFO: Run Behavior\ShowPageTraceBehavior [ RunTime:0.003842s ]
INFO: [ app_end ] --END-- [ RunTime:0.004148s ]

[ 2020-06-20T12:31:45+08:00 ] ::1 /gitPhp/index.php
INFO: [ app_init ] --START--
INFO: Run Behavior\BuildLiteBehavior [ RunTime:0.000016s ]
INFO: [ app_init ] --END-- [ RunTime:0.000597s ]
INFO: [ app_begin ] --START--
INFO: Run Behavior\ReadHtmlCacheBehavior [ RunTime:0.001063s ]
INFO: [ app_begin ] --END-- [ RunTime:0.001158s ]
SQL: SHOW COLUMNS FROM `loop` [ RunTime:0.0605s ]
SQL: SELECT * FROM `loop` WHERE ( id = 1 ) LIMIT 1   [ RunTime:0.0008s ]
SQL: SHOW COLUMNS FROM `songlist` [ RunTime:0.0490s ]
SQL: SHOW COLUMNS FROM `song` [ RunTime:0.0297s ]
SQL: SELECT * FROM `songlist` WHERE ( name = '歌单一'  )  [ RunTime:0.0010s ]
NOTIC: [2] Invalid argument supplied for foreach() E:\phpStudy\WWW\gitPhp\ThinkPHP\Library\Think\Db\Driver.class.php 第 504 行.
SQL: SELECT * FROM `song` LIMIT 1   [ RunTime:0.0007s ]
NOTIC: [2] Invalid argument supplied for foreach() E:\phpStudy\WWW\gitPhp\ThinkPHP\Library\Think\Db\Driver.class.php 第 504 行.
SQL: SELECT * FROM `song` LIMIT 1   [ RunTime:0.0005s ]
NOTIC: [2] Invalid argument supplied for foreach() E:\phpStudy\WWW\gitPhp\ThinkPHP\Library\Think\Db\Driver.class.php 第 504 行.
SQL: SELECT * FROM `song` LIMIT 1   [ RunTime:0.0005s ]
NOTIC: [2] Invalid argument supplied for foreach() E:\phpStudy\WWW\gitPhp\ThinkPHP\Library\Think\Db\Driver.class.php 第 504 行.
SQL: SELECT * FROM `song` LIMIT 1   [ RunTime:0.0007s ]
NOTIC: [2] Invalid argument supplied for foreach() E:\phpStudy\WWW\gitPhp\ThinkPHP\Library\Think\Db\Driver.class.php 第 504 行.
SQL: SELECT * FROM `song` LIMIT 1   [ RunTime:0.0006s ]
NOTIC: [2] Invalid argument supplied for foreach() E:\phpStudy\WWW\gitPhp\ThinkPHP\Library\Think\Db\Driver.class.php 第 504 行.
SQL: SELECT * FROM `song` LIMIT 1   [ RunTime:0.0005s ]
INFO: [ app_end ] --START--
INFO: Run Behavior\ShowPageTraceBehavior [ RunTime:0.002244s ]
INFO: [ app_end ] --END-- [ RunTime:0.002401s ]

[ 2020-06-20T12:32:32+08:00 ] ::1 /gitPhp/index.php
INFO: [ app_init ] --START--
INFO: Run Behavior\BuildLiteBehavior [ RunTime:0.000026s ]
INFO: [ app_init ] --END-- [ RunTime:0.000650s ]
INFO: [ app_begin ] --START--
INFO: Run Behavior\ReadHtmlCacheBehavior [ RunTime:0.001009s ]
INFO: [ app_begin ] --END-- [ RunTime:0.001095s ]
SQL: SHOW COLUMNS FROM `loop` [ RunTime:0.0573s ]
SQL: SELECT * FROM `loop` WHERE ( id = 1 ) LIMIT 1   [ RunTime:0.0007s ]
SQL: SHOW COLUMNS FROM `songlist` [ RunTime:0.0326s ]
SQL: SHOW COLUMNS FROM `song` [ RunTime:0.0306s ]
SQL: SELECT * FROM `songlist` WHERE ( name = '歌单一'  )  [ RunTime:0.0010s ]
NOTIC: [2] Invalid argument supplied for foreach() E:\phpStudy\WWW\gitPhp\ThinkPHP\Library\Think\Db\Driver.class.php 第 504 行.
SQL: SELECT * FROM `song` LIMIT 1   [ RunTime:0.0008s ]
NOTIC: [2] Invalid argument supplied for foreach() E:\phpStudy\WWW\gitPhp\ThinkPHP\Library\Think\Db\Driver.class.php 第 504 行.
SQL: SELECT * FROM `song` LIMIT 1   [ RunTime:0.0008s ]
NOTIC: [2] Invalid argument supplied for foreach() E:\phpStudy\WWW\gitPhp\ThinkPHP\Library\Think\Db\Driver.class.php 第 504 行.
SQL: SELECT * FROM `song` LIMIT 1   [ RunTime:0.0008s ]
NOTIC: [2] Invalid argument supplied for foreach() E:\phpStudy\WWW\gitPhp\ThinkPHP\Library\Think\Db\Driver.class.php 第 504 行.
SQL: SELECT * FROM `song` LIMIT 1   [ RunTime:0.0007s ]
NOTIC: [2] Invalid argument supplied for foreach() E:\phpStudy\WWW\gitPhp\ThinkPHP\Library\Think\Db\Driver.class.php 第 504 行.
SQL: SELECT * FROM `song` LIMIT 1   [ RunTime:0.0007s ]
NOTIC: [2] Invalid argument supplied for foreach() E:\phpStudy\WWW\gitPhp\ThinkPHP\Library\Think\Db\Driver.class.php 第 504 行.
SQL: SELECT * FROM `song` LIMIT 1   [ RunTime:0.0005s ]
NOTIC: [2] Invalid argument supplied for foreach() E:\phpStudy\WWW\gitPhp\ThinkPHP\Library\Think\Db\Driver.class.php 第 504 行.
SQL: SELECT * FROM `song` LIMIT 1   [ RunTime:0.0007s ]
INFO: [ app_end ] --START--
INFO: Run Behavior\ShowPageTraceBehavior [ RunTime:0.004032s ]
INFO: [ app_end ] --END-- [ RunTime:0.004287s ]

[ 2020-06-20T12:34:06+08:00 ] ::1 /gitPhp/index.php
INFO: [ app_init ] --START--
INFO: Run Behavior\BuildLiteBehavior [ RunTime:0.000027s ]
INFO: [ app_init ] --END-- [ RunTime:0.000676s ]
INFO: [ app_begin ] --START--
INFO: Run Behavior\ReadHtmlCacheBehavior [ RunTime:0.001280s ]
INFO: [ app_begin ] --END-- [ RunTime:0.001393s ]
SQL: SHOW COLUMNS FROM `loop` [ RunTime:0.0549s ]
SQL: SELECT * FROM `loop` WHERE ( id = 1 ) LIMIT 1   [ RunTime:0.0008s ]
SQL: SHOW COLUMNS FROM `songlist` [ RunTime:0.0379s ]
SQL: SHOW COLUMNS FROM `song` [ RunTime:0.0388s ]
SQL: SELECT * FROM `songlist` WHERE ( name = '歌单一'  )  [ RunTime:0.0010s ]
NOTIC: [2] Invalid argument supplied for foreach() E:\phpStudy\WWW\gitPhp\ThinkPHP\Library\Think\Db\Driver.class.php 第 504 行.
SQL: SELECT * FROM `song` LIMIT 1   [ RunTime:0.0006s ]
NOTIC: [2] Invalid argument supplied for foreach() E:\phpStudy\WWW\gitPhp\ThinkPHP\Library\Think\Db\Driver.class.php 第 504 行.
SQL: SELECT * FROM `song` LIMIT 1   [ RunTime:0.0005s ]
NOTIC: [2] Invalid argument supplied for foreach() E:\phpStudy\WWW\gitPhp\ThinkPHP\Library\Think\Db\Driver.class.php 第 504 行.
SQL: SELECT * FROM `song` LIMIT 1   [ RunTime:0.0005s ]
NOTIC: [2] Invalid argument supplied for foreach() E:\phpStudy\WWW\gitPhp\ThinkPHP\Library\Think\Db\Driver.class.php 第 504 行.
SQL: SELECT * FROM `song` LIMIT 1   [ RunTime:0.0008s ]
NOTIC: [2] Invalid argument supplied for foreach() E:\phpStudy\WWW\gitPhp\ThinkPHP\Library\Think\Db\Driver.class.php 第 504 行.
SQL: SELECT * FROM `song` LIMIT 1   [ RunTime:0.0008s ]
NOTIC: [2] Invalid argument supplied for foreach() E:\phpStudy\WWW\gitPhp\ThinkPHP\Library\Think\Db\Driver.class.php 第 504 行.
SQL: SELECT * FROM `song` LIMIT 1   [ RunTime:0.0007s ]
NOTIC: [2] Invalid argument supplied for foreach() E:\phpStudy\WWW\gitPhp\ThinkPHP\Library\Think\Db\Driver.class.php 第 504 行.
SQL: SELECT * FROM `song` LIMIT 1   [ RunTime:0.0006s ]
INFO: [ app_end ] --START--
INFO: Run Behavior\ShowPageTraceBehavior [ RunTime:0.004549s ]
INFO: [ app_end ] --END-- [ RunTime:0.004950s ]

[ 2020-06-20T12:35:02+08:00 ] ::1 /gitPhp/index.php
INFO: [ app_init ] --START--
INFO: Run Behavior\BuildLiteBehavior [ RunTime:0.000033s ]
INFO: [ app_init ] --END-- [ RunTime:0.000655s ]
INFO: [ app_begin ] --START--
INFO: Run Behavior\ReadHtmlCacheBehavior [ RunTime:0.001397s ]
INFO: [ app_begin ] --END-- [ RunTime:0.001563s ]
SQL: SHOW COLUMNS FROM `loop` [ RunTime:0.0543s ]
SQL: SELECT * FROM `loop` WHERE ( id = 1 ) LIMIT 1   [ RunTime:0.0006s ]
SQL: SHOW COLUMNS FROM `songlist` [ RunTime:0.0319s ]
SQL: SHOW COLUMNS FROM `song` [ RunTime:0.0338s ]
SQL: SELECT * FROM `songlist` WHERE ( name = '歌单一'  )  [ RunTime:0.0008s ]
NOTIC: [2] Invalid argument supplied for foreach() E:\phpStudy\WWW\gitPhp\ThinkPHP\Library\Think\Db\Driver.class.php 第 504 行.
SQL: SELECT * FROM `song` LIMIT 1   [ RunTime:0.0007s ]
NOTIC: [8] Use of undefined constant song_id - assumed 'song_id' E:\phpStudy\WWW\gitPhp\Application\Home\Controller\IndexController.class.php 第 24 行.
NOTIC: [2] Invalid argument supplied for foreach() E:\phpStudy\WWW\gitPhp\ThinkPHP\Library\Think\Db\Driver.class.php 第 504 行.
SQL: SELECT * FROM `song` LIMIT 1   [ RunTime:0.0006s ]
NOTIC: [8] Use of undefined constant song_id - assumed 'song_id' E:\phpStudy\WWW\gitPhp\Application\Home\Controller\IndexController.class.php 第 24 行.
NOTIC: [2] Invalid argument supplied for foreach() E:\phpStudy\WWW\gitPhp\ThinkPHP\Library\Think\Db\Driver.class.php 第 504 行.
SQL: SELECT * FROM `song` LIMIT 1   [ RunTime:0.0006s ]
NOTIC: [8] Use of undefined constant song_id - assumed 'song_id' E:\phpStudy\WWW\gitPhp\Application\Home\Controller\IndexController.class.php 第 24 行.
NOTIC: [2] Invalid argument supplied for foreach() E:\phpStudy\WWW\gitPhp\ThinkPHP\Library\Think\Db\Driver.class.php 第 504 行.
SQL: SELECT * FROM `song` LIMIT 1   [ RunTime:0.0006s ]
NOTIC: [8] Use of undefined constant song_id - assumed 'song_id' E:\phpStudy\WWW\gitPhp\Application\Home\Controller\IndexController.class.php 第 24 行.
NOTIC: [2] Invalid argument supplied for foreach() E:\phpStudy\WWW\gitPhp\ThinkPHP\Library\Think\Db\Driver.class.php 第 504 行.
SQL: SELECT * FROM `song` LIMIT 1   [ RunTime:0.0008s ]
NOTIC: [8] Use of undefined constant song_id - assumed 'song_id' E:\phpStudy\WWW\gitPhp\Application\Home\Controller\IndexController.class.php 第 24 行.
NOTIC: [2] Invalid argument supplied for foreach() E:\phpStudy\WWW\gitPhp\ThinkPHP\Library\Think\Db\Driver.class.php 第 504 行.
SQL: SELECT * FROM `song` LIMIT 1   [ RunTime:0.0004s ]
NOTIC: [8] Use of undefined constant song_id - assumed 'song_id' E:\phpStudy\WWW\gitPhp\Application\Home\Controller\IndexController.class.php 第 24 行.
NOTIC: [2] Invalid argument supplied for foreach() E:\phpStudy\WWW\gitPhp\ThinkPHP\Library\Think\Db\Driver.class.php 第 504 行.
SQL: SELECT * FROM `song` LIMIT 1   [ RunTime:0.0003s ]
NOTIC: [8] Use of undefined constant song_id - assumed 'song_id' E:\phpStudy\WWW\gitPhp\Application\Home\Controller\IndexController.class.php 第 24 行.
INFO: [ app_end ] --START--
INFO: Run Behavior\ShowPageTraceBehavior [ RunTime:0.001948s ]
INFO: [ app_end ] --END-- [ RunTime:0.002108s ]

[ 2020-06-20T12:35:15+08:00 ] ::1 /gitPhp/index.php
INFO: [ app_init ] --START--
INFO: Run Behavior\BuildLiteBehavior [ RunTime:0.000024s ]
INFO: [ app_init ] --END-- [ RunTime:0.000542s ]
INFO: [ app_begin ] --START--
INFO: Run Behavior\ReadHtmlCacheBehavior [ RunTime:0.001058s ]
INFO: [ app_begin ] --END-- [ RunTime:0.001208s ]
SQL: SHOW COLUMNS FROM `loop` [ RunTime:0.0364s ]
SQL: SELECT * FROM `loop` WHERE ( id = 1 ) LIMIT 1   [ RunTime:0.0003s ]
SQL: SHOW COLUMNS FROM `songlist` [ RunTime:0.0146s ]
SQL: SHOW COLUMNS FROM `song` [ RunTime:0.0170s ]
SQL: SELECT * FROM `songlist` WHERE ( name = '歌单一'  )  [ RunTime:0.0004s ]
NOTIC: [2] Invalid argument supplied for foreach() E:\phpStudy\WWW\gitPhp\ThinkPHP\Library\Think\Db\Driver.class.php 第 504 行.
SQL: SELECT * FROM `song` LIMIT 1   [ RunTime:0.0004s ]
NOTIC: [8] Undefined offset: 0 E:\phpStudy\WWW\gitPhp\Application\Home\Controller\IndexController.class.php 第 24 行.
NOTIC: [2] Invalid argument supplied for foreach() E:\phpStudy\WWW\gitPhp\ThinkPHP\Library\Think\Db\Driver.class.php 第 504 行.
SQL: SELECT * FROM `song` LIMIT 1   [ RunTime:0.0003s ]
NOTIC: [8] Undefined offset: 0 E:\phpStudy\WWW\gitPhp\Application\Home\Controller\IndexController.class.php 第 24 行.
NOTIC: [2] Invalid argument supplied for foreach() E:\phpStudy\WWW\gitPhp\ThinkPHP\Library\Think\Db\Driver.class.php 第 504 行.
SQL: SELECT * FROM `song` LIMIT 1   [ RunTime:0.0003s ]
NOTIC: [8] Undefined offset: 0 E:\phpStudy\WWW\gitPhp\Application\Home\Controller\IndexController.class.php 第 24 行.
NOTIC: [2] Invalid argument supplied for foreach() E:\phpStudy\WWW\gitPhp\ThinkPHP\Library\Think\Db\Driver.class.php 第 504 行.
SQL: SELECT * FROM `song` LIMIT 1   [ RunTime:0.0002s ]
NOTIC: [8] Undefined offset: 0 E:\phpStudy\WWW\gitPhp\Application\Home\Controller\IndexController.class.php 第 24 行.
NOTIC: [2] Invalid argument supplied for foreach() E:\phpStudy\WWW\gitPhp\ThinkPHP\Library\Think\Db\Driver.class.php 第 504 行.
SQL: SELECT * FROM `song` LIMIT 1   [ RunTime:0.0002s ]
NOTIC: [8] Undefined offset: 0 E:\phpStudy\WWW\gitPhp\Application\Home\Controller\IndexController.class.php 第 24 行.
NOTIC: [2] Invalid argument supplied for foreach() E:\phpStudy\WWW\gitPhp\ThinkPHP\Library\Think\Db\Driver.class.php 第 504 行.
SQL: SELECT * FROM `song` LIMIT 1   [ RunTime:0.0002s ]
NOTIC: [8] Undefined offset: 0 E:\phpStudy\WWW\gitPhp\Application\Home\Controller\IndexController.class.php 第 24 行.
NOTIC: [2] Invalid argument supplied for foreach() E:\phpStudy\WWW\gitPhp\ThinkPHP\Library\Think\Db\Driver.class.php 第 504 行.
SQL: SELECT * FROM `song` LIMIT 1   [ RunTime:0.0004s ]
NOTIC: [8] Undefined offset: 0 E:\phpStudy\WWW\gitPhp\Application\Home\Controller\IndexController.class.php 第 24 行.
INFO: [ app_end ] --START--
INFO: Run Behavior\ShowPageTraceBehavior [ RunTime:0.001245s ]
INFO: [ app_end ] --END-- [ RunTime:0.001360s ]

[ 2020-06-20T12:35:55+08:00 ] ::1 /gitPhp/index.php
INFO: [ app_init ] --START--
INFO: Run Behavior\BuildLiteBehavior [ RunTime:0.000060s ]
INFO: [ app_init ] --END-- [ RunTime:0.001112s ]
INFO: [ app_begin ] --START--
INFO: Run Behavior\ReadHtmlCacheBehavior [ RunTime:0.003742s ]
INFO: [ app_begin ] --END-- [ RunTime:0.003986s ]
SQL: SHOW COLUMNS FROM `loop` [ RunTime:0.0563s ]
SQL: SELECT * FROM `loop` WHERE ( id = 1 ) LIMIT 1   [ RunTime:0.0007s ]
SQL: SHOW COLUMNS FROM `songlist` [ RunTime:0.0365s ]
SQL: SHOW COLUMNS FROM `song` [ RunTime:0.0451s ]
SQL: SELECT * FROM `songlist` WHERE ( name = '歌单一'  )  [ RunTime:0.0012s ]
NOTIC: [2] Invalid argument supplied for foreach() E:\phpStudy\WWW\gitPhp\ThinkPHP\Library\Think\Db\Driver.class.php 第 504 行.
SQL: SELECT * FROM `song` LIMIT 1   [ RunTime:0.0009s ]
NOTIC: [8] Undefined offset: 0 E:\phpStudy\WWW\gitPhp\Application\Home\Controller\IndexController.class.php 第 24 行.
NOTIC: [2] Invalid argument supplied for foreach() E:\phpStudy\WWW\gitPhp\ThinkPHP\Library\Think\Db\Driver.class.php 第 504 行.
SQL: SELECT * FROM `song` LIMIT 1   [ RunTime:0.0007s ]
NOTIC: [8] Undefined offset: 0 E:\phpStudy\WWW\gitPhp\Application\Home\Controller\IndexController.class.php 第 24 行.
NOTIC: [2] Invalid argument supplied for foreach() E:\phpStudy\WWW\gitPhp\ThinkPHP\Library\Think\Db\Driver.class.php 第 504 行.
SQL: SELECT * FROM `song` LIMIT 1   [ RunTime:0.0008s ]
NOTIC: [8] Undefined offset: 0 E:\phpStudy\WWW\gitPhp\Application\Home\Controller\IndexController.class.php 第 24 行.
NOTIC: [2] Invalid argument supplied for foreach() E:\phpStudy\WWW\gitPhp\ThinkPHP\Library\Think\Db\Driver.class.php 第 504 行.
SQL: SELECT * FROM `song` LIMIT 1   [ RunTime:0.0006s ]
NOTIC: [8] Undefined offset: 0 E:\phpStudy\WWW\gitPhp\Application\Home\Controller\IndexController.class.php 第 24 行.
NOTIC: [2] Invalid argument supplied for foreach() E:\phpStudy\WWW\gitPhp\ThinkPHP\Library\Think\Db\Driver.class.php 第 504 行.
SQL: SELECT * FROM `song` LIMIT 1   [ RunTime:0.0005s ]
NOTIC: [8] Undefined offset: 0 E:\phpStudy\WWW\gitPhp\Application\Home\Controller\IndexController.class.php 第 24 行.
NOTIC: [2] Invalid argument supplied for foreach() E:\phpStudy\WWW\gitPhp\ThinkPHP\Library\Think\Db\Driver.class.php 第 504 行.
SQL: SELECT * FROM `song` LIMIT 1   [ RunTime:0.0005s ]
NOTIC: [8] Undefined offset: 0 E:\phpStudy\WWW\gitPhp\Application\Home\Controller\IndexController.class.php 第 24 行.
NOTIC: [2] Invalid argument supplied for foreach() E:\phpStudy\WWW\gitPhp\ThinkPHP\Library\Think\Db\Driver.class.php 第 504 行.
SQL: SELECT * FROM `song` LIMIT 1   [ RunTime:0.0005s ]
NOTIC: [8] Undefined offset: 0 E:\phpStudy\WWW\gitPhp\Application\Home\Controller\IndexController.class.php 第 24 行.
INFO: [ app_end ] --START--
INFO: Run Behavior\ShowPageTraceBehavior [ RunTime:0.005304s ]
INFO: [ app_end ] --END-- [ RunTime:0.005734s ]

[ 2020-06-20T12:36:09+08:00 ] ::1 /gitPhp/index.php
INFO: [ app_init ] --START--
INFO: Run Behavior\BuildLiteBehavior [ RunTime:0.000029s ]
INFO: [ app_init ] --END-- [ RunTime:0.000895s ]
INFO: [ app_begin ] --START--
INFO: Run Behavior\ReadHtmlCacheBehavior [ RunTime:0.000810s ]
INFO: [ app_begin ] --END-- [ RunTime:0.000887s ]
SQL: SHOW COLUMNS FROM `loop` [ RunTime:0.0755s ]
SQL: SELECT * FROM `loop` WHERE ( id = 1 ) LIMIT 1   [ RunTime:0.0008s ]
SQL: SHOW COLUMNS FROM `songlist` [ RunTime:0.0377s ]
SQL: SHOW COLUMNS FROM `song` [ RunTime:0.0396s ]
SQL: SELECT * FROM `songlist` WHERE ( name = '歌单一'  )  [ RunTime:0.0012s ]
NOTIC: [2] Invalid argument supplied for foreach() E:\phpStudy\WWW\gitPhp\ThinkPHP\Library\Think\Db\Driver.class.php 第 504 行.
SQL: SELECT * FROM `song` LIMIT 1   [ RunTime:0.0008s ]
NOTIC: [8] Undefined offset: 0 E:\phpStudy\WWW\gitPhp\Application\Home\Controller\IndexController.class.php 第 24 行.
NOTIC: [2] Invalid argument supplied for foreach() E:\phpStudy\WWW\gitPhp\ThinkPHP\Library\Think\Db\Driver.class.php 第 504 行.
SQL: SELECT * FROM `song` LIMIT 1   [ RunTime:0.0012s ]
NOTIC: [8] Undefined offset: 0 E:\phpStudy\WWW\gitPhp\Application\Home\Controller\IndexController.class.php 第 24 行.
NOTIC: [2] Invalid argument supplied for foreach() E:\phpStudy\WWW\gitPhp\ThinkPHP\Library\Think\Db\Driver.class.php 第 504 行.
SQL: SELECT * FROM `song` LIMIT 1   [ RunTime:0.0012s ]
NOTIC: [8] Undefined offset: 0 E:\phpStudy\WWW\gitPhp\Application\Home\Controller\IndexController.class.php 第 24 行.
NOTIC: [2] Invalid argument supplied for foreach() E:\phpStudy\WWW\gitPhp\ThinkPHP\Library\Think\Db\Driver.class.php 第 504 行.
SQL: SELECT * FROM `song` LIMIT 1   [ RunTime:0.0010s ]
NOTIC: [8] Undefined offset: 0 E:\phpStudy\WWW\gitPhp\Application\Home\Controller\IndexController.class.php 第 24 行.
NOTIC: [2] Invalid argument supplied for foreach() E:\phpStudy\WWW\gitPhp\ThinkPHP\Library\Think\Db\Driver.class.php 第 504 行.
SQL: SELECT * FROM `song` LIMIT 1   [ RunTime:0.0008s ]
NOTIC: [8] Undefined offset: 0 E:\phpStudy\WWW\gitPhp\Application\Home\Controller\IndexController.class.php 第 24 行.
NOTIC: [2] Invalid argument supplied for foreach() E:\phpStudy\WWW\gitPhp\ThinkPHP\Library\Think\Db\Driver.class.php 第 504 行.
SQL: SELECT * FROM `song` LIMIT 1   [ RunTime:0.0007s ]
NOTIC: [8] Undefined offset: 0 E:\phpStudy\WWW\gitPhp\Application\Home\Controller\IndexController.class.php 第 24 行.
NOTIC: [2] Invalid argument supplied for foreach() E:\phpStudy\WWW\gitPhp\ThinkPHP\Library\Think\Db\Driver.class.php 第 504 行.
SQL: SELECT * FROM `song` LIMIT 1   [ RunTime:0.0008s ]
NOTIC: [8] Undefined offset: 0 E:\phpStudy\WWW\gitPhp\Application\Home\Controller\IndexController.class.php 第 24 行.
INFO: [ app_end ] --START--
INFO: Run Behavior\ShowPageTraceBehavior [ RunTime:0.005977s ]
INFO: [ app_end ] --END-- [ RunTime:0.006314s ]

[ 2020-06-20T12:36:43+08:00 ] ::1 /gitPhp/index.php
INFO: [ app_init ] --START--
INFO: Run Behavior\BuildLiteBehavior [ RunTime:0.000031s ]
INFO: [ app_init ] --END-- [ RunTime:0.000548s ]
INFO: [ app_begin ] --START--
INFO: Run Behavior\ReadHtmlCacheBehavior [ RunTime:0.002279s ]
INFO: [ app_begin ] --END-- [ RunTime:0.002560s ]
SQL: SHOW COLUMNS FROM `loop` [ RunTime:0.0730s ]
SQL: SELECT * FROM `loop` WHERE ( id = 1 ) LIMIT 1   [ RunTime:0.0010s ]
SQL: SHOW COLUMNS FROM `songlist` [ RunTime:0.0434s ]
SQL: SHOW COLUMNS FROM `song` [ RunTime:0.0409s ]
SQL: SELECT * FROM `songlist` WHERE ( name = '歌单一'  )  [ RunTime:0.0022s ]
INFO: [ app_end ] --START--
INFO: Run Behavior\ShowPageTraceBehavior [ RunTime:0.003199s ]
INFO: [ app_end ] --END-- [ RunTime:0.003428s ]

[ 2020-06-20T12:37:20+08:00 ] ::1 /gitPhp/index.php
INFO: [ app_init ] --START--
INFO: Run Behavior\BuildLiteBehavior [ RunTime:0.000027s ]
INFO: [ app_init ] --END-- [ RunTime:0.000568s ]
INFO: [ app_begin ] --START--
INFO: Run Behavior\ReadHtmlCacheBehavior [ RunTime:0.002015s ]
INFO: [ app_begin ] --END-- [ RunTime:0.002184s ]
SQL: SHOW COLUMNS FROM `loop` [ RunTime:0.0380s ]
SQL: SELECT * FROM `loop` WHERE ( id = 1 ) LIMIT 1   [ RunTime:0.0005s ]
SQL: SHOW COLUMNS FROM `songlist` [ RunTime:0.0209s ]
SQL: SHOW COLUMNS FROM `song` [ RunTime:0.0225s ]
SQL: SELECT * FROM `songlist` WHERE ( name = '歌单一'  )  [ RunTime:0.0005s ]
INFO: [ app_end ] --START--
INFO: Run Behavior\ShowPageTraceBehavior [ RunTime:0.001429s ]
INFO: [ app_end ] --END-- [ RunTime:0.001541s ]

[ 2020-06-20T12:37:55+08:00 ] ::1 /gitPhp/index.php
INFO: [ app_init ] --START--
INFO: Run Behavior\BuildLiteBehavior [ RunTime:0.000038s ]
INFO: [ app_init ] --END-- [ RunTime:0.000874s ]
INFO: [ app_begin ] --START--
INFO: Run Behavior\ReadHtmlCacheBehavior [ RunTime:0.003025s ]
INFO: [ app_begin ] --END-- [ RunTime:0.003228s ]
SQL: SHOW COLUMNS FROM `loop` [ RunTime:0.0498s ]
SQL: SELECT * FROM `loop` WHERE ( id = 1 ) LIMIT 1   [ RunTime:0.0007s ]
SQL: SHOW COLUMNS FROM `songlist` [ RunTime:0.0294s ]
SQL: SHOW COLUMNS FROM `song` [ RunTime:0.0293s ]
SQL: SELECT * FROM `songlist` WHERE ( name = '歌单一'  )  [ RunTime:0.0007s ]
NOTIC: [2] Invalid argument supplied for foreach() E:\phpStudy\WWW\gitPhp\ThinkPHP\Library\Think\Db\Driver.class.php 第 504 行.
SQL: SELECT * FROM `song` LIMIT 1   [ RunTime:0.0006s ]
NOTIC: [2] Invalid argument supplied for foreach() E:\phpStudy\WWW\gitPhp\ThinkPHP\Library\Think\Db\Driver.class.php 第 504 行.
SQL: SELECT * FROM `song` LIMIT 1   [ RunTime:0.0005s ]
NOTIC: [2] Invalid argument supplied for foreach() E:\phpStudy\WWW\gitPhp\ThinkPHP\Library\Think\Db\Driver.class.php 第 504 行.
SQL: SELECT * FROM `song` LIMIT 1   [ RunTime:0.0005s ]
NOTIC: [2] Invalid argument supplied for foreach() E:\phpStudy\WWW\gitPhp\ThinkPHP\Library\Think\Db\Driver.class.php 第 504 行.
SQL: SELECT * FROM `song` LIMIT 1   [ RunTime:0.0005s ]
NOTIC: [2] Invalid argument supplied for foreach() E:\phpStudy\WWW\gitPhp\ThinkPHP\Library\Think\Db\Driver.class.php 第 504 行.
SQL: SELECT * FROM `song` LIMIT 1   [ RunTime:0.0008s ]
NOTIC: [2] Invalid argument supplied for foreach() E:\phpStudy\WWW\gitPhp\ThinkPHP\Library\Think\Db\Driver.class.php 第 504 行.
SQL: SELECT * FROM `song` LIMIT 1   [ RunTime:0.0009s ]
NOTIC: [2] Invalid argument supplied for foreach() E:\phpStudy\WWW\gitPhp\ThinkPHP\Library\Think\Db\Driver.class.php 第 504 行.
SQL: SELECT * FROM `song` LIMIT 1   [ RunTime:0.0007s ]
INFO: [ app_end ] --START--
INFO: Run Behavior\ShowPageTraceBehavior [ RunTime:0.002104s ]
INFO: [ app_end ] --END-- [ RunTime:0.002270s ]

[ 2020-06-20T12:38:43+08:00 ] ::1 /gitPhp/index.php
INFO: [ app_init ] --START--
INFO: Run Behavior\BuildLiteBehavior [ RunTime:0.000030s ]
INFO: [ app_init ] --END-- [ RunTime:0.000687s ]
INFO: [ app_begin ] --START--
INFO: Run Behavior\ReadHtmlCacheBehavior [ RunTime:0.001147s ]
INFO: [ app_begin ] --END-- [ RunTime:0.001251s ]
SQL: SHOW COLUMNS FROM `loop` [ RunTime:0.0329s ]
SQL: SELECT * FROM `loop` WHERE ( id = 1 ) LIMIT 1   [ RunTime:0.0005s ]
SQL: SHOW COLUMNS FROM `songlist` [ RunTime:0.0312s ]
SQL: SHOW COLUMNS FROM `song` [ RunTime:0.0218s ]
SQL: SELECT * FROM `songlist` WHERE ( name = '歌单一'  )  [ RunTime:0.0006s ]
NOTIC: [2] Invalid argument supplied for foreach() E:\phpStudy\WWW\gitPhp\ThinkPHP\Library\Think\Db\Driver.class.php 第 504 行.
SQL: SELECT * FROM `song` LIMIT 1   [ RunTime:0.0004s ]
NOTIC: [2] Invalid argument supplied for foreach() E:\phpStudy\WWW\gitPhp\ThinkPHP\Library\Think\Db\Driver.class.php 第 504 行.
SQL: SELECT * FROM `song` LIMIT 1   [ RunTime:0.0004s ]
NOTIC: [2] Invalid argument supplied for foreach() E:\phpStudy\WWW\gitPhp\ThinkPHP\Library\Think\Db\Driver.class.php 第 504 行.
SQL: SELECT * FROM `song` LIMIT 1   [ RunTime:0.0003s ]
NOTIC: [2] Invalid argument supplied for foreach() E:\phpStudy\WWW\gitPhp\ThinkPHP\Library\Think\Db\Driver.class.php 第 504 行.
SQL: SELECT * FROM `song` LIMIT 1   [ RunTime:0.0004s ]
NOTIC: [2] Invalid argument supplied for foreach() E:\phpStudy\WWW\gitPhp\ThinkPHP\Library\Think\Db\Driver.class.php 第 504 行.
SQL: SELECT * FROM `song` LIMIT 1   [ RunTime:0.0004s ]
NOTIC: [2] Invalid argument supplied for foreach() E:\phpStudy\WWW\gitPhp\ThinkPHP\Library\Think\Db\Driver.class.php 第 504 行.
SQL: SELECT * FROM `song` LIMIT 1   [ RunTime:0.0004s ]
NOTIC: [2] Invalid argument supplied for foreach() E:\phpStudy\WWW\gitPhp\ThinkPHP\Library\Think\Db\Driver.class.php 第 504 行.
SQL: SELECT * FROM `song` LIMIT 1   [ RunTime:0.0006s ]
INFO: [ app_end ] --START--
INFO: Run Behavior\ShowPageTraceBehavior [ RunTime:0.001658s ]
INFO: [ app_end ] --END-- [ RunTime:0.001812s ]

[ 2020-06-20T12:39:19+08:00 ] ::1 /gitPhp/index.php
INFO: [ app_init ] --START--
INFO: Run Behavior\BuildLiteBehavior [ RunTime:0.000029s ]
INFO: [ app_init ] --END-- [ RunTime:0.001382s ]
INFO: [ app_begin ] --START--
INFO: Run Behavior\ReadHtmlCacheBehavior [ RunTime:0.000669s ]
INFO: [ app_begin ] --END-- [ RunTime:0.000732s ]
SQL: SHOW COLUMNS FROM `loop` [ RunTime:0.0583s ]
SQL: SELECT * FROM `loop` WHERE ( id = 1 ) LIMIT 1   [ RunTime:0.0007s ]
SQL: SHOW COLUMNS FROM `songlist` [ RunTime:0.0330s ]
SQL: SHOW COLUMNS FROM `song` [ RunTime:0.0355s ]
SQL: SELECT * FROM `songlist` WHERE ( name = '歌单一'  )  [ RunTime:0.0011s ]
NOTIC: [2] Invalid argument supplied for foreach() E:\phpStudy\WWW\gitPhp\ThinkPHP\Library\Think\Db\Driver.class.php 第 504 行.
SQL: SELECT * FROM `song`  [ RunTime:0.0210s ]
NOTIC: [2] Invalid argument supplied for foreach() E:\phpStudy\WWW\gitPhp\ThinkPHP\Library\Think\Db\Driver.class.php 第 504 行.
SQL: SELECT * FROM `song`  [ RunTime:0.0007s ]
NOTIC: [2] Invalid argument supplied for foreach() E:\phpStudy\WWW\gitPhp\ThinkPHP\Library\Think\Db\Driver.class.php 第 504 行.
SQL: SELECT * FROM `song`  [ RunTime:0.0008s ]
NOTIC: [2] Invalid argument supplied for foreach() E:\phpStudy\WWW\gitPhp\ThinkPHP\Library\Think\Db\Driver.class.php 第 504 行.
SQL: SELECT * FROM `song`  [ RunTime:0.0007s ]
NOTIC: [2] Invalid argument supplied for foreach() E:\phpStudy\WWW\gitPhp\ThinkPHP\Library\Think\Db\Driver.class.php 第 504 行.
SQL: SELECT * FROM `song`  [ RunTime:0.0005s ]
NOTIC: [2] Invalid argument supplied for foreach() E:\phpStudy\WWW\gitPhp\ThinkPHP\Library\Think\Db\Driver.class.php 第 504 行.
SQL: SELECT * FROM `song`  [ RunTime:0.0005s ]
NOTIC: [2] Invalid argument supplied for foreach() E:\phpStudy\WWW\gitPhp\ThinkPHP\Library\Think\Db\Driver.class.php 第 504 行.
SQL: SELECT * FROM `song`  [ RunTime:0.0005s ]
INFO: [ app_end ] --START--
INFO: Run Behavior\ShowPageTraceBehavior [ RunTime:0.003806s ]
INFO: [ app_end ] --END-- [ RunTime:0.004162s ]

[ 2020-06-20T12:41:42+08:00 ] ::1 /gitPhp/index.php
INFO: [ app_init ] --START--
INFO: Run Behavior\BuildLiteBehavior [ RunTime:0.000038s ]
INFO: [ app_init ] --END-- [ RunTime:0.000965s ]
INFO: [ app_begin ] --START--
INFO: Run Behavior\ReadHtmlCacheBehavior [ RunTime:0.001348s ]
INFO: [ app_begin ] --END-- [ RunTime:0.001487s ]
SQL: SHOW COLUMNS FROM `loop` [ RunTime:0.0627s ]
SQL: SELECT * FROM `loop` WHERE ( id = 1 ) LIMIT 1   [ RunTime:0.0008s ]
SQL: SHOW COLUMNS FROM `songlist` [ RunTime:0.0392s ]
SQL: SHOW COLUMNS FROM `song` [ RunTime:0.0401s ]
SQL: SELECT * FROM `songlist` WHERE ( name = '歌单一'  )  [ RunTime:0.0018s ]
NOTIC: [2] Invalid argument supplied for foreach() E:\phpStudy\WWW\gitPhp\ThinkPHP\Library\Think\Db\Driver.class.php 第 504 行.
SQL: SELECT * FROM `song`  [ RunTime:0.0013s ]
NOTIC: [2] Invalid argument supplied for foreach() E:\phpStudy\WWW\gitPhp\ThinkPHP\Library\Think\Db\Driver.class.php 第 504 行.
SQL: SELECT * FROM `song`  [ RunTime:0.0014s ]
NOTIC: [2] Invalid argument supplied for foreach() E:\phpStudy\WWW\gitPhp\ThinkPHP\Library\Think\Db\Driver.class.php 第 504 行.
SQL: SELECT * FROM `song`  [ RunTime:0.0012s ]
NOTIC: [2] Invalid argument supplied for foreach() E:\phpStudy\WWW\gitPhp\ThinkPHP\Library\Think\Db\Driver.class.php 第 504 行.
SQL: SELECT * FROM `song`  [ RunTime:0.0011s ]
NOTIC: [2] Invalid argument supplied for foreach() E:\phpStudy\WWW\gitPhp\ThinkPHP\Library\Think\Db\Driver.class.php 第 504 行.
SQL: SELECT * FROM `song`  [ RunTime:0.0010s ]
NOTIC: [2] Invalid argument supplied for foreach() E:\phpStudy\WWW\gitPhp\ThinkPHP\Library\Think\Db\Driver.class.php 第 504 行.
SQL: SELECT * FROM `song`  [ RunTime:0.0011s ]
NOTIC: [2] Invalid argument supplied for foreach() E:\phpStudy\WWW\gitPhp\ThinkPHP\Library\Think\Db\Driver.class.php 第 504 行.
SQL: SELECT * FROM `song`  [ RunTime:0.0010s ]
NOTIC: [8] Use of undefined constant porfile - assumed 'porfile' E:\phpStudy\WWW\gitPhp\Application\Home\Controller\IndexController.class.php 第 29 行.
NOTIC: [8] Undefined index: porfile E:\phpStudy\WWW\gitPhp\Application\Home\Controller\IndexController.class.php 第 29 行.
INFO: [ app_end ] --START--
INFO: Run Behavior\ShowPageTraceBehavior [ RunTime:0.004714s ]
INFO: [ app_end ] --END-- [ RunTime:0.005147s ]

[ 2020-06-20T17:07:22+08:00 ] ::1 /gitPhp/index.php
INFO: [ app_init ] --START--
INFO: Run Behavior\BuildLiteBehavior [ RunTime:0.000033s ]
INFO: [ app_init ] --END-- [ RunTime:0.065264s ]
INFO: [ app_begin ] --START--
INFO: Run Behavior\ReadHtmlCacheBehavior [ RunTime:0.009194s ]
INFO: [ app_begin ] --END-- [ RunTime:0.009314s ]
SQL: SHOW COLUMNS FROM `loop` [ RunTime:0.1230s ]
SQL: SELECT * FROM `loop` WHERE ( id = 1 ) LIMIT 1   [ RunTime:0.0129s ]
SQL: SHOW COLUMNS FROM `songlist` [ RunTime:0.0377s ]
SQL: SHOW COLUMNS FROM `song` [ RunTime:0.0725s ]
SQL: SELECT * FROM `songlist` WHERE ( name = '歌单一'  )  [ RunTime:0.0020s ]
NOTIC: [2] Invalid argument supplied for foreach() E:\phpStudy\WWW\gitPhp\ThinkPHP\Library\Think\Db\Driver.class.php 第 504 行.
SQL: SELECT * FROM `song`  [ RunTime:0.0009s ]
NOTIC: [2] Invalid argument supplied for foreach() E:\phpStudy\WWW\gitPhp\ThinkPHP\Library\Think\Db\Driver.class.php 第 504 行.
SQL: SELECT * FROM `song`  [ RunTime:0.0008s ]
NOTIC: [2] Invalid argument supplied for foreach() E:\phpStudy\WWW\gitPhp\ThinkPHP\Library\Think\Db\Driver.class.php 第 504 行.
SQL: SELECT * FROM `song`  [ RunTime:0.0006s ]
NOTIC: [2] Invalid argument supplied for foreach() E:\phpStudy\WWW\gitPhp\ThinkPHP\Library\Think\Db\Driver.class.php 第 504 行.
SQL: SELECT * FROM `song`  [ RunTime:0.0007s ]
NOTIC: [2] Invalid argument supplied for foreach() E:\phpStudy\WWW\gitPhp\ThinkPHP\Library\Think\Db\Driver.class.php 第 504 行.
SQL: SELECT * FROM `song`  [ RunTime:0.0006s ]
NOTIC: [2] Invalid argument supplied for foreach() E:\phpStudy\WWW\gitPhp\ThinkPHP\Library\Think\Db\Driver.class.php 第 504 行.
SQL: SELECT * FROM `song`  [ RunTime:0.0008s ]
NOTIC: [2] Invalid argument supplied for foreach() E:\phpStudy\WWW\gitPhp\ThinkPHP\Library\Think\Db\Driver.class.php 第 504 行.
SQL: SELECT * FROM `song`  [ RunTime:0.0007s ]
NOTIC: [8] Use of undefined constant porfile - assumed 'porfile' E:\phpStudy\WWW\gitPhp\Application\Home\Controller\IndexController.class.php 第 29 行.
NOTIC: [8] Undefined index: porfile E:\phpStudy\WWW\gitPhp\Application\Home\Controller\IndexController.class.php 第 29 行.
INFO: [ app_end ] --START--
INFO: Run Behavior\ShowPageTraceBehavior [ RunTime:0.007002s ]
INFO: [ app_end ] --END-- [ RunTime:0.007219s ]

[ 2020-06-20T17:09:02+08:00 ] ::1 /gitPhp/index.php
INFO: [ app_init ] --START--
INFO: Run Behavior\BuildLiteBehavior [ RunTime:0.000029s ]
INFO: [ app_init ] --END-- [ RunTime:0.000605s ]
INFO: [ app_begin ] --START--
INFO: Run Behavior\ReadHtmlCacheBehavior [ RunTime:0.001676s ]
INFO: [ app_begin ] --END-- [ RunTime:0.001890s ]
SQL: SHOW COLUMNS FROM `loop` [ RunTime:0.0384s ]
SQL: SELECT * FROM `loop` WHERE ( id = 1 ) LIMIT 1   [ RunTime:0.0006s ]
SQL: SHOW COLUMNS FROM `songlist` [ RunTime:0.0214s ]
SQL: SHOW COLUMNS FROM `song` [ RunTime:0.0235s ]
SQL: SELECT * FROM `songlist` WHERE ( name = '歌单一'  )  [ RunTime:0.0006s ]
NOTIC: [2] Invalid argument supplied for foreach() E:\phpStudy\WWW\gitPhp\ThinkPHP\Library\Think\Db\Driver.class.php 第 504 行.
SQL: SELECT * FROM `song`  [ RunTime:0.0005s ]
NOTIC: [2] Invalid argument supplied for foreach() E:\phpStudy\WWW\gitPhp\ThinkPHP\Library\Think\Db\Driver.class.php 第 504 行.
SQL: SELECT * FROM `song`  [ RunTime:0.0004s ]
NOTIC: [2] Invalid argument supplied for foreach() E:\phpStudy\WWW\gitPhp\ThinkPHP\Library\Think\Db\Driver.class.php 第 504 行.
SQL: SELECT * FROM `song`  [ RunTime:0.0003s ]
NOTIC: [2] Invalid argument supplied for foreach() E:\phpStudy\WWW\gitPhp\ThinkPHP\Library\Think\Db\Driver.class.php 第 504 行.
SQL: SELECT * FROM `song`  [ RunTime:0.0003s ]
NOTIC: [2] Invalid argument supplied for foreach() E:\phpStudy\WWW\gitPhp\ThinkPHP\Library\Think\Db\Driver.class.php 第 504 行.
SQL: SELECT * FROM `song`  [ RunTime:0.0003s ]
NOTIC: [2] Invalid argument supplied for foreach() E:\phpStudy\WWW\gitPhp\ThinkPHP\Library\Think\Db\Driver.class.php 第 504 行.
SQL: SELECT * FROM `song`  [ RunTime:0.0003s ]
NOTIC: [2] Invalid argument supplied for foreach() E:\phpStudy\WWW\gitPhp\ThinkPHP\Library\Think\Db\Driver.class.php 第 504 行.
SQL: SELECT * FROM `song`  [ RunTime:0.0003s ]
NOTIC: [8] Use of undefined constant porfile - assumed 'porfile' E:\phpStudy\WWW\gitPhp\Application\Home\Controller\IndexController.class.php 第 29 行.
NOTIC: [8] Undefined index: porfile E:\phpStudy\WWW\gitPhp\Application\Home\Controller\IndexController.class.php 第 29 行.
INFO: [ app_end ] --START--
INFO: Run Behavior\ShowPageTraceBehavior [ RunTime:0.002025s ]
INFO: [ app_end ] --END-- [ RunTime:0.002181s ]

[ 2020-06-20T17:10:01+08:00 ] ::1 /gitPhp/index.php
INFO: [ app_init ] --START--
INFO: Run Behavior\BuildLiteBehavior [ RunTime:0.000036s ]
INFO: [ app_init ] --END-- [ RunTime:0.000737s ]
INFO: [ app_begin ] --START--
INFO: Run Behavior\ReadHtmlCacheBehavior [ RunTime:0.003629s ]
INFO: [ app_begin ] --END-- [ RunTime:0.003928s ]
SQL: SHOW COLUMNS FROM `loop` [ RunTime:0.0350s ]
SQL: SELECT * FROM `loop` WHERE ( id = 1 ) LIMIT 1   [ RunTime:0.0006s ]
SQL: SHOW COLUMNS FROM `songlist` [ RunTime:0.0190s ]
SQL: SHOW COLUMNS FROM `song` [ RunTime:0.0198s ]
SQL: SELECT * FROM `songlist` WHERE ( name = '歌单一'  )  [ RunTime:0.0006s ]
NOTIC: [2] Invalid argument supplied for foreach() E:\phpStudy\WWW\gitPhp\ThinkPHP\Library\Think\Db\Driver.class.php 第 504 行.
SQL: SELECT * FROM `song`  [ RunTime:0.0004s ]
NOTIC: [2] Invalid argument supplied for foreach() E:\phpStudy\WWW\gitPhp\ThinkPHP\Library\Think\Db\Driver.class.php 第 504 行.
SQL: SELECT * FROM `song`  [ RunTime:0.0004s ]
NOTIC: [2] Invalid argument supplied for foreach() E:\phpStudy\WWW\gitPhp\ThinkPHP\Library\Think\Db\Driver.class.php 第 504 行.
SQL: SELECT * FROM `song`  [ RunTime:0.0003s ]
NOTIC: [2] Invalid argument supplied for foreach() E:\phpStudy\WWW\gitPhp\ThinkPHP\Library\Think\Db\Driver.class.php 第 504 行.
SQL: SELECT * FROM `song`  [ RunTime:0.0004s ]
NOTIC: [2] Invalid argument supplied for foreach() E:\phpStudy\WWW\gitPhp\ThinkPHP\Library\Think\Db\Driver.class.php 第 504 行.
SQL: SELECT * FROM `song`  [ RunTime:0.0005s ]
NOTIC: [2] Invalid argument supplied for foreach() E:\phpStudy\WWW\gitPhp\ThinkPHP\Library\Think\Db\Driver.class.php 第 504 行.
SQL: SELECT * FROM `song`  [ RunTime:0.0004s ]
NOTIC: [2] Invalid argument supplied for foreach() E:\phpStudy\WWW\gitPhp\ThinkPHP\Library\Think\Db\Driver.class.php 第 504 行.
SQL: SELECT * FROM `song`  [ RunTime:0.0004s ]
NOTIC: [8] Use of undefined constant porfile - assumed 'porfile' E:\phpStudy\WWW\gitPhp\Application\Home\Controller\IndexController.class.php 第 29 行.
NOTIC: [8] Undefined index: porfile E:\phpStudy\WWW\gitPhp\Application\Home\Controller\IndexController.class.php 第 29 行.
INFO: [ app_end ] --START--
INFO: Run Behavior\ShowPageTraceBehavior [ RunTime:0.001124s ]
INFO: [ app_end ] --END-- [ RunTime:0.001217s ]

[ 2020-06-20T17:11:20+08:00 ] ::1 /gitPhp/index.php
INFO: [ app_init ] --START--
INFO: Run Behavior\BuildLiteBehavior [ RunTime:0.000033s ]
INFO: [ app_init ] --END-- [ RunTime:0.000794s ]
INFO: [ app_begin ] --START--
INFO: Run Behavior\ReadHtmlCacheBehavior [ RunTime:0.001625s ]
INFO: [ app_begin ] --END-- [ RunTime:0.001850s ]
SQL: SHOW COLUMNS FROM `loop` [ RunTime:0.0308s ]
SQL: SELECT * FROM `loop` WHERE ( id = 1 ) LIMIT 1   [ RunTime:0.0004s ]
SQL: SHOW COLUMNS FROM `songlist` [ RunTime:0.0184s ]
SQL: SHOW COLUMNS FROM `song` [ RunTime:0.0202s ]
SQL: SELECT * FROM `songlist` WHERE ( name = '歌单一'  )  [ RunTime:0.0005s ]
NOTIC: [2] Invalid argument supplied for foreach() E:\phpStudy\WWW\gitPhp\ThinkPHP\Library\Think\Db\Driver.class.php 第 504 行.
SQL: SELECT * FROM `song`  [ RunTime:0.0003s ]
NOTIC: [2] Invalid argument supplied for foreach() E:\phpStudy\WWW\gitPhp\ThinkPHP\Library\Think\Db\Driver.class.php 第 504 行.
SQL: SELECT * FROM `song`  [ RunTime:0.0003s ]
NOTIC: [2] Invalid argument supplied for foreach() E:\phpStudy\WWW\gitPhp\ThinkPHP\Library\Think\Db\Driver.class.php 第 504 行.
SQL: SELECT * FROM `song`  [ RunTime:0.0003s ]
NOTIC: [2] Invalid argument supplied for foreach() E:\phpStudy\WWW\gitPhp\ThinkPHP\Library\Think\Db\Driver.class.php 第 504 行.
SQL: SELECT * FROM `song`  [ RunTime:0.0003s ]
NOTIC: [2] Invalid argument supplied for foreach() E:\phpStudy\WWW\gitPhp\ThinkPHP\Library\Think\Db\Driver.class.php 第 504 行.
SQL: SELECT * FROM `song`  [ RunTime:0.0003s ]
NOTIC: [2] Invalid argument supplied for foreach() E:\phpStudy\WWW\gitPhp\ThinkPHP\Library\Think\Db\Driver.class.php 第 504 行.
SQL: SELECT * FROM `song`  [ RunTime:0.0003s ]
NOTIC: [2] Invalid argument supplied for foreach() E:\phpStudy\WWW\gitPhp\ThinkPHP\Library\Think\Db\Driver.class.php 第 504 行.
SQL: SELECT * FROM `song`  [ RunTime:0.0003s ]
NOTIC: [8] Use of undefined constant porfile - assumed 'porfile' E:\phpStudy\WWW\gitPhp\Application\Home\Controller\IndexController.class.php 第 29 行.
NOTIC: [8] Undefined offset: 0 E:\phpStudy\WWW\gitPhp\Application\Home\Controller\IndexController.class.php 第 29 行.
INFO: [ app_end ] --START--
INFO: Run Behavior\ShowPageTraceBehavior [ RunTime:0.001001s ]
INFO: [ app_end ] --END-- [ RunTime:0.001075s ]

[ 2020-06-20T17:13:01+08:00 ] ::1 /gitPhp/index.php
INFO: [ app_init ] --START--
INFO: Run Behavior\BuildLiteBehavior [ RunTime:0.000043s ]
INFO: [ app_init ] --END-- [ RunTime:0.000815s ]
INFO: [ app_begin ] --START--
INFO: Run Behavior\ReadHtmlCacheBehavior [ RunTime:0.001542s ]
INFO: [ app_begin ] --END-- [ RunTime:0.001700s ]
SQL: SHOW COLUMNS FROM `loop` [ RunTime:0.0392s ]
SQL: SELECT * FROM `loop` WHERE ( id = 1 ) LIMIT 1   [ RunTime:0.0005s ]
SQL: SHOW COLUMNS FROM `songlist` [ RunTime:0.0226s ]
SQL: SHOW COLUMNS FROM `song` [ RunTime:0.0206s ]
SQL: SELECT * FROM `songlist` WHERE ( name = '歌单一'  )  [ RunTime:0.0005s ]
NOTIC: [2] Invalid argument supplied for foreach() E:\phpStudy\WWW\gitPhp\ThinkPHP\Library\Think\Db\Driver.class.php 第 504 行.
SQL: SELECT * FROM `song`  [ RunTime:0.0004s ]
NOTIC: [2] Invalid argument supplied for foreach() E:\phpStudy\WWW\gitPhp\ThinkPHP\Library\Think\Db\Driver.class.php 第 504 行.
SQL: SELECT * FROM `song`  [ RunTime:0.0003s ]
NOTIC: [2] Invalid argument supplied for foreach() E:\phpStudy\WWW\gitPhp\ThinkPHP\Library\Think\Db\Driver.class.php 第 504 行.
SQL: SELECT * FROM `song`  [ RunTime:0.0003s ]
NOTIC: [2] Invalid argument supplied for foreach() E:\phpStudy\WWW\gitPhp\ThinkPHP\Library\Think\Db\Driver.class.php 第 504 行.
SQL: SELECT * FROM `song`  [ RunTime:0.0004s ]
NOTIC: [2] Invalid argument supplied for foreach() E:\phpStudy\WWW\gitPhp\ThinkPHP\Library\Think\Db\Driver.class.php 第 504 行.
SQL: SELECT * FROM `song`  [ RunTime:0.0003s ]
NOTIC: [2] Invalid argument supplied for foreach() E:\phpStudy\WWW\gitPhp\ThinkPHP\Library\Think\Db\Driver.class.php 第 504 行.
SQL: SELECT * FROM `song`  [ RunTime:0.0003s ]
NOTIC: [2] Invalid argument supplied for foreach() E:\phpStudy\WWW\gitPhp\ThinkPHP\Library\Think\Db\Driver.class.php 第 504 行.
SQL: SELECT * FROM `song`  [ RunTime:0.0003s ]
NOTIC: [8] Use of undefined constant porfile - assumed 'porfile' E:\phpStudy\WWW\gitPhp\Application\Home\Controller\IndexController.class.php 第 28 行.
NOTIC: [8] Undefined variable: song E:\phpStudy\WWW\gitPhp\Application\Home\Controller\IndexController.class.php 第 28 行.
INFO: [ app_end ] --START--
INFO: Run Behavior\ShowPageTraceBehavior [ RunTime:0.001058s ]
INFO: [ app_end ] --END-- [ RunTime:0.001137s ]

[ 2020-06-20T17:15:10+08:00 ] ::1 /gitPhp/index.php
INFO: [ app_init ] --START--
INFO: Run Behavior\BuildLiteBehavior [ RunTime:0.000029s ]
INFO: [ app_init ] --END-- [ RunTime:0.000670s ]
INFO: [ app_begin ] --START--
INFO: Run Behavior\ReadHtmlCacheBehavior [ RunTime:0.002033s ]
INFO: [ app_begin ] --END-- [ RunTime:0.002191s ]
SQL: SHOW COLUMNS FROM `loop` [ RunTime:0.0386s ]
SQL: SELECT * FROM `loop` WHERE ( id = 1 ) LIMIT 1   [ RunTime:0.0004s ]
SQL: SHOW COLUMNS FROM `songlist` [ RunTime:0.0201s ]
SQL: SHOW COLUMNS FROM `song` [ RunTime:0.0221s ]
SQL: SELECT * FROM `songlist` WHERE ( name = '歌单一'  )  [ RunTime:0.0006s ]
NOTIC: [2] Invalid argument supplied for foreach() E:\phpStudy\WWW\gitPhp\ThinkPHP\Library\Think\Db\Driver.class.php 第 504 行.
SQL: SELECT * FROM `song`  [ RunTime:0.0004s ]
NOTIC: [2] Invalid argument supplied for foreach() E:\phpStudy\WWW\gitPhp\ThinkPHP\Library\Think\Db\Driver.class.php 第 504 行.
SQL: SELECT * FROM `song`  [ RunTime:0.0003s ]
NOTIC: [2] Invalid argument supplied for foreach() E:\phpStudy\WWW\gitPhp\ThinkPHP\Library\Think\Db\Driver.class.php 第 504 行.
SQL: SELECT * FROM `song`  [ RunTime:0.0003s ]
NOTIC: [2] Invalid argument supplied for foreach() E:\phpStudy\WWW\gitPhp\ThinkPHP\Library\Think\Db\Driver.class.php 第 504 行.
SQL: SELECT * FROM `song`  [ RunTime:0.0003s ]
NOTIC: [2] Invalid argument supplied for foreach() E:\phpStudy\WWW\gitPhp\ThinkPHP\Library\Think\Db\Driver.class.php 第 504 行.
SQL: SELECT * FROM `song`  [ RunTime:0.0003s ]
NOTIC: [2] Invalid argument supplied for foreach() E:\phpStudy\WWW\gitPhp\ThinkPHP\Library\Think\Db\Driver.class.php 第 504 行.
SQL: SELECT * FROM `song`  [ RunTime:0.0003s ]
NOTIC: [2] Invalid argument supplied for foreach() E:\phpStudy\WWW\gitPhp\ThinkPHP\Library\Think\Db\Driver.class.php 第 504 行.
SQL: SELECT * FROM `song`  [ RunTime:0.0003s ]
NOTIC: [8] Use of undefined constant porfile - assumed 'porfile' E:\phpStudy\WWW\gitPhp\Application\Home\Controller\IndexController.class.php 第 28 行.
NOTIC: [8] Undefined variable: song E:\phpStudy\WWW\gitPhp\Application\Home\Controller\IndexController.class.php 第 28 行.
INFO: [ app_end ] --START--
INFO: Run Behavior\ShowPageTraceBehavior [ RunTime:0.001123s ]
INFO: [ app_end ] --END-- [ RunTime:0.001217s ]

[ 2020-06-20T17:19:18+08:00 ] ::1 /gitPhp/index.php
INFO: [ app_init ] --START--
INFO: Run Behavior\BuildLiteBehavior [ RunTime:0.000019s ]
INFO: [ app_init ] --END-- [ RunTime:0.002268s ]
INFO: [ app_begin ] --START--
INFO: Run Behavior\ReadHtmlCacheBehavior [ RunTime:0.002019s ]
INFO: [ app_begin ] --END-- [ RunTime:0.002128s ]

[ 2020-06-20T17:19:37+08:00 ] ::1 /gitPhp/index.php
INFO: [ app_init ] --START--
INFO: Run Behavior\BuildLiteBehavior [ RunTime:0.000041s ]
INFO: [ app_init ] --END-- [ RunTime:0.000865s ]
INFO: [ app_begin ] --START--
INFO: Run Behavior\ReadHtmlCacheBehavior [ RunTime:0.003455s ]
INFO: [ app_begin ] --END-- [ RunTime:0.003731s ]
SQL: SHOW COLUMNS FROM `loop` [ RunTime:0.0438s ]
SQL: SELECT * FROM `loop` WHERE ( id = 1 ) LIMIT 1   [ RunTime:0.0004s ]
SQL: SHOW COLUMNS FROM `songlist` [ RunTime:0.0202s ]
SQL: SHOW COLUMNS FROM `song` [ RunTime:0.0235s ]
SQL: SELECT * FROM `songlist` WHERE ( name = '歌单一'  )  [ RunTime:0.0005s ]
NOTIC: [2] Invalid argument supplied for foreach() E:\phpStudy\WWW\gitPhp\ThinkPHP\Library\Think\Db\Driver.class.php 第 504 行.
SQL: SELECT * FROM `song`  [ RunTime:0.0004s ]
NOTIC: [2] Invalid argument supplied for foreach() E:\phpStudy\WWW\gitPhp\ThinkPHP\Library\Think\Db\Driver.class.php 第 504 行.
SQL: SELECT * FROM `song`  [ RunTime:0.0003s ]
NOTIC: [2] Invalid argument supplied for foreach() E:\phpStudy\WWW\gitPhp\ThinkPHP\Library\Think\Db\Driver.class.php 第 504 行.
SQL: SELECT * FROM `song`  [ RunTime:0.0003s ]
NOTIC: [2] Invalid argument supplied for foreach() E:\phpStudy\WWW\gitPhp\ThinkPHP\Library\Think\Db\Driver.class.php 第 504 行.
SQL: SELECT * FROM `song`  [ RunTime:0.0003s ]
NOTIC: [2] Invalid argument supplied for foreach() E:\phpStudy\WWW\gitPhp\ThinkPHP\Library\Think\Db\Driver.class.php 第 504 行.
SQL: SELECT * FROM `song`  [ RunTime:0.0003s ]
NOTIC: [2] Invalid argument supplied for foreach() E:\phpStudy\WWW\gitPhp\ThinkPHP\Library\Think\Db\Driver.class.php 第 504 行.
SQL: SELECT * FROM `song`  [ RunTime:0.0003s ]
NOTIC: [2] Invalid argument supplied for foreach() E:\phpStudy\WWW\gitPhp\ThinkPHP\Library\Think\Db\Driver.class.php 第 504 行.
SQL: SELECT * FROM `song`  [ RunTime:0.0003s ]
NOTIC: [8] Use of undefined constant porfile - assumed 'porfile' E:\phpStudy\WWW\gitPhp\Application\Home\Controller\IndexController.class.php 第 28 行.
NOTIC: [8] Undefined variable: song E:\phpStudy\WWW\gitPhp\Application\Home\Controller\IndexController.class.php 第 28 行.
INFO: [ view_parse ] --START--
INFO: [ template_filter ] --START--
INFO: Run Behavior\ContentReplaceBehavior [ RunTime:0.000230s ]
INFO: [ template_filter ] --END-- [ RunTime:0.000350s ]
NOTIC: [8] Undefined variable: looImg E:\phpStudy\WWW\gitPhp\Application\Runtime\Cache\Home\2a94b8bda04ff446dcedd42276fc99ee.php 第 85 行.
INFO: Run Behavior\ParseTemplateBehavior [ RunTime:0.276818s ]
INFO: [ view_parse ] --END-- [ RunTime:0.276924s ]
INFO: [ view_filter ] --START--
INFO: Run Behavior\WriteHtmlCacheBehavior [ RunTime:0.046931s ]
INFO: [ view_filter ] --END-- [ RunTime:0.047039s ]
INFO: [ app_end ] --START--
INFO: Run Behavior\ShowPageTraceBehavior [ RunTime:0.072639s ]
INFO: [ app_end ] --END-- [ RunTime:0.072824s ]

[ 2020-06-20T17:20:06+08:00 ] ::1 /gitPhp/index.php
INFO: [ app_init ] --START--
INFO: Run Behavior\BuildLiteBehavior [ RunTime:0.000038s ]
INFO: [ app_init ] --END-- [ RunTime:0.001029s ]
INFO: [ app_begin ] --START--
INFO: Run Behavior\ReadHtmlCacheBehavior [ RunTime:0.002103s ]
INFO: [ app_begin ] --END-- [ RunTime:0.003357s ]
SQL: SHOW COLUMNS FROM `loop` [ RunTime:0.0410s ]
SQL: SELECT * FROM `loop` WHERE ( id = 1 ) LIMIT 1   [ RunTime:0.0004s ]
SQL: SHOW COLUMNS FROM `songlist` [ RunTime:0.0254s ]
SQL: SHOW COLUMNS FROM `song` [ RunTime:0.0282s ]
SQL: SELECT * FROM `songlist` WHERE ( name = '歌单一'  )  [ RunTime:0.0006s ]
NOTIC: [2] Invalid argument supplied for foreach() E:\phpStudy\WWW\gitPhp\ThinkPHP\Library\Think\Db\Driver.class.php 第 504 行.
SQL: SELECT * FROM `song`  [ RunTime:0.0004s ]
NOTIC: [2] Invalid argument supplied for foreach() E:\phpStudy\WWW\gitPhp\ThinkPHP\Library\Think\Db\Driver.class.php 第 504 行.
SQL: SELECT * FROM `song`  [ RunTime:0.0003s ]
NOTIC: [2] Invalid argument supplied for foreach() E:\phpStudy\WWW\gitPhp\ThinkPHP\Library\Think\Db\Driver.class.php 第 504 行.
SQL: SELECT * FROM `song`  [ RunTime:0.0003s ]
NOTIC: [2] Invalid argument supplied for foreach() E:\phpStudy\WWW\gitPhp\ThinkPHP\Library\Think\Db\Driver.class.php 第 504 行.
SQL: SELECT * FROM `song`  [ RunTime:0.0003s ]
NOTIC: [2] Invalid argument supplied for foreach() E:\phpStudy\WWW\gitPhp\ThinkPHP\Library\Think\Db\Driver.class.php 第 504 行.
SQL: SELECT * FROM `song`  [ RunTime:0.0003s ]
NOTIC: [2] Invalid argument supplied for foreach() E:\phpStudy\WWW\gitPhp\ThinkPHP\Library\Think\Db\Driver.class.php 第 504 行.
SQL: SELECT * FROM `song`  [ RunTime:0.0004s ]
NOTIC: [2] Invalid argument supplied for foreach() E:\phpStudy\WWW\gitPhp\ThinkPHP\Library\Think\Db\Driver.class.php 第 504 行.
SQL: SELECT * FROM `song`  [ RunTime:0.0004s ]
NOTIC: [8] Use of undefined constant porfile - assumed 'porfile' E:\phpStudy\WWW\gitPhp\Application\Home\Controller\IndexController.class.php 第 28 行.
NOTIC: [8] Undefined variable: song E:\phpStudy\WWW\gitPhp\Application\Home\Controller\IndexController.class.php 第 28 行.
INFO: [ view_parse ] --START--
INFO: [ template_filter ] --START--
INFO: Run Behavior\ContentReplaceBehavior [ RunTime:0.000219s ]
INFO: [ template_filter ] --END-- [ RunTime:0.000312s ]
NOTIC: [8] Undefined variable: looImg E:\phpStudy\WWW\gitPhp\Application\Runtime\Cache\Home\2a94b8bda04ff446dcedd42276fc99ee.php 第 85 行.
INFO: Run Behavior\ParseTemplateBehavior [ RunTime:0.073801s ]
INFO: [ view_parse ] --END-- [ RunTime:0.074049s ]
INFO: [ view_filter ] --START--
INFO: Run Behavior\WriteHtmlCacheBehavior [ RunTime:0.001356s ]
INFO: [ view_filter ] --END-- [ RunTime:0.001488s ]
INFO: [ app_end ] --START--
INFO: Run Behavior\ShowPageTraceBehavior [ RunTime:0.005043s ]
INFO: [ app_end ] --END-- [ RunTime:0.005233s ]

[ 2020-06-20T17:20:32+08:00 ] ::1 /gitPhp/index.php
INFO: [ app_init ] --START--
INFO: Run Behavior\BuildLiteBehavior [ RunTime:0.000041s ]
INFO: [ app_init ] --END-- [ RunTime:0.000936s ]
INFO: [ app_begin ] --START--
INFO: Run Behavior\ReadHtmlCacheBehavior [ RunTime:0.001310s ]
INFO: [ app_begin ] --END-- [ RunTime:0.001481s ]
SQL: SHOW COLUMNS FROM `loop` [ RunTime:0.0356s ]
SQL: SELECT * FROM `loop` WHERE ( id = 1 ) LIMIT 1   [ RunTime:0.0007s ]
SQL: SHOW COLUMNS FROM `songlist` [ RunTime:0.0198s ]
SQL: SHOW COLUMNS FROM `song` [ RunTime:0.0177s ]
SQL: SELECT * FROM `songlist` WHERE ( name = '歌单一'  )  [ RunTime:0.0005s ]
NOTIC: [2] Invalid argument supplied for foreach() E:\phpStudy\WWW\gitPhp\ThinkPHP\Library\Think\Db\Driver.class.php 第 504 行.
SQL: SELECT * FROM `song`  [ RunTime:0.0004s ]
NOTIC: [2] Invalid argument supplied for foreach() E:\phpStudy\WWW\gitPhp\ThinkPHP\Library\Think\Db\Driver.class.php 第 504 行.
SQL: SELECT * FROM `song`  [ RunTime:0.0004s ]
NOTIC: [2] Invalid argument supplied for foreach() E:\phpStudy\WWW\gitPhp\ThinkPHP\Library\Think\Db\Driver.class.php 第 504 行.
SQL: SELECT * FROM `song`  [ RunTime:0.0005s ]
NOTIC: [2] Invalid argument supplied for foreach() E:\phpStudy\WWW\gitPhp\ThinkPHP\Library\Think\Db\Driver.class.php 第 504 行.
SQL: SELECT * FROM `song`  [ RunTime:0.0008s ]
NOTIC: [2] Invalid argument supplied for foreach() E:\phpStudy\WWW\gitPhp\ThinkPHP\Library\Think\Db\Driver.class.php 第 504 行.
SQL: SELECT * FROM `song`  [ RunTime:0.0004s ]
NOTIC: [2] Invalid argument supplied for foreach() E:\phpStudy\WWW\gitPhp\ThinkPHP\Library\Think\Db\Driver.class.php 第 504 行.
SQL: SELECT * FROM `song`  [ RunTime:0.0003s ]
NOTIC: [2] Invalid argument supplied for foreach() E:\phpStudy\WWW\gitPhp\ThinkPHP\Library\Think\Db\Driver.class.php 第 504 行.
SQL: SELECT * FROM `song`  [ RunTime:0.0003s ]
NOTIC: [8] Use of undefined constant porfile - assumed 'porfile' E:\phpStudy\WWW\gitPhp\Application\Home\Controller\IndexController.class.php 第 28 行.
NOTIC: [8] Undefined variable: song E:\phpStudy\WWW\gitPhp\Application\Home\Controller\IndexController.class.php 第 28 行.
INFO: [ view_parse ] --START--
INFO: [ template_filter ] --START--
INFO: Run Behavior\ContentReplaceBehavior [ RunTime:0.000201s ]
INFO: [ template_filter ] --END-- [ RunTime:0.000300s ]
NOTIC: [8] Undefined variable: looImg E:\phpStudy\WWW\gitPhp\Application\Runtime\Cache\Home\2a94b8bda04ff446dcedd42276fc99ee.php 第 85 行.
INFO: Run Behavior\ParseTemplateBehavior [ RunTime:0.043506s ]
INFO: [ view_parse ] --END-- [ RunTime:0.043591s ]
INFO: [ view_filter ] --START--
INFO: Run Behavior\WriteHtmlCacheBehavior [ RunTime:0.000744s ]
INFO: [ view_filter ] --END-- [ RunTime:0.000819s ]
INFO: [ app_end ] --START--
INFO: Run Behavior\ShowPageTraceBehavior [ RunTime:0.002139s ]
INFO: [ app_end ] --END-- [ RunTime:0.002363s ]

[ 2020-06-20T17:20:51+08:00 ] ::1 /gitPhp/index.php
INFO: [ app_init ] --START--
INFO: Run Behavior\BuildLiteBehavior [ RunTime:0.000042s ]
INFO: [ app_init ] --END-- [ RunTime:0.000906s ]
INFO: [ app_begin ] --START--
INFO: Run Behavior\ReadHtmlCacheBehavior [ RunTime:0.001772s ]
INFO: [ app_begin ] --END-- [ RunTime:0.001993s ]
SQL: SHOW COLUMNS FROM `loop` [ RunTime:0.0532s ]
SQL: SELECT * FROM `loop` WHERE ( id = 1 ) LIMIT 1   [ RunTime:0.0005s ]
SQL: SHOW COLUMNS FROM `songlist` [ RunTime:0.0239s ]
SQL: SHOW COLUMNS FROM `song` [ RunTime:0.0249s ]
SQL: SELECT * FROM `songlist` WHERE ( name = '歌单一'  )  [ RunTime:0.0006s ]
NOTIC: [2] Invalid argument supplied for foreach() E:\phpStudy\WWW\gitPhp\ThinkPHP\Library\Think\Db\Driver.class.php 第 504 行.
SQL: SELECT * FROM `song`  [ RunTime:0.0006s ]
NOTIC: [2] Invalid argument supplied for foreach() E:\phpStudy\WWW\gitPhp\ThinkPHP\Library\Think\Db\Driver.class.php 第 504 行.
SQL: SELECT * FROM `song`  [ RunTime:0.0007s ]
NOTIC: [2] Invalid argument supplied for foreach() E:\phpStudy\WWW\gitPhp\ThinkPHP\Library\Think\Db\Driver.class.php 第 504 行.
SQL: SELECT * FROM `song`  [ RunTime:0.0005s ]
NOTIC: [2] Invalid argument supplied for foreach() E:\phpStudy\WWW\gitPhp\ThinkPHP\Library\Think\Db\Driver.class.php 第 504 行.
SQL: SELECT * FROM `song`  [ RunTime:0.0005s ]
NOTIC: [2] Invalid argument supplied for foreach() E:\phpStudy\WWW\gitPhp\ThinkPHP\Library\Think\Db\Driver.class.php 第 504 行.
SQL: SELECT * FROM `song`  [ RunTime:0.0007s ]
NOTIC: [2] Invalid argument supplied for foreach() E:\phpStudy\WWW\gitPhp\ThinkPHP\Library\Think\Db\Driver.class.php 第 504 行.
SQL: SELECT * FROM `song`  [ RunTime:0.0004s ]
NOTIC: [2] Invalid argument supplied for foreach() E:\phpStudy\WWW\gitPhp\ThinkPHP\Library\Think\Db\Driver.class.php 第 504 行.
SQL: SELECT * FROM `song`  [ RunTime:0.0004s ]
NOTIC: [8] Use of undefined constant porfile - assumed 'porfile' E:\phpStudy\WWW\gitPhp\Application\Home\Controller\IndexController.class.php 第 28 行.
NOTIC: [8] Undefined variable: song E:\phpStudy\WWW\gitPhp\Application\Home\Controller\IndexController.class.php 第 28 行.
INFO: [ view_parse ] --START--
INFO: [ template_filter ] --START--
INFO: Run Behavior\ContentReplaceBehavior [ RunTime:0.000257s ]
INFO: [ template_filter ] --END-- [ RunTime:0.000368s ]
NOTIC: [8] Undefined variable: looImg E:\phpStudy\WWW\gitPhp\Application\Runtime\Cache\Home\2a94b8bda04ff446dcedd42276fc99ee.php 第 85 行.
INFO: Run Behavior\ParseTemplateBehavior [ RunTime:0.061267s ]
INFO: [ view_parse ] --END-- [ RunTime:0.061499s ]
INFO: [ view_filter ] --START--
INFO: Run Behavior\WriteHtmlCacheBehavior [ RunTime:0.002475s ]
INFO: [ view_filter ] --END-- [ RunTime:0.002666s ]
INFO: [ app_end ] --START--
INFO: Run Behavior\ShowPageTraceBehavior [ RunTime:0.004377s ]
INFO: [ app_end ] --END-- [ RunTime:0.004572s ]

[ 2020-06-20T17:21:02+08:00 ] ::1 /gitPhp/index.php
INFO: [ app_init ] --START--
INFO: Run Behavior\BuildLiteBehavior [ RunTime:0.000038s ]
INFO: [ app_init ] --END-- [ RunTime:0.000884s ]
INFO: [ app_begin ] --START--
INFO: Run Behavior\ReadHtmlCacheBehavior [ RunTime:0.004157s ]
INFO: [ app_begin ] --END-- [ RunTime:0.004401s ]
SQL: SHOW COLUMNS FROM `loop` [ RunTime:0.0386s ]
SQL: SELECT * FROM `loop` WHERE ( id = 1 ) LIMIT 1   [ RunTime:0.0004s ]
SQL: SHOW COLUMNS FROM `songlist` [ RunTime:0.0201s ]
SQL: SHOW COLUMNS FROM `song` [ RunTime:0.0219s ]
SQL: SELECT * FROM `songlist` WHERE ( name = '歌单一'  )  [ RunTime:0.0005s ]
NOTIC: [2] Invalid argument supplied for foreach() E:\phpStudy\WWW\gitPhp\ThinkPHP\Library\Think\Db\Driver.class.php 第 504 行.
SQL: SELECT * FROM `song`  [ RunTime:0.0003s ]
NOTIC: [2] Invalid argument supplied for foreach() E:\phpStudy\WWW\gitPhp\ThinkPHP\Library\Think\Db\Driver.class.php 第 504 行.
SQL: SELECT * FROM `song`  [ RunTime:0.0003s ]
NOTIC: [2] Invalid argument supplied for foreach() E:\phpStudy\WWW\gitPhp\ThinkPHP\Library\Think\Db\Driver.class.php 第 504 行.
SQL: SELECT * FROM `song`  [ RunTime:0.0003s ]
NOTIC: [2] Invalid argument supplied for foreach() E:\phpStudy\WWW\gitPhp\ThinkPHP\Library\Think\Db\Driver.class.php 第 504 行.
SQL: SELECT * FROM `song`  [ RunTime:0.0003s ]
NOTIC: [2] Invalid argument supplied for foreach() E:\phpStudy\WWW\gitPhp\ThinkPHP\Library\Think\Db\Driver.class.php 第 504 行.
SQL: SELECT * FROM `song`  [ RunTime:0.0003s ]
NOTIC: [2] Invalid argument supplied for foreach() E:\phpStudy\WWW\gitPhp\ThinkPHP\Library\Think\Db\Driver.class.php 第 504 行.
SQL: SELECT * FROM `song`  [ RunTime:0.0003s ]
NOTIC: [2] Invalid argument supplied for foreach() E:\phpStudy\WWW\gitPhp\ThinkPHP\Library\Think\Db\Driver.class.php 第 504 行.
SQL: SELECT * FROM `song`  [ RunTime:0.0003s ]
NOTIC: [8] Use of undefined constant porfile - assumed 'porfile' E:\phpStudy\WWW\gitPhp\Application\Home\Controller\IndexController.class.php 第 28 行.
NOTIC: [8] Undefined variable: song E:\phpStudy\WWW\gitPhp\Application\Home\Controller\IndexController.class.php 第 28 行.
INFO: [ view_parse ] --START--
INFO: [ template_filter ] --START--
INFO: Run Behavior\ContentReplaceBehavior [ RunTime:0.000403s ]
INFO: [ template_filter ] --END-- [ RunTime:0.000697s ]
NOTIC: [8] Undefined variable: looImg E:\phpStudy\WWW\gitPhp\Application\Runtime\Cache\Home\2a94b8bda04ff446dcedd42276fc99ee.php 第 85 行.
INFO: Run Behavior\ParseTemplateBehavior [ RunTime:0.047253s ]
INFO: [ view_parse ] --END-- [ RunTime:0.047352s ]
INFO: [ view_filter ] --START--
INFO: Run Behavior\WriteHtmlCacheBehavior [ RunTime:0.000872s ]
INFO: [ view_filter ] --END-- [ RunTime:0.000954s ]
INFO: [ app_end ] --START--
INFO: Run Behavior\ShowPageTraceBehavior [ RunTime:0.002193s ]
INFO: [ app_end ] --END-- [ RunTime:0.002356s ]

[ 2020-06-20T17:23:15+08:00 ] ::1 /gitPhp/index.php
INFO: [ app_init ] --START--
INFO: Run Behavior\BuildLiteBehavior [ RunTime:0.000047s ]
INFO: [ app_init ] --END-- [ RunTime:0.001178s ]
INFO: [ app_begin ] --START--
INFO: Run Behavior\ReadHtmlCacheBehavior [ RunTime:0.001718s ]
INFO: [ app_begin ] --END-- [ RunTime:0.001907s ]
SQL: SHOW COLUMNS FROM `loop` [ RunTime:0.0621s ]
SQL: SELECT * FROM `loop` WHERE ( id = 1 ) LIMIT 1   [ RunTime:0.0005s ]
SQL: SHOW COLUMNS FROM `songlist` [ RunTime:0.0310s ]
SQL: SHOW COLUMNS FROM `song` [ RunTime:0.0275s ]
SQL: SELECT * FROM `songlist` WHERE ( name = '歌单一'  )  [ RunTime:0.0006s ]
NOTIC: [2] Invalid argument supplied for foreach() E:\phpStudy\WWW\gitPhp\ThinkPHP\Library\Think\Db\Driver.class.php 第 504 行.
SQL: SELECT * FROM `song`  [ RunTime:0.0004s ]
NOTIC: [2] Invalid argument supplied for foreach() E:\phpStudy\WWW\gitPhp\ThinkPHP\Library\Think\Db\Driver.class.php 第 504 行.
SQL: SELECT * FROM `song`  [ RunTime:0.0004s ]
NOTIC: [2] Invalid argument supplied for foreach() E:\phpStudy\WWW\gitPhp\ThinkPHP\Library\Think\Db\Driver.class.php 第 504 行.
SQL: SELECT * FROM `song`  [ RunTime:0.0003s ]
NOTIC: [2] Invalid argument supplied for foreach() E:\phpStudy\WWW\gitPhp\ThinkPHP\Library\Think\Db\Driver.class.php 第 504 行.
SQL: SELECT * FROM `song`  [ RunTime:0.0004s ]
NOTIC: [2] Invalid argument supplied for foreach() E:\phpStudy\WWW\gitPhp\ThinkPHP\Library\Think\Db\Driver.class.php 第 504 行.
SQL: SELECT * FROM `song`  [ RunTime:0.0004s ]
NOTIC: [2] Invalid argument supplied for foreach() E:\phpStudy\WWW\gitPhp\ThinkPHP\Library\Think\Db\Driver.class.php 第 504 行.
SQL: SELECT * FROM `song`  [ RunTime:0.0004s ]
NOTIC: [2] Invalid argument supplied for foreach() E:\phpStudy\WWW\gitPhp\ThinkPHP\Library\Think\Db\Driver.class.php 第 504 行.
SQL: SELECT * FROM `song`  [ RunTime:0.0004s ]
NOTIC: [8] Use of undefined constant porfile - assumed 'porfile' E:\phpStudy\WWW\gitPhp\Application\Home\Controller\IndexController.class.php 第 28 行.
NOTIC: [8] Undefined variable: song E:\phpStudy\WWW\gitPhp\Application\Home\Controller\IndexController.class.php 第 28 行.
INFO: [ view_parse ] --START--
INFO: [ template_filter ] --START--
INFO: Run Behavior\ContentReplaceBehavior [ RunTime:0.000471s ]
INFO: [ template_filter ] --END-- [ RunTime:0.000667s ]
NOTIC: [8] Undefined variable: looImg E:\phpStudy\WWW\gitPhp\Application\Runtime\Cache\Home\2a94b8bda04ff446dcedd42276fc99ee.php 第 85 行.
INFO: Run Behavior\ParseTemplateBehavior [ RunTime:0.082934s ]
INFO: [ view_parse ] --END-- [ RunTime:0.083200s ]
INFO: [ view_filter ] --START--
INFO: Run Behavior\WriteHtmlCacheBehavior [ RunTime:0.001568s ]
INFO: [ view_filter ] --END-- [ RunTime:0.001714s ]
INFO: [ app_end ] --START--
INFO: Run Behavior\ShowPageTraceBehavior [ RunTime:0.002838s ]
INFO: [ app_end ] --END-- [ RunTime:0.003118s ]

[ 2020-06-20T17:23:41+08:00 ] ::1 /gitPhp/index.php
INFO: [ app_init ] --START--
INFO: Run Behavior\BuildLiteBehavior [ RunTime:0.000040s ]
INFO: [ app_init ] --END-- [ RunTime:0.002489s ]
INFO: [ app_begin ] --START--
INFO: Run Behavior\ReadHtmlCacheBehavior [ RunTime:0.002136s ]
INFO: [ app_begin ] --END-- [ RunTime:0.002357s ]
SQL: SHOW COLUMNS FROM `loop` [ RunTime:0.0500s ]
SQL: SELECT * FROM `loop` WHERE ( id = 1 ) LIMIT 1   [ RunTime:0.0006s ]
SQL: SHOW COLUMNS FROM `songlist` [ RunTime:0.0260s ]
SQL: SHOW COLUMNS FROM `song` [ RunTime:0.0271s ]
SQL: SELECT * FROM `songlist` WHERE ( name = '歌单一'  )  [ RunTime:0.0006s ]
NOTIC: [2] Invalid argument supplied for foreach() E:\phpStudy\WWW\gitPhp\ThinkPHP\Library\Think\Db\Driver.class.php 第 504 行.
SQL: SELECT * FROM `song`  [ RunTime:0.0004s ]
NOTIC: [2] Invalid argument supplied for foreach() E:\phpStudy\WWW\gitPhp\ThinkPHP\Library\Think\Db\Driver.class.php 第 504 行.
SQL: SELECT * FROM `song`  [ RunTime:0.0004s ]
NOTIC: [2] Invalid argument supplied for foreach() E:\phpStudy\WWW\gitPhp\ThinkPHP\Library\Think\Db\Driver.class.php 第 504 行.
SQL: SELECT * FROM `song`  [ RunTime:0.0004s ]
NOTIC: [2] Invalid argument supplied for foreach() E:\phpStudy\WWW\gitPhp\ThinkPHP\Library\Think\Db\Driver.class.php 第 504 行.
SQL: SELECT * FROM `song`  [ RunTime:0.0004s ]
NOTIC: [2] Invalid argument supplied for foreach() E:\phpStudy\WWW\gitPhp\ThinkPHP\Library\Think\Db\Driver.class.php 第 504 行.
SQL: SELECT * FROM `song`  [ RunTime:0.0005s ]
NOTIC: [2] Invalid argument supplied for foreach() E:\phpStudy\WWW\gitPhp\ThinkPHP\Library\Think\Db\Driver.class.php 第 504 行.
SQL: SELECT * FROM `song`  [ RunTime:0.0007s ]
NOTIC: [2] Invalid argument supplied for foreach() E:\phpStudy\WWW\gitPhp\ThinkPHP\Library\Think\Db\Driver.class.php 第 504 行.
SQL: SELECT * FROM `song`  [ RunTime:0.0005s ]
NOTIC: [8] Use of undefined constant porfile - assumed 'porfile' E:\phpStudy\WWW\gitPhp\Application\Home\Controller\IndexController.class.php 第 28 行.
NOTIC: [8] Undefined index: porfile E:\phpStudy\WWW\gitPhp\Application\Home\Controller\IndexController.class.php 第 28 行.
INFO: [ view_parse ] --START--
INFO: [ template_filter ] --START--
INFO: Run Behavior\ContentReplaceBehavior [ RunTime:0.000456s ]
INFO: [ template_filter ] --END-- [ RunTime:0.000664s ]
NOTIC: [8] Undefined variable: looImg E:\phpStudy\WWW\gitPhp\Application\Runtime\Cache\Home\2a94b8bda04ff446dcedd42276fc99ee.php 第 85 行.
INFO: Run Behavior\ParseTemplateBehavior [ RunTime:0.078574s ]
INFO: [ view_parse ] --END-- [ RunTime:0.078821s ]
INFO: [ view_filter ] --START--
INFO: Run Behavior\WriteHtmlCacheBehavior [ RunTime:0.002240s ]
INFO: [ view_filter ] --END-- [ RunTime:0.002460s ]
INFO: [ app_end ] --START--
INFO: Run Behavior\ShowPageTraceBehavior [ RunTime:0.002848s ]
INFO: [ app_end ] --END-- [ RunTime:0.003120s ]

[ 2020-06-20T17:24:50+08:00 ] ::1 /gitPhp/index.php
INFO: [ app_init ] --START--
INFO: Run Behavior\BuildLiteBehavior [ RunTime:0.000024s ]
INFO: [ app_init ] --END-- [ RunTime:0.000832s ]
INFO: [ app_begin ] --START--
INFO: Run Behavior\ReadHtmlCacheBehavior [ RunTime:0.003122s ]
INFO: [ app_begin ] --END-- [ RunTime:0.003305s ]
SQL: SHOW COLUMNS FROM `loop` [ RunTime:0.0353s ]
SQL: SELECT * FROM `loop` WHERE ( id = 1 ) LIMIT 1   [ RunTime:0.0004s ]
SQL: SHOW COLUMNS FROM `songlist` [ RunTime:0.0297s ]
SQL: SHOW COLUMNS FROM `song` [ RunTime:0.0185s ]
SQL: SELECT * FROM `songlist` WHERE ( name = '歌单一'  )  [ RunTime:0.0005s ]
NOTIC: [2] Invalid argument supplied for foreach() E:\phpStudy\WWW\gitPhp\ThinkPHP\Library\Think\Db\Driver.class.php 第 504 行.
SQL: SELECT * FROM `song`  [ RunTime:0.0004s ]
NOTIC: [2] Invalid argument supplied for foreach() E:\phpStudy\WWW\gitPhp\ThinkPHP\Library\Think\Db\Driver.class.php 第 504 行.
SQL: SELECT * FROM `song`  [ RunTime:0.0003s ]
NOTIC: [2] Invalid argument supplied for foreach() E:\phpStudy\WWW\gitPhp\ThinkPHP\Library\Think\Db\Driver.class.php 第 504 行.
SQL: SELECT * FROM `song`  [ RunTime:0.0004s ]
NOTIC: [2] Invalid argument supplied for foreach() E:\phpStudy\WWW\gitPhp\ThinkPHP\Library\Think\Db\Driver.class.php 第 504 行.
SQL: SELECT * FROM `song`  [ RunTime:0.0004s ]
NOTIC: [2] Invalid argument supplied for foreach() E:\phpStudy\WWW\gitPhp\ThinkPHP\Library\Think\Db\Driver.class.php 第 504 行.
SQL: SELECT * FROM `song`  [ RunTime:0.0004s ]
NOTIC: [2] Invalid argument supplied for foreach() E:\phpStudy\WWW\gitPhp\ThinkPHP\Library\Think\Db\Driver.class.php 第 504 行.
SQL: SELECT * FROM `song`  [ RunTime:0.0004s ]
NOTIC: [2] Invalid argument supplied for foreach() E:\phpStudy\WWW\gitPhp\ThinkPHP\Library\Think\Db\Driver.class.php 第 504 行.
SQL: SELECT * FROM `song`  [ RunTime:0.0005s ]
NOTIC: [8] Undefined index: porfile E:\phpStudy\WWW\gitPhp\Application\Home\Controller\IndexController.class.php 第 28 行.
INFO: [ view_parse ] --START--
INFO: [ template_filter ] --START--
INFO: Run Behavior\ContentReplaceBehavior [ RunTime:0.000340s ]
INFO: [ template_filter ] --END-- [ RunTime:0.000496s ]
NOTIC: [8] Undefined variable: looImg E:\phpStudy\WWW\gitPhp\Application\Runtime\Cache\Home\2a94b8bda04ff446dcedd42276fc99ee.php 第 85 行.
INFO: Run Behavior\ParseTemplateBehavior [ RunTime:0.042806s ]
INFO: [ view_parse ] --END-- [ RunTime:0.043201s ]
INFO: [ view_filter ] --START--
INFO: Run Behavior\WriteHtmlCacheBehavior [ RunTime:0.000840s ]
INFO: [ view_filter ] --END-- [ RunTime:0.000964s ]
INFO: [ app_end ] --START--
INFO: Run Behavior\ShowPageTraceBehavior [ RunTime:0.002086s ]
INFO: [ app_end ] --END-- [ RunTime:0.002266s ]

[ 2020-06-20T17:25:15+08:00 ] ::1 /gitPhp/index.php
INFO: [ app_init ] --START--
INFO: Run Behavior\BuildLiteBehavior [ RunTime:0.000048s ]
INFO: [ app_init ] --END-- [ RunTime:0.001088s ]
INFO: [ app_begin ] --START--
INFO: Run Behavior\ReadHtmlCacheBehavior [ RunTime:0.001786s ]
INFO: [ app_begin ] --END-- [ RunTime:0.001946s ]
SQL: SHOW COLUMNS FROM `loop` [ RunTime:0.0379s ]
SQL: SELECT * FROM `loop` WHERE ( id = 1 ) LIMIT 1   [ RunTime:0.0004s ]
SQL: SHOW COLUMNS FROM `songlist` [ RunTime:0.0208s ]
SQL: SHOW COLUMNS FROM `song` [ RunTime:0.0320s ]
SQL: SELECT * FROM `songlist` WHERE ( name = '歌单一'  )  [ RunTime:0.0008s ]
NOTIC: [2] Invalid argument supplied for foreach() E:\phpStudy\WWW\gitPhp\ThinkPHP\Library\Think\Db\Driver.class.php 第 504 行.
SQL: SELECT * FROM `song`  [ RunTime:0.0006s ]
NOTIC: [2] Invalid argument supplied for foreach() E:\phpStudy\WWW\gitPhp\ThinkPHP\Library\Think\Db\Driver.class.php 第 504 行.
SQL: SELECT * FROM `song`  [ RunTime:0.0005s ]
NOTIC: [2] Invalid argument supplied for foreach() E:\phpStudy\WWW\gitPhp\ThinkPHP\Library\Think\Db\Driver.class.php 第 504 行.
SQL: SELECT * FROM `song`  [ RunTime:0.0005s ]
NOTIC: [2] Invalid argument supplied for foreach() E:\phpStudy\WWW\gitPhp\ThinkPHP\Library\Think\Db\Driver.class.php 第 504 行.
SQL: SELECT * FROM `song`  [ RunTime:0.0004s ]
NOTIC: [2] Invalid argument supplied for foreach() E:\phpStudy\WWW\gitPhp\ThinkPHP\Library\Think\Db\Driver.class.php 第 504 行.
SQL: SELECT * FROM `song`  [ RunTime:0.0003s ]
NOTIC: [2] Invalid argument supplied for foreach() E:\phpStudy\WWW\gitPhp\ThinkPHP\Library\Think\Db\Driver.class.php 第 504 行.
SQL: SELECT * FROM `song`  [ RunTime:0.0003s ]
NOTIC: [2] Invalid argument supplied for foreach() E:\phpStudy\WWW\gitPhp\ThinkPHP\Library\Think\Db\Driver.class.php 第 504 行.
SQL: SELECT * FROM `song`  [ RunTime:0.0003s ]
INFO: [ view_parse ] --START--
INFO: [ template_filter ] --START--
INFO: Run Behavior\ContentReplaceBehavior [ RunTime:0.000215s ]
INFO: [ template_filter ] --END-- [ RunTime:0.000309s ]
NOTIC: [8] Undefined variable: looImg E:\phpStudy\WWW\gitPhp\Application\Runtime\Cache\Home\2a94b8bda04ff446dcedd42276fc99ee.php 第 85 行.
INFO: Run Behavior\ParseTemplateBehavior [ RunTime:0.050880s ]
INFO: [ view_parse ] --END-- [ RunTime:0.051079s ]
INFO: [ view_filter ] --START--
INFO: Run Behavior\WriteHtmlCacheBehavior [ RunTime:0.001147s ]
INFO: [ view_filter ] --END-- [ RunTime:0.001307s ]
INFO: [ app_end ] --START--
INFO: Run Behavior\ShowPageTraceBehavior [ RunTime:0.003330s ]
INFO: [ app_end ] --END-- [ RunTime:0.003579s ]

