[ 2020-06-30T10:59:14+08:00 ] ::1 /gitPhp/index.php
INFO: [ app_init ] --START--
INFO: Run Behavior\BuildLiteBehavior [ RunTime:0.000025s ]
INFO: [ app_init ] --END-- [ RunTime:0.039208s ]
INFO: [ app_begin ] --START--
INFO: Run Behavior\ReadHtmlCacheBehavior [ RunTime:0.036117s ]
INFO: [ app_begin ] --END-- [ RunTime:0.036283s ]
SQL: SHOW COLUMNS FROM `loop` [ RunTime:0.1342s ]
SQL: SELECT * FROM `loop`  [ RunTime:0.0177s ]
SQL: SHOW COLUMNS FROM `songlist` [ RunTime:0.0719s ]
SQL: SHOW COLUMNS FROM `song` [ RunTime:0.0634s ]
SQL: SELECT * FROM `songlist` WHERE ( name = '歌单一' )  [ RunTime:0.0221s ]
NOTIC: [8] Undefined index: song_id E:\phpStudy\WWW\gitPhp\Application\Home\Controller\IndexController.class.php 第 22 行.
SQL: SELECT * FROM `song`  [ RunTime:0.0005s ]
NOTIC: [8] Undefined index: song_id E:\phpStudy\WWW\gitPhp\Application\Home\Controller\IndexController.class.php 第 22 行.
SQL: SELECT * FROM `song`  [ RunTime:0.0003s ]
NOTIC: [8] Undefined index: song_id E:\phpStudy\WWW\gitPhp\Application\Home\Controller\IndexController.class.php 第 22 行.
SQL: SELECT * FROM `song`  [ RunTime:0.0003s ]
NOTIC: [8] Undefined index: song_id E:\phpStudy\WWW\gitPhp\Application\Home\Controller\IndexController.class.php 第 22 行.
SQL: SELECT * FROM `song`  [ RunTime:0.0003s ]
NOTIC: [8] Undefined index: song_id E:\phpStudy\WWW\gitPhp\Application\Home\Controller\IndexController.class.php 第 22 行.
SQL: SELECT * FROM `song`  [ RunTime:0.0003s ]
NOTIC: [8] Undefined index: song_id E:\phpStudy\WWW\gitPhp\Application\Home\Controller\IndexController.class.php 第 22 行.
SQL: SELECT * FROM `song`  [ RunTime:0.0003s ]
NOTIC: [8] Undefined index: name E:\phpStudy\WWW\gitPhp\Application\Home\Controller\IndexController.class.php 第 44 行.
SQL: SHOW COLUMNS FROM `song` [ RunTime:0.0078s ]
SQL: SELECT * FROM `song` WHERE `name` = null LIMIT 1   [ RunTime:0.0035s ]
INFO: [ view_parse ] --START--
INFO: [ template_filter ] --START--
INFO: Run Behavior\ContentReplaceBehavior [ RunTime:0.000142s ]
INFO: [ template_filter ] --END-- [ RunTime:0.000206s ]
INFO: Run Behavior\ParseTemplateBehavior [ RunTime:0.149548s ]
INFO: [ view_parse ] --END-- [ RunTime:0.149802s ]
INFO: [ view_filter ] --START--
INFO: Run Behavior\WriteHtmlCacheBehavior [ RunTime:0.028717s ]
INFO: [ view_filter ] --END-- [ RunTime:0.028856s ]
INFO: [ app_end ] --START--
INFO: Run Behavior\ShowPageTraceBehavior [ RunTime:0.044624s ]
INFO: [ app_end ] --END-- [ RunTime:0.044738s ]

[ 2020-06-30T10:59:26+08:00 ] ::1 /gitPhp/index.php/Home/Index/ajaxgetPlayList
INFO: [ app_init ] --START--
INFO: Run Behavior\BuildLiteBehavior [ RunTime:0.000013s ]
INFO: [ app_init ] --END-- [ RunTime:0.000348s ]
INFO: [ app_begin ] --START--
INFO: Run Behavior\ReadHtmlCacheBehavior [ RunTime:0.000474s ]
INFO: [ app_begin ] --END-- [ RunTime:0.000555s ]
NOTIC: [8] Undefined index: name E:\phpStudy\WWW\gitPhp\Application\Home\Controller\IndexController.class.php 第 32 行.
SQL: SHOW COLUMNS FROM `songlist` [ RunTime:0.0245s ]
SQL: SHOW COLUMNS FROM `song` [ RunTime:0.0131s ]
SQL: SELECT * FROM `songlist`  [ RunTime:0.0003s ]
SQL: SELECT * FROM `song`  [ RunTime:0.0003s ]
SQL: SELECT * FROM `song`  [ RunTime:0.0003s ]
SQL: SELECT * FROM `song`  [ RunTime:0.0003s ]
SQL: SELECT * FROM `song`  [ RunTime:0.0003s ]
SQL: SELECT * FROM `song`  [ RunTime:0.0003s ]
SQL: SELECT * FROM `song`  [ RunTime:0.0003s ]
INFO: [ app_end ] --START--
INFO: Run Behavior\ShowPageTraceBehavior [ RunTime:0.000796s ]
INFO: [ app_end ] --END-- [ RunTime:0.000901s ]

[ 2020-06-30T10:59:28+08:00 ] ::1 /gitPhp/index.php/Home/Index/ajaxgetPlayList
INFO: [ app_init ] --START--
INFO: Run Behavior\BuildLiteBehavior [ RunTime:0.000014s ]
INFO: [ app_init ] --END-- [ RunTime:0.000363s ]
INFO: [ app_begin ] --START--
INFO: Run Behavior\ReadHtmlCacheBehavior [ RunTime:0.000468s ]
INFO: [ app_begin ] --END-- [ RunTime:0.000518s ]
NOTIC: [8] Undefined index: name E:\phpStudy\WWW\gitPhp\Application\Home\Controller\IndexController.class.php 第 32 行.
SQL: SHOW COLUMNS FROM `songlist` [ RunTime:0.0214s ]
SQL: SHOW COLUMNS FROM `song` [ RunTime:0.0104s ]
SQL: SELECT * FROM `songlist`  [ RunTime:0.0004s ]
SQL: SELECT * FROM `song`  [ RunTime:0.0003s ]
SQL: SELECT * FROM `song`  [ RunTime:0.0003s ]
SQL: SELECT * FROM `song`  [ RunTime:0.0005s ]
SQL: SELECT * FROM `song`  [ RunTime:0.0003s ]
SQL: SELECT * FROM `song`  [ RunTime:0.0003s ]
SQL: SELECT * FROM `song`  [ RunTime:0.0003s ]
INFO: [ app_end ] --START--
INFO: Run Behavior\ShowPageTraceBehavior [ RunTime:0.000563s ]
INFO: [ app_end ] --END-- [ RunTime:0.000615s ]

[ 2020-06-30T10:59:30+08:00 ] ::1 /gitPhp/index.php/Home/Index/ajaxsongTime?name=%E7%A8%BB%E9%A6%99
INFO: [ app_init ] --START--
INFO: Run Behavior\BuildLiteBehavior [ RunTime:0.000017s ]
INFO: [ app_init ] --END-- [ RunTime:0.000538s ]
INFO: [ app_begin ] --START--
INFO: Run Behavior\ReadHtmlCacheBehavior [ RunTime:0.000471s ]
INFO: [ app_begin ] --END-- [ RunTime:0.000525s ]
SQL: SHOW COLUMNS FROM `song` [ RunTime:0.0245s ]
SQL: SELECT * FROM `song` WHERE `name` = '稻香' LIMIT 1   [ RunTime:0.0261s ]
INFO: [ app_end ] --START--
INFO: Run Behavior\ShowPageTraceBehavior [ RunTime:0.000467s ]
INFO: [ app_end ] --END-- [ RunTime:0.000535s ]

[ 2020-06-30T10:59:55+08:00 ] ::1 /gitPhp/index.php/Home/Index/ajaxsongTime?name=%E5%8F%A5%E5%8F%B7
INFO: [ app_init ] --START--
INFO: Run Behavior\BuildLiteBehavior [ RunTime:0.000014s ]
INFO: [ app_init ] --END-- [ RunTime:0.000306s ]
INFO: [ app_begin ] --START--
INFO: Run Behavior\ReadHtmlCacheBehavior [ RunTime:0.000419s ]
INFO: [ app_begin ] --END-- [ RunTime:0.000472s ]
SQL: SHOW COLUMNS FROM `song` [ RunTime:0.0219s ]
SQL: SELECT * FROM `song` WHERE `name` = '句号' LIMIT 1   [ RunTime:0.0270s ]
INFO: [ app_end ] --START--
INFO: Run Behavior\ShowPageTraceBehavior [ RunTime:0.000759s ]
INFO: [ app_end ] --END-- [ RunTime:0.000866s ]

[ 2020-06-30T11:00:09+08:00 ] ::1 /gitPhp/index.php/Home/Index/ajaxsongTime?name=%E7%82%B9%E6%AD%8C%E7%9A%84%E4%BA%BA
INFO: [ app_init ] --START--
INFO: Run Behavior\BuildLiteBehavior [ RunTime:0.000017s ]
INFO: [ app_init ] --END-- [ RunTime:0.000356s ]
INFO: [ app_begin ] --START--
INFO: Run Behavior\ReadHtmlCacheBehavior [ RunTime:0.000493s ]
INFO: [ app_begin ] --END-- [ RunTime:0.000553s ]
SQL: SHOW COLUMNS FROM `song` [ RunTime:0.0205s ]
SQL: SELECT * FROM `song` WHERE `name` = '点歌的人' LIMIT 1   [ RunTime:0.0022s ]
INFO: [ app_end ] --START--
INFO: Run Behavior\ShowPageTraceBehavior [ RunTime:0.000548s ]
INFO: [ app_end ] --END-- [ RunTime:0.000629s ]

[ 2020-06-30T11:00:14+08:00 ] ::1 /gitPhp/index.php/Home/Index/ajaxsongTime?name=%E5%8F%A5%E5%8F%B7
INFO: [ app_init ] --START--
INFO: Run Behavior\BuildLiteBehavior [ RunTime:0.000013s ]
INFO: [ app_init ] --END-- [ RunTime:0.000280s ]
INFO: [ app_begin ] --START--
INFO: Run Behavior\ReadHtmlCacheBehavior [ RunTime:0.000377s ]
INFO: [ app_begin ] --END-- [ RunTime:0.000426s ]
SQL: SHOW COLUMNS FROM `song` [ RunTime:0.0205s ]
SQL: SELECT * FROM `song` WHERE `name` = '句号' LIMIT 1   [ RunTime:0.0004s ]
INFO: [ app_end ] --START--
INFO: Run Behavior\ShowPageTraceBehavior [ RunTime:0.000547s ]
INFO: [ app_end ] --END-- [ RunTime:0.000624s ]

[ 2020-06-30T11:00:41+08:00 ] ::1 /gitPhp/index.php
INFO: [ app_init ] --START--
INFO: Run Behavior\BuildLiteBehavior [ RunTime:0.000016s ]
INFO: [ app_init ] --END-- [ RunTime:0.000338s ]
INFO: [ app_begin ] --START--
INFO: Run Behavior\ReadHtmlCacheBehavior [ RunTime:0.000479s ]
INFO: [ app_begin ] --END-- [ RunTime:0.000543s ]
SQL: SHOW COLUMNS FROM `loop` [ RunTime:0.0255s ]
SQL: SELECT * FROM `loop`  [ RunTime:0.0004s ]
SQL: SHOW COLUMNS FROM `songlist` [ RunTime:0.0100s ]
SQL: SHOW COLUMNS FROM `song` [ RunTime:0.0131s ]
SQL: SELECT * FROM `songlist` WHERE ( name = '歌单一' )  [ RunTime:0.0004s ]
NOTIC: [8] Undefined index: song_id E:\phpStudy\WWW\gitPhp\Application\Home\Controller\IndexController.class.php 第 22 行.
SQL: SELECT * FROM `song`  [ RunTime:0.0003s ]
NOTIC: [8] Undefined index: song_id E:\phpStudy\WWW\gitPhp\Application\Home\Controller\IndexController.class.php 第 22 行.
SQL: SELECT * FROM `song`  [ RunTime:0.0003s ]
NOTIC: [8] Undefined index: song_id E:\phpStudy\WWW\gitPhp\Application\Home\Controller\IndexController.class.php 第 22 行.
SQL: SELECT * FROM `song`  [ RunTime:0.0003s ]
NOTIC: [8] Undefined index: song_id E:\phpStudy\WWW\gitPhp\Application\Home\Controller\IndexController.class.php 第 22 行.
SQL: SELECT * FROM `song`  [ RunTime:0.0002s ]
NOTIC: [8] Undefined index: song_id E:\phpStudy\WWW\gitPhp\Application\Home\Controller\IndexController.class.php 第 22 行.
SQL: SELECT * FROM `song`  [ RunTime:0.0003s ]
NOTIC: [8] Undefined index: song_id E:\phpStudy\WWW\gitPhp\Application\Home\Controller\IndexController.class.php 第 22 行.
SQL: SELECT * FROM `song`  [ RunTime:0.0004s ]
NOTIC: [8] Undefined index: name E:\phpStudy\WWW\gitPhp\Application\Home\Controller\IndexController.class.php 第 44 行.
SQL: SHOW COLUMNS FROM `song` [ RunTime:0.0073s ]
SQL: SELECT * FROM `song` WHERE `name` = null LIMIT 1   [ RunTime:0.0003s ]
INFO: [ view_parse ] --START--
INFO: [ template_filter ] --START--
INFO: Run Behavior\ContentReplaceBehavior [ RunTime:0.000169s ]
INFO: [ template_filter ] --END-- [ RunTime:0.000257s ]
INFO: Run Behavior\ParseTemplateBehavior [ RunTime:0.031281s ]
INFO: [ view_parse ] --END-- [ RunTime:0.031364s ]
INFO: [ view_filter ] --START--
INFO: Run Behavior\WriteHtmlCacheBehavior [ RunTime:0.000301s ]
INFO: [ view_filter ] --END-- [ RunTime:0.000348s ]
INFO: [ app_end ] --START--
INFO: Run Behavior\ShowPageTraceBehavior [ RunTime:0.000697s ]
INFO: [ app_end ] --END-- [ RunTime:0.000840s ]

