[ 2020-06-22T11:38:51+08:00 ] ::1 /gitPhp/index.php
INFO: [ app_init ] --START--
INFO: Run Behavior\BuildLiteBehavior [ RunTime:0.000020s ]
INFO: [ app_init ] --END-- [ RunTime:0.035474s ]
INFO: [ app_begin ] --START--
INFO: Run Behavior\ReadHtmlCacheBehavior [ RunTime:0.042901s ]
INFO: [ app_begin ] --END-- [ RunTime:0.042992s ]
SQL: SHOW COLUMNS FROM `loop` [ RunTime:0.0318s ]
SQL: SELECT * FROM `loop` WHERE ( id = 1 ) LIMIT 1   [ RunTime:0.0065s ]
SQL: SHOW COLUMNS FROM `songlist` [ RunTime:0.0168s ]
SQL: SHOW COLUMNS FROM `song` [ RunTime:0.0174s ]
SQL: SELECT * FROM `songlist` WHERE ( name = '歌单一'  )  [ RunTime:0.0004s ]
NOTIC: [8] Undefined index: song_id E:\phpStudy\WWW\gitPhp\Application\Home\Controller\IndexController.class.php 第 23 行.
SQL: SELECT * FROM `song`  [ RunTime:0.0003s ]
NOTIC: [8] Undefined index: song_id E:\phpStudy\WWW\gitPhp\Application\Home\Controller\IndexController.class.php 第 23 行.
SQL: SELECT * FROM `song`  [ RunTime:0.0003s ]
NOTIC: [8] Undefined index: song_id E:\phpStudy\WWW\gitPhp\Application\Home\Controller\IndexController.class.php 第 23 行.
SQL: SELECT * FROM `song`  [ RunTime:0.0003s ]
NOTIC: [8] Undefined index: song_id E:\phpStudy\WWW\gitPhp\Application\Home\Controller\IndexController.class.php 第 23 行.
SQL: SELECT * FROM `song`  [ RunTime:0.0003s ]
NOTIC: [8] Undefined index: song_id E:\phpStudy\WWW\gitPhp\Application\Home\Controller\IndexController.class.php 第 23 行.
SQL: SELECT * FROM `song`  [ RunTime:0.0003s ]
NOTIC: [8] Undefined index: song_id E:\phpStudy\WWW\gitPhp\Application\Home\Controller\IndexController.class.php 第 23 行.
SQL: SELECT * FROM `song`  [ RunTime:0.0003s ]
INFO: [ view_parse ] --START--
INFO: [ template_filter ] --START--
INFO: Run Behavior\ContentReplaceBehavior [ RunTime:0.000161s ]
INFO: [ template_filter ] --END-- [ RunTime:0.000259s ]
NOTIC: [8] Undefined variable: looImg E:\phpStudy\WWW\gitPhp\Application\Runtime\Cache\Home\2a94b8bda04ff446dcedd42276fc99ee.php 第 85 行.
INFO: Run Behavior\ParseTemplateBehavior [ RunTime:0.272483s ]
INFO: [ view_parse ] --END-- [ RunTime:0.272550s ]
INFO: [ view_filter ] --START--
INFO: Run Behavior\WriteHtmlCacheBehavior [ RunTime:0.038434s ]
INFO: [ view_filter ] --END-- [ RunTime:0.038510s ]
INFO: [ app_end ] --START--
INFO: Run Behavior\ShowPageTraceBehavior [ RunTime:0.069493s ]
INFO: [ app_end ] --END-- [ RunTime:0.069633s ]

[ 2020-06-22T12:30:02+08:00 ] ::1 /gitPhp/index.php
INFO: [ app_init ] --START--
INFO: Run Behavior\BuildLiteBehavior [ RunTime:0.000040s ]
INFO: [ app_init ] --END-- [ RunTime:0.000911s ]
INFO: [ app_begin ] --START--
INFO: Run Behavior\ReadHtmlCacheBehavior [ RunTime:0.002609s ]
INFO: [ app_begin ] --END-- [ RunTime:0.002814s ]
SQL: SHOW COLUMNS FROM `loop` [ RunTime:0.0877s ]
SQL: SELECT * FROM `loop` WHERE ( id = 1 ) LIMIT 1   [ RunTime:0.0200s ]
SQL: SHOW COLUMNS FROM `songlist` [ RunTime:0.0455s ]
SQL: SHOW COLUMNS FROM `song` [ RunTime:0.0303s ]
SQL: SELECT * FROM `songlist` WHERE ( name = '歌单一'  )  [ RunTime:0.0099s ]
NOTIC: [8] Undefined index: song_id E:\phpStudy\WWW\gitPhp\Application\Home\Controller\IndexController.class.php 第 23 行.
SQL: SELECT * FROM `song`  [ RunTime:0.0017s ]
NOTIC: [8] Undefined index: song_id E:\phpStudy\WWW\gitPhp\Application\Home\Controller\IndexController.class.php 第 23 行.
SQL: SELECT * FROM `song`  [ RunTime:0.0005s ]
NOTIC: [8] Undefined index: song_id E:\phpStudy\WWW\gitPhp\Application\Home\Controller\IndexController.class.php 第 23 行.
SQL: SELECT * FROM `song`  [ RunTime:0.0004s ]
NOTIC: [8] Undefined index: song_id E:\phpStudy\WWW\gitPhp\Application\Home\Controller\IndexController.class.php 第 23 行.
SQL: SELECT * FROM `song`  [ RunTime:0.0003s ]
NOTIC: [8] Undefined index: song_id E:\phpStudy\WWW\gitPhp\Application\Home\Controller\IndexController.class.php 第 23 行.
SQL: SELECT * FROM `song`  [ RunTime:0.0003s ]
NOTIC: [8] Undefined index: song_id E:\phpStudy\WWW\gitPhp\Application\Home\Controller\IndexController.class.php 第 23 行.
SQL: SELECT * FROM `song`  [ RunTime:0.0003s ]
INFO: [ view_parse ] --START--
INFO: [ template_filter ] --START--
INFO: Run Behavior\ContentReplaceBehavior [ RunTime:0.000142s ]
INFO: [ template_filter ] --END-- [ RunTime:0.000203s ]
NOTIC: [8] Undefined variable: looImg E:\phpStudy\WWW\gitPhp\Application\Runtime\Cache\Home\2a94b8bda04ff446dcedd42276fc99ee.php 第 85 行.
INFO: Run Behavior\ParseTemplateBehavior [ RunTime:0.036842s ]
INFO: [ view_parse ] --END-- [ RunTime:0.036951s ]
INFO: [ view_filter ] --START--
INFO: Run Behavior\WriteHtmlCacheBehavior [ RunTime:0.000806s ]
INFO: [ view_filter ] --END-- [ RunTime:0.000882s ]
INFO: [ app_end ] --START--
INFO: Run Behavior\ShowPageTraceBehavior [ RunTime:0.001567s ]
INFO: [ app_end ] --END-- [ RunTime:0.001682s ]

[ 2020-06-22T23:54:23+08:00 ] ::1 /gitPhp/index.php/Home/Index
INFO: [ app_init ] --START--
INFO: Run Behavior\BuildLiteBehavior [ RunTime:0.000019s ]
INFO: [ app_init ] --END-- [ RunTime:0.000603s ]
INFO: [ app_begin ] --START--
INFO: Run Behavior\ReadHtmlCacheBehavior [ RunTime:0.002560s ]
INFO: [ app_begin ] --END-- [ RunTime:0.002750s ]
SQL: SHOW COLUMNS FROM `loop` [ RunTime:0.0365s ]
SQL: SELECT * FROM `loop` WHERE ( id = 1 ) LIMIT 1   [ RunTime:0.0220s ]
SQL: SHOW COLUMNS FROM `songlist` [ RunTime:0.0208s ]
SQL: SHOW COLUMNS FROM `song` [ RunTime:0.0333s ]
SQL: SELECT * FROM `songlist` WHERE ( name = '歌单一'  )  [ RunTime:0.0101s ]
NOTIC: [8] Undefined index: song_id E:\phpStudy\WWW\gitPhp\Application\Home\Controller\IndexController.class.php 第 23 行.
SQL: SELECT * FROM `song`  [ RunTime:0.0007s ]
NOTIC: [8] Undefined index: song_id E:\phpStudy\WWW\gitPhp\Application\Home\Controller\IndexController.class.php 第 23 行.
SQL: SELECT * FROM `song`  [ RunTime:0.0006s ]
NOTIC: [8] Undefined index: song_id E:\phpStudy\WWW\gitPhp\Application\Home\Controller\IndexController.class.php 第 23 行.
SQL: SELECT * FROM `song`  [ RunTime:0.0006s ]
NOTIC: [8] Undefined index: song_id E:\phpStudy\WWW\gitPhp\Application\Home\Controller\IndexController.class.php 第 23 行.
SQL: SELECT * FROM `song`  [ RunTime:0.0005s ]
NOTIC: [8] Undefined index: song_id E:\phpStudy\WWW\gitPhp\Application\Home\Controller\IndexController.class.php 第 23 行.
SQL: SELECT * FROM `song`  [ RunTime:0.0007s ]
NOTIC: [8] Undefined index: song_id E:\phpStudy\WWW\gitPhp\Application\Home\Controller\IndexController.class.php 第 23 行.
SQL: SELECT * FROM `song`  [ RunTime:0.0009s ]
INFO: [ view_parse ] --START--
INFO: [ template_filter ] --START--
INFO: Run Behavior\ContentReplaceBehavior [ RunTime:0.000265s ]
INFO: [ template_filter ] --END-- [ RunTime:0.000377s ]
NOTIC: [8] Undefined index: img5 E:\phpStudy\WWW\gitPhp\Application\Runtime\Cache\Home\2a94b8bda04ff446dcedd42276fc99ee.php 第 49 行.
NOTIC: [8] Undefined index: img5 E:\phpStudy\WWW\gitPhp\Application\Runtime\Cache\Home\2a94b8bda04ff446dcedd42276fc99ee.php 第 50 行.
NOTIC: [8] Undefined index: img1 E:\phpStudy\WWW\gitPhp\Application\Runtime\Cache\Home\2a94b8bda04ff446dcedd42276fc99ee.php 第 55 行.
NOTIC: [8] Undefined index: img1 E:\phpStudy\WWW\gitPhp\Application\Runtime\Cache\Home\2a94b8bda04ff446dcedd42276fc99ee.php 第 56 行.
NOTIC: [8] Undefined index: img2 E:\phpStudy\WWW\gitPhp\Application\Runtime\Cache\Home\2a94b8bda04ff446dcedd42276fc99ee.php 第 60 行.
NOTIC: [8] Undefined index: img2 E:\phpStudy\WWW\gitPhp\Application\Runtime\Cache\Home\2a94b8bda04ff446dcedd42276fc99ee.php 第 61 行.
NOTIC: [8] Undefined index: img3 E:\phpStudy\WWW\gitPhp\Application\Runtime\Cache\Home\2a94b8bda04ff446dcedd42276fc99ee.php 第 66 行.
NOTIC: [8] Undefined index: img3 E:\phpStudy\WWW\gitPhp\Application\Runtime\Cache\Home\2a94b8bda04ff446dcedd42276fc99ee.php 第 67 行.
NOTIC: [8] Undefined index: img4 E:\phpStudy\WWW\gitPhp\Application\Runtime\Cache\Home\2a94b8bda04ff446dcedd42276fc99ee.php 第 72 行.
NOTIC: [8] Undefined index: img4 E:\phpStudy\WWW\gitPhp\Application\Runtime\Cache\Home\2a94b8bda04ff446dcedd42276fc99ee.php 第 73 行.
NOTIC: [8] Undefined index: img5 E:\phpStudy\WWW\gitPhp\Application\Runtime\Cache\Home\2a94b8bda04ff446dcedd42276fc99ee.php 第 78 行.
NOTIC: [8] Undefined index: img5 E:\phpStudy\WWW\gitPhp\Application\Runtime\Cache\Home\2a94b8bda04ff446dcedd42276fc99ee.php 第 79 行.
NOTIC: [8] Undefined index: img1 E:\phpStudy\WWW\gitPhp\Application\Runtime\Cache\Home\2a94b8bda04ff446dcedd42276fc99ee.php 第 84 行.
NOTIC: [8] Undefined variable: looImg E:\phpStudy\WWW\gitPhp\Application\Runtime\Cache\Home\2a94b8bda04ff446dcedd42276fc99ee.php 第 85 行.
INFO: Run Behavior\ParseTemplateBehavior [ RunTime:0.082681s ]
INFO: [ view_parse ] --END-- [ RunTime:0.082858s ]
INFO: [ view_filter ] --START--
INFO: Run Behavior\WriteHtmlCacheBehavior [ RunTime:0.001036s ]
INFO: [ view_filter ] --END-- [ RunTime:0.001147s ]
INFO: [ app_end ] --START--
INFO: Run Behavior\ShowPageTraceBehavior [ RunTime:0.001622s ]
INFO: [ app_end ] --END-- [ RunTime:0.001745s ]

