[ 2020-06-23T19:09:04+08:00 ] ::1 /gitPhp/Application/Home/View/index/__PUBLIC__/css/base.css
INFO: [ app_init ] --START--
INFO: Run Behavior\BuildLiteBehavior [ RunTime:0.000042s ]
INFO: [ app_init ] --END-- [ RunTime:0.000982s ]
ERR: 无法加载模块:Application

[ 2020-06-23T19:09:04+08:00 ] ::1 /gitPhp/Application/Home/View/index/__PUBLIC__/css/index.css
INFO: [ app_init ] --START--
INFO: Run Behavior\BuildLiteBehavior [ RunTime:0.000015s ]
INFO: [ app_init ] --END-- [ RunTime:0.000416s ]
ERR: 无法加载模块:Application

[ 2020-06-23T19:09:04+08:00 ] ::1 /gitPhp/Application/Home/View/index/__PUBLIC__/js/jquery-3.4.1.js
INFO: [ app_init ] --START--
INFO: Run Behavior\BuildLiteBehavior [ RunTime:0.000036s ]
INFO: [ app_init ] --END-- [ RunTime:0.000573s ]
ERR: 无法加载模块:Application

[ 2020-06-23T19:09:04+08:00 ] ::1 /gitPhp/Application/Home/View/index/__PUBLIC__/js/index.js
INFO: [ app_init ] --START--
INFO: Run Behavior\BuildLiteBehavior [ RunTime:0.000166s ]
INFO: [ app_init ] --END-- [ RunTime:0.001956s ]
ERR: 无法加载模块:Application

[ 2020-06-23T19:09:05+08:00 ] ::1 /gitPhp/Application/Home/View/index/__PUBLIC__/img/%E9%9F%B3%E4%B9%90%20(1).png
INFO: [ app_init ] --START--
INFO: Run Behavior\BuildLiteBehavior [ RunTime:0.000044s ]
INFO: [ app_init ] --END-- [ RunTime:0.004256s ]
ERR: 无法加载模块:Application

[ 2020-06-23T19:09:05+08:00 ] ::1 /gitPhp/Application/Home/View/index/__PUBLIC__/upload/options/loop/%7B$loopImg[0]['src']%7D
INFO: [ app_init ] --START--
INFO: Run Behavior\BuildLiteBehavior [ RunTime:0.000038s ]
INFO: [ app_init ] --END-- [ RunTime:0.001040s ]
ERR: 无法加载模块:Application

[ 2020-06-23T19:09:05+08:00 ] ::1 /gitPhp/Application/Home/View/index/__PUBLIC__/js/index.js
INFO: [ app_init ] --START--
INFO: Run Behavior\BuildLiteBehavior [ RunTime:0.000026s ]
INFO: [ app_init ] --END-- [ RunTime:0.000617s ]
ERR: 无法加载模块:Application

[ 2020-06-23T19:09:05+08:00 ] ::1 /gitPhp/Application/Home/View/index/__PUBLIC__/upload/options/loop/%7B$loopImg['img1']%7D
INFO: [ app_init ] --START--
INFO: Run Behavior\BuildLiteBehavior [ RunTime:0.000025s ]
INFO: [ app_init ] --END-- [ RunTime:0.000766s ]
ERR: 无法加载模块:Application

[ 2020-06-23T19:09:05+08:00 ] ::1 /gitPhp/Application/Home/View/index/__PUBLIC__/upload/options/loop/%7B$loopImg['img3']%7D
INFO: [ app_init ] --START--
INFO: Run Behavior\BuildLiteBehavior [ RunTime:0.000116s ]
INFO: [ app_init ] --END-- [ RunTime:0.001971s ]
ERR: 无法加载模块:Application

[ 2020-06-23T19:09:05+08:00 ] ::1 /gitPhp/Application/Home/View/index/__PUBLIC__/upload/options/loop/%7B$loopImg['img5']%7D
INFO: [ app_init ] --START--
INFO: Run Behavior\BuildLiteBehavior [ RunTime:0.000044s ]
INFO: [ app_init ] --END-- [ RunTime:0.001030s ]
ERR: 无法加载模块:Application

[ 2020-06-23T19:09:05+08:00 ] ::1 /gitPhp/Application/Home/View/index/__PUBLIC__/upload/options/loop/%7B$loopImg['img2']%7D
INFO: [ app_init ] --START--
INFO: Run Behavior\BuildLiteBehavior [ RunTime:0.000031s ]
INFO: [ app_init ] --END-- [ RunTime:0.000691s ]
ERR: 无法加载模块:Application

[ 2020-06-23T19:09:05+08:00 ] ::1 /gitPhp/Application/Home/View/index/__PUBLIC__/upload/options/loop/%7B$loopImg['img4']%7D
INFO: [ app_init ] --START--
INFO: Run Behavior\BuildLiteBehavior [ RunTime:0.000214s ]
INFO: [ app_init ] --END-- [ RunTime:0.005280s ]
ERR: 无法加载模块:Application

[ 2020-06-23T19:09:05+08:00 ] ::1 /gitPhp/Application/Home/View/index/__PUBLIC__/img/recommend2.jpg
INFO: [ app_init ] --START--
INFO: Run Behavior\BuildLiteBehavior [ RunTime:0.000025s ]
INFO: [ app_init ] --END-- [ RunTime:0.000580s ]
ERR: 无法加载模块:Application

[ 2020-06-23T19:09:05+08:00 ] ::1 /gitPhp/Application/Home/View/index/__PUBLIC__/img/%7B$songList[2]%7D
INFO: [ app_init ] --START--
INFO: Run Behavior\BuildLiteBehavior [ RunTime:0.000069s ]
INFO: [ app_init ] --END-- [ RunTime:0.003430s ]
ERR: 无法加载模块:Application

[ 2020-06-23T19:09:05+08:00 ] ::1 /gitPhp/Application/Home/View/index/__PUBLIC__/img/recommend3.jpg
INFO: [ app_init ] --START--
INFO: Run Behavior\BuildLiteBehavior [ RunTime:0.003316s ]
INFO: [ app_init ] --END-- [ RunTime:0.004712s ]
ERR: 无法加载模块:Application

[ 2020-06-23T19:09:05+08:00 ] ::1 /gitPhp/Application/Home/View/index/__PUBLIC__/img/recommend5.jpg
INFO: [ app_init ] --START--
INFO: Run Behavior\BuildLiteBehavior [ RunTime:0.000026s ]
INFO: [ app_init ] --END-- [ RunTime:0.000853s ]
ERR: 无法加载模块:Application

[ 2020-06-23T19:09:05+08:00 ] ::1 /gitPhp/Application/Home/View/index/__PUBLIC__/upload/options/loop/%7B$looImg['img1']%7D
INFO: [ app_init ] --START--
INFO: Run Behavior\BuildLiteBehavior [ RunTime:0.000083s ]
INFO: [ app_init ] --END-- [ RunTime:0.017883s ]
ERR: 无法加载模块:Application

[ 2020-06-23T19:09:05+08:00 ] ::1 /gitPhp/Application/Home/View/index/__PUBLIC__/img/activity1.jpg
INFO: [ app_init ] --START--
INFO: Run Behavior\BuildLiteBehavior [ RunTime:0.000025s ]
INFO: [ app_init ] --END-- [ RunTime:0.000716s ]
ERR: 无法加载模块:Application

[ 2020-06-23T19:09:05+08:00 ] ::1 /gitPhp/Application/Home/View/index/__PUBLIC__/img/activity2.jpg
INFO: [ app_init ] --START--
INFO: Run Behavior\BuildLiteBehavior [ RunTime:0.000104s ]
INFO: [ app_init ] --END-- [ RunTime:0.003501s ]
ERR: 无法加载模块:Application

[ 2020-06-23T19:09:05+08:00 ] ::1 /gitPhp/Application/Home/View/index/__PUBLIC__/img/paihang1.png
INFO: [ app_init ] --START--
INFO: Run Behavior\BuildLiteBehavior [ RunTime:0.000037s ]
INFO: [ app_init ] --END-- [ RunTime:0.000687s ]
ERR: 无法加载模块:Application

[ 2020-06-23T19:09:05+08:00 ] ::1 /gitPhp/Application/Home/View/index/__PUBLIC__/img/paiming2.png
INFO: [ app_init ] --START--
INFO: Run Behavior\BuildLiteBehavior [ RunTime:0.000029s ]
INFO: [ app_init ] --END-- [ RunTime:0.000944s ]
ERR: 无法加载模块:Application

[ 2020-06-23T19:09:05+08:00 ] ::1 /gitPhp/Application/Home/View/index/__PUBLIC__/img/paiming1.png
INFO: [ app_init ] --START--
INFO: Run Behavior\BuildLiteBehavior [ RunTime:0.000105s ]
INFO: [ app_init ] --END-- [ RunTime:0.001015s ]
ERR: 无法加载模块:Application

[ 2020-06-23T19:09:05+08:00 ] ::1 /gitPhp/Application/Home/View/index/__PUBLIC__/img/paiming3.png
INFO: [ app_init ] --START--
INFO: Run Behavior\BuildLiteBehavior [ RunTime:0.000035s ]
INFO: [ app_init ] --END-- [ RunTime:0.000714s ]
ERR: 无法加载模块:Application

[ 2020-06-23T19:09:05+08:00 ] ::1 /gitPhp/Application/Home/View/index/__PUBLIC__/img/paihang2.png
INFO: [ app_init ] --START--
INFO: Run Behavior\BuildLiteBehavior [ RunTime:0.000037s ]
INFO: [ app_init ] --END-- [ RunTime:0.000739s ]
ERR: 无法加载模块:Application

[ 2020-06-23T19:09:05+08:00 ] ::1 /gitPhp/Application/Home/View/index/__PUBLIC__/img/paihang3.png
INFO: [ app_init ] --START--
INFO: Run Behavior\BuildLiteBehavior [ RunTime:0.000039s ]
INFO: [ app_init ] --END-- [ RunTime:0.001004s ]
ERR: 无法加载模块:Application

[ 2020-06-23T19:09:05+08:00 ] ::1 /gitPhp/Application/Home/View/index/__PUBLIC__/img/paihang4.png
INFO: [ app_init ] --START--
INFO: Run Behavior\BuildLiteBehavior [ RunTime:0.000025s ]
INFO: [ app_init ] --END-- [ RunTime:0.000565s ]
ERR: 无法加载模块:Application

[ 2020-06-23T19:09:05+08:00 ] ::1 /gitPhp/Application/Home/View/index/__PUBLIC__/img/paihang5.png
INFO: [ app_init ] --START--
INFO: Run Behavior\BuildLiteBehavior [ RunTime:0.000040s ]
INFO: [ app_init ] --END-- [ RunTime:0.000821s ]
ERR: 无法加载模块:Application

[ 2020-06-23T19:09:05+08:00 ] ::1 /gitPhp/Application/Home/View/index/__PUBLIC__/img/singer1.jpg
INFO: [ app_init ] --START--
INFO: Run Behavior\BuildLiteBehavior [ RunTime:0.000031s ]
INFO: [ app_init ] --END-- [ RunTime:0.001160s ]
ERR: 无法加载模块:Application

[ 2020-06-23T19:09:05+08:00 ] ::1 /gitPhp/Application/Home/View/index/__PUBLIC__/img/singer2.jpg
INFO: [ app_init ] --START--
INFO: Run Behavior\BuildLiteBehavior [ RunTime:0.000031s ]
INFO: [ app_init ] --END-- [ RunTime:0.001308s ]
ERR: 无法加载模块:Application

[ 2020-06-23T19:09:05+08:00 ] ::1 /gitPhp/Application/Home/View/index/__PUBLIC__/img/singer3.jpg
INFO: [ app_init ] --START--
INFO: Run Behavior\BuildLiteBehavior [ RunTime:0.000033s ]
INFO: [ app_init ] --END-- [ RunTime:0.000668s ]
ERR: 无法加载模块:Application

[ 2020-06-23T19:09:05+08:00 ] ::1 /gitPhp/Application/Home/View/index/__PUBLIC__/img/singer4.jpg
INFO: [ app_init ] --START--
INFO: Run Behavior\BuildLiteBehavior [ RunTime:0.000039s ]
INFO: [ app_init ] --END-- [ RunTime:0.001187s ]
ERR: 无法加载模块:Application

[ 2020-06-23T19:09:05+08:00 ] ::1 /gitPhp/Application/Home/View/index/__PUBLIC__/img/singer5.jpg
INFO: [ app_init ] --START--
INFO: Run Behavior\BuildLiteBehavior [ RunTime:0.000026s ]
INFO: [ app_init ] --END-- [ RunTime:0.000662s ]
ERR: 无法加载模块:Application

[ 2020-06-23T19:09:05+08:00 ] ::1 /gitPhp/Application/Home/View/index/__PUBLIC__/img/singer6.jpg
INFO: [ app_init ] --START--
INFO: Run Behavior\BuildLiteBehavior [ RunTime:0.000038s ]
INFO: [ app_init ] --END-- [ RunTime:0.000904s ]
ERR: 无法加载模块:Application

[ 2020-06-23T19:09:05+08:00 ] ::1 /gitPhp/Application/Home/View/index/__PUBLIC__/upload/options/loop/%7B$loopImg[0]['src']%7D
INFO: [ app_init ] --START--
INFO: Run Behavior\BuildLiteBehavior [ RunTime:0.000026s ]
INFO: [ app_init ] --END-- [ RunTime:0.000730s ]
ERR: 无法加载模块:Application

[ 2020-06-23T19:09:05+08:00 ] ::1 /gitPhp/Application/Home/View/index/__PUBLIC__/img/recommend4.jpg
INFO: [ app_init ] --START--
INFO: Run Behavior\BuildLiteBehavior [ RunTime:0.000024s ]
INFO: [ app_init ] --END-- [ RunTime:0.000602s ]
ERR: 无法加载模块:Application

[ 2020-06-23T19:09:05+08:00 ] ::1 /gitPhp/Application/Home/View/index/__PUBLIC__/img/radio1.jpg
INFO: [ app_init ] --START--
INFO: Run Behavior\BuildLiteBehavior [ RunTime:0.000040s ]
INFO: [ app_init ] --END-- [ RunTime:0.001041s ]
ERR: 无法加载模块:Application

[ 2020-06-23T19:09:05+08:00 ] ::1 /gitPhp/Application/Home/View/index/__PUBLIC__/favicon.ico
INFO: [ app_init ] --START--
INFO: Run Behavior\BuildLiteBehavior [ RunTime:0.000033s ]
INFO: [ app_init ] --END-- [ RunTime:0.000855s ]
ERR: 无法加载模块:Application

[ 2020-06-23T21:03:44+08:00 ] ::1 /gitPhp./Public/upload/song/lyric/周杰伦
INFO: [ app_init ] --START--
INFO: Run Behavior\BuildLiteBehavior [ RunTime:0.000032s ]
INFO: [ app_init ] --END-- [ RunTime:0.000936s ]
ERR: 无法加载模块:Public

[ 2020-06-23T21:04:46+08:00 ] ::1 /gitPhp./Public/upload/song/lyric/周杰伦
INFO: [ app_init ] --START--
INFO: Run Behavior\BuildLiteBehavior [ RunTime:0.000013s ]
INFO: [ app_init ] --END-- [ RunTime:0.000311s ]
ERR: 无法加载模块:Public

[ 2020-06-23T21:09:33+08:00 ] ::1 /gitPhp./Public/upload/song/lyric/周杰伦
INFO: [ app_init ] --START--
INFO: Run Behavior\BuildLiteBehavior [ RunTime:0.000015s ]
INFO: [ app_init ] --END-- [ RunTime:0.000345s ]
ERR: 无法加载模块:Public

[ 2020-06-23T21:19:42+08:00 ] ::1 /gitPhp./Public/upload/song/lyric/周杰伦
INFO: [ app_init ] --START--
INFO: Run Behavior\BuildLiteBehavior [ RunTime:0.000014s ]
INFO: [ app_init ] --END-- [ RunTime:0.000334s ]
ERR: 无法加载模块:Public

[ 2020-06-23T21:20:50+08:00 ] ::1 /gitPhp./Public/upload/song/lyric/周杰伦
INFO: [ app_init ] --START--
INFO: Run Behavior\BuildLiteBehavior [ RunTime:0.000017s ]
INFO: [ app_init ] --END-- [ RunTime:0.000416s ]
ERR: 无法加载模块:Public

[ 2020-06-23T21:20:52+08:00 ] ::1 /gitPhp./Public/upload/song/lyric/周杰伦
INFO: [ app_init ] --START--
INFO: Run Behavior\BuildLiteBehavior [ RunTime:0.000018s ]
INFO: [ app_init ] --END-- [ RunTime:0.000318s ]
ERR: 无法加载模块:Public

[ 2020-06-23T21:21:51+08:00 ] ::1 /gitPhp./Public/upload/song/lyric/周杰伦
INFO: [ app_init ] --START--
INFO: Run Behavior\BuildLiteBehavior [ RunTime:0.000018s ]
INFO: [ app_init ] --END-- [ RunTime:0.000660s ]
ERR: 无法加载模块:Public

[ 2020-06-23T21:21:55+08:00 ] ::1 /gitPhp./Public/upload/song/lyric/周杰伦
INFO: [ app_init ] --START--
INFO: Run Behavior\BuildLiteBehavior [ RunTime:0.000013s ]
INFO: [ app_init ] --END-- [ RunTime:0.000341s ]
ERR: 无法加载模块:Public

[ 2020-06-23T21:22:34+08:00 ] ::1 /gitPhp/Public/upload/song/lyric/周杰伦
INFO: [ app_init ] --START--
INFO: Run Behavior\BuildLiteBehavior [ RunTime:0.000013s ]
INFO: [ app_init ] --END-- [ RunTime:0.000314s ]
ERR: 无法加载模块:Public

[ 2020-06-23T21:23:27+08:00 ] ::1 /gitPhp/Public/upload/song/lyric/周杰伦
INFO: [ app_init ] --START--
INFO: Run Behavior\BuildLiteBehavior [ RunTime:0.000013s ]
INFO: [ app_init ] --END-- [ RunTime:0.000311s ]
ERR: 无法加载模块:Public

[ 2020-06-23T21:26:04+08:00 ] ::1 /gitPhp/Public/upload/song/lyric/周杰伦
INFO: [ app_init ] --START--
INFO: Run Behavior\BuildLiteBehavior [ RunTime:0.000014s ]
INFO: [ app_init ] --END-- [ RunTime:0.000335s ]
ERR: 无法加载模块:Public

[ 2020-06-23T21:26:56+08:00 ] ::1 /gitPhp/Public/upload/song/lyric/周杰伦
INFO: [ app_init ] --START--
INFO: Run Behavior\BuildLiteBehavior [ RunTime:0.000017s ]
INFO: [ app_init ] --END-- [ RunTime:0.000556s ]
ERR: 无法加载模块:Public

[ 2020-06-23T22:42:35+08:00 ] ::1 /gitPhp/Public/upload/options/loop/%EF%BF%BD
INFO: [ app_init ] --START--
INFO: Run Behavior\BuildLiteBehavior [ RunTime:0.000029s ]
INFO: [ app_init ] --END-- [ RunTime:0.000867s ]
ERR: 无法加载模块:Public

[ 2020-06-23T22:42:35+08:00 ] ::1 /gitPhp/Public/upload/options/loop/s
INFO: [ app_init ] --START--
INFO: Run Behavior\BuildLiteBehavior [ RunTime:0.000272s ]
INFO: [ app_init ] --END-- [ RunTime:0.001954s ]
ERR: 无法加载模块:Public

[ 2020-06-23T22:44:36+08:00 ] ::1 /gitPhp/Public/upload/options/loop/%EF%BF%BD
INFO: [ app_init ] --START--
INFO: Run Behavior\BuildLiteBehavior [ RunTime:0.000028s ]
INFO: [ app_init ] --END-- [ RunTime:0.000742s ]
ERR: 无法加载模块:Public

[ 2020-06-23T22:44:36+08:00 ] ::1 /gitPhp/Public/upload/options/loop/s
INFO: [ app_init ] --START--
INFO: Run Behavior\BuildLiteBehavior [ RunTime:0.000051s ]
INFO: [ app_init ] --END-- [ RunTime:0.000796s ]
ERR: 无法加载模块:Public

[ 2020-06-23T22:45:44+08:00 ] ::1 /gitPhp/Application/Home/View/index/__PUBLIC__/css/base.css
INFO: [ app_init ] --START--
INFO: Run Behavior\BuildLiteBehavior [ RunTime:0.000027s ]
INFO: [ app_init ] --END-- [ RunTime:0.000649s ]
ERR: 无法加载模块:Application

[ 2020-06-23T22:45:44+08:00 ] ::1 /gitPhp/Application/Home/View/index/__PUBLIC__/js/jquery-3.4.1.js
INFO: [ app_init ] --START--
INFO: Run Behavior\BuildLiteBehavior [ RunTime:0.000023s ]
INFO: [ app_init ] --END-- [ RunTime:0.000673s ]
ERR: 无法加载模块:Application

[ 2020-06-23T22:45:44+08:00 ] ::1 /gitPhp/Application/Home/View/index/__PUBLIC__/css/index.css
INFO: [ app_init ] --START--
INFO: Run Behavior\BuildLiteBehavior [ RunTime:0.000039s ]
INFO: [ app_init ] --END-- [ RunTime:0.000794s ]
ERR: 无法加载模块:Application

[ 2020-06-23T22:45:44+08:00 ] ::1 /gitPhp/Application/Home/View/index/__PUBLIC__/js/index.js
INFO: [ app_init ] --START--
INFO: Run Behavior\BuildLiteBehavior [ RunTime:0.000040s ]
INFO: [ app_init ] --END-- [ RunTime:0.000774s ]
ERR: 无法加载模块:Application

[ 2020-06-23T22:45:44+08:00 ] ::1 /gitPhp/Application/Home/View/index/__PUBLIC__/img/%E9%9F%B3%E4%B9%90%20(1).png
INFO: [ app_init ] --START--
INFO: Run Behavior\BuildLiteBehavior [ RunTime:0.000034s ]
INFO: [ app_init ] --END-- [ RunTime:0.001159s ]
ERR: 无法加载模块:Application

[ 2020-06-23T22:45:44+08:00 ] ::1 /gitPhp/Application/Home/View/index/__PUBLIC__/upload/options/loop/%7B$loopImg[4]['src']%7D
INFO: [ app_init ] --START--
INFO: Run Behavior\BuildLiteBehavior [ RunTime:0.000032s ]
INFO: [ app_init ] --END-- [ RunTime:0.000792s ]
ERR: 无法加载模块:Application

[ 2020-06-23T22:45:44+08:00 ] ::1 /gitPhp/Application/Home/View/index/__PUBLIC__/upload/options/loop/%7B$loopImg[2]['src']%7D
INFO: [ app_init ] --START--
INFO: Run Behavior\BuildLiteBehavior [ RunTime:0.000029s ]
INFO: [ app_init ] --END-- [ RunTime:0.000676s ]
ERR: 无法加载模块:Application

[ 2020-06-23T22:45:44+08:00 ] ::1 /gitPhp/Application/Home/View/index/__PUBLIC__/upload/options/loop/%7B$loopImg[1]['src']%7D
INFO: [ app_init ] --START--
INFO: Run Behavior\BuildLiteBehavior [ RunTime:0.000039s ]
INFO: [ app_init ] --END-- [ RunTime:0.000895s ]
ERR: 无法加载模块:Application

[ 2020-06-23T22:45:44+08:00 ] ::1 /gitPhp/Application/Home/View/index/__PUBLIC__/upload/options/loop/%7B$loopImg[3]['src']%7D
INFO: [ app_init ] --START--
INFO: Run Behavior\BuildLiteBehavior [ RunTime:0.000041s ]
INFO: [ app_init ] --END-- [ RunTime:0.000873s ]
ERR: 无法加载模块:Application

[ 2020-06-23T22:45:44+08:00 ] ::1 /gitPhp/Application/Home/View/index/__PUBLIC__/img/recommend2.jpg
INFO: [ app_init ] --START--
INFO: Run Behavior\BuildLiteBehavior [ RunTime:0.000029s ]
INFO: [ app_init ] --END-- [ RunTime:0.000881s ]
ERR: 无法加载模块:Application

[ 2020-06-23T22:45:44+08:00 ] ::1 /gitPhp/Application/Home/View/index/__PUBLIC__/img/recommend3.jpg
INFO: [ app_init ] --START--
INFO: Run Behavior\BuildLiteBehavior [ RunTime:0.000024s ]
INFO: [ app_init ] --END-- [ RunTime:0.000662s ]
ERR: 无法加载模块:Application

[ 2020-06-23T22:45:44+08:00 ] ::1 /gitPhp/Application/Home/View/index/__PUBLIC__/upload/options/loop/%7B$loopImg[0]['src']%7D
INFO: [ app_init ] --START--
INFO: Run Behavior\BuildLiteBehavior [ RunTime:0.000026s ]
INFO: [ app_init ] --END-- [ RunTime:0.007174s ]
ERR: 无法加载模块:Application

[ 2020-06-23T22:45:44+08:00 ] ::1 /gitPhp/Application/Home/View/index/__PUBLIC__/img/%7B$songList[2]%7D
INFO: [ app_init ] --START--
INFO: Run Behavior\BuildLiteBehavior [ RunTime:0.000024s ]
INFO: [ app_init ] --END-- [ RunTime:0.000581s ]
ERR: 无法加载模块:Application

[ 2020-06-23T22:45:44+08:00 ] ::1 /gitPhp/Application/Home/View/index/__PUBLIC__/img/recommend5.jpg
INFO: [ app_init ] --START--
INFO: Run Behavior\BuildLiteBehavior [ RunTime:0.000038s ]
INFO: [ app_init ] --END-- [ RunTime:0.000697s ]
ERR: 无法加载模块:Application

[ 2020-06-23T22:45:44+08:00 ] ::1 /gitPhp/Application/Home/View/index/__PUBLIC__/img/recommend4.jpg
INFO: [ app_init ] --START--
INFO: Run Behavior\BuildLiteBehavior [ RunTime:0.000027s ]
INFO: [ app_init ] --END-- [ RunTime:0.000954s ]
ERR: 无法加载模块:Application

[ 2020-06-23T22:45:44+08:00 ] ::1 /gitPhp/Application/Home/View/index/__PUBLIC__/img/activity1.jpg
INFO: [ app_init ] --START--
INFO: Run Behavior\BuildLiteBehavior [ RunTime:0.000036s ]
INFO: [ app_init ] --END-- [ RunTime:0.002373s ]
ERR: 无法加载模块:Application

[ 2020-06-23T22:45:44+08:00 ] ::1 /gitPhp/Application/Home/View/index/__PUBLIC__/img/paihang1.png
INFO: [ app_init ] --START--
INFO: Run Behavior\BuildLiteBehavior [ RunTime:0.000036s ]
INFO: [ app_init ] --END-- [ RunTime:0.000725s ]
ERR: 无法加载模块:Application

[ 2020-06-23T22:45:44+08:00 ] ::1 /gitPhp/Application/Home/View/index/__PUBLIC__/img/paiming1.png
INFO: [ app_init ] --START--
INFO: Run Behavior\BuildLiteBehavior [ RunTime:0.000025s ]
INFO: [ app_init ] --END-- [ RunTime:0.000624s ]
ERR: 无法加载模块:Application

[ 2020-06-23T22:45:44+08:00 ] ::1 /gitPhp/Application/Home/View/index/__PUBLIC__/img/paiming2.png
INFO: [ app_init ] --START--
INFO: Run Behavior\BuildLiteBehavior [ RunTime:0.000046s ]
INFO: [ app_init ] --END-- [ RunTime:0.001071s ]
ERR: 无法加载模块:Application

[ 2020-06-23T22:45:44+08:00 ] ::1 /gitPhp/Application/Home/View/index/__PUBLIC__/img/paiming3.png
INFO: [ app_init ] --START--
INFO: Run Behavior\BuildLiteBehavior [ RunTime:0.000025s ]
INFO: [ app_init ] --END-- [ RunTime:0.000618s ]
ERR: 无法加载模块:Application

[ 2020-06-23T22:45:44+08:00 ] ::1 /gitPhp/Application/Home/View/index/__PUBLIC__/img/paihang3.png
INFO: [ app_init ] --START--
INFO: Run Behavior\BuildLiteBehavior [ RunTime:0.000026s ]
INFO: [ app_init ] --END-- [ RunTime:0.000770s ]
ERR: 无法加载模块:Application

[ 2020-06-23T22:45:44+08:00 ] ::1 /gitPhp/Application/Home/View/index/__PUBLIC__/img/paihang4.png
INFO: [ app_init ] --START--
INFO: Run Behavior\BuildLiteBehavior [ RunTime:0.000025s ]
INFO: [ app_init ] --END-- [ RunTime:0.000590s ]
ERR: 无法加载模块:Application

[ 2020-06-23T22:45:44+08:00 ] ::1 /gitPhp/Application/Home/View/index/__PUBLIC__/img/paihang5.png
INFO: [ app_init ] --START--
INFO: Run Behavior\BuildLiteBehavior [ RunTime:0.000040s ]
INFO: [ app_init ] --END-- [ RunTime:0.000691s ]
ERR: 无法加载模块:Application

[ 2020-06-23T22:45:44+08:00 ] ::1 /gitPhp/Application/Home/View/index/__PUBLIC__/img/singer1.jpg
INFO: [ app_init ] --START--
INFO: Run Behavior\BuildLiteBehavior [ RunTime:0.000073s ]
INFO: [ app_init ] --END-- [ RunTime:0.001174s ]
ERR: 无法加载模块:Application

[ 2020-06-23T22:45:44+08:00 ] ::1 /gitPhp/Application/Home/View/index/__PUBLIC__/img/singer2.jpg
INFO: [ app_init ] --START--
INFO: Run Behavior\BuildLiteBehavior [ RunTime:0.000032s ]
INFO: [ app_init ] --END-- [ RunTime:0.000780s ]
ERR: 无法加载模块:Application

[ 2020-06-23T22:45:44+08:00 ] ::1 /gitPhp/Application/Home/View/index/__PUBLIC__/img/singer3.jpg
INFO: [ app_init ] --START--
INFO: Run Behavior\BuildLiteBehavior [ RunTime:0.000034s ]
INFO: [ app_init ] --END-- [ RunTime:0.001415s ]
ERR: 无法加载模块:Application

[ 2020-06-23T22:45:44+08:00 ] ::1 /gitPhp/Application/Home/View/index/__PUBLIC__/img/singer4.jpg
INFO: [ app_init ] --START--
INFO: Run Behavior\BuildLiteBehavior [ RunTime:0.000063s ]
INFO: [ app_init ] --END-- [ RunTime:0.000820s ]
ERR: 无法加载模块:Application

[ 2020-06-23T22:45:44+08:00 ] ::1 /gitPhp/Application/Home/View/index/__PUBLIC__/img/activity2.jpg
INFO: [ app_init ] --START--
INFO: Run Behavior\BuildLiteBehavior [ RunTime:0.000025s ]
INFO: [ app_init ] --END-- [ RunTime:0.000750s ]
ERR: 无法加载模块:Application

[ 2020-06-23T22:45:44+08:00 ] ::1 /gitPhp/Application/Home/View/index/__PUBLIC__/img/singer6.jpg
INFO: [ app_init ] --START--
INFO: Run Behavior\BuildLiteBehavior [ RunTime:0.000045s ]
INFO: [ app_init ] --END-- [ RunTime:0.000753s ]
ERR: 无法加载模块:Application

[ 2020-06-23T22:45:44+08:00 ] ::1 /gitPhp/Application/Home/View/index/__PUBLIC__/img/radio1.jpg
INFO: [ app_init ] --START--
INFO: Run Behavior\BuildLiteBehavior [ RunTime:0.000037s ]
INFO: [ app_init ] --END-- [ RunTime:0.000909s ]
ERR: 无法加载模块:Application

[ 2020-06-23T22:45:44+08:00 ] ::1 /gitPhp/Application/Home/View/index/__PUBLIC__/img/paihang2.png
INFO: [ app_init ] --START--
INFO: Run Behavior\BuildLiteBehavior [ RunTime:0.000035s ]
INFO: [ app_init ] --END-- [ RunTime:0.001154s ]
ERR: 无法加载模块:Application

[ 2020-06-23T22:45:44+08:00 ] ::1 /gitPhp/Application/Home/View/index/__PUBLIC__/img/singer5.jpg
INFO: [ app_init ] --START--
INFO: Run Behavior\BuildLiteBehavior [ RunTime:0.000100s ]
INFO: [ app_init ] --END-- [ RunTime:0.000886s ]
ERR: 无法加载模块:Application

[ 2020-06-23T22:45:44+08:00 ] ::1 /gitPhp/Application/Home/View/index/__PUBLIC__/upload/song/src/%E5%91%A8%E6%9D%B0%E4%BC%A6-%E7%A8%BB%E9%A6%99.mp3
INFO: [ app_init ] --START--
INFO: Run Behavior\BuildLiteBehavior [ RunTime:0.000033s ]
INFO: [ app_init ] --END-- [ RunTime:0.001134s ]
ERR: 无法加载模块:Application

[ 2020-06-23T22:45:44+08:00 ] ::1 /gitPhp/Application/Home/View/index/__PUBLIC__/favicon.ico
INFO: [ app_init ] --START--
INFO: Run Behavior\BuildLiteBehavior [ RunTime:0.000019s ]
INFO: [ app_init ] --END-- [ RunTime:0.000514s ]
ERR: 无法加载模块:Application

[ 2020-06-23T22:46:02+08:00 ] ::1 /gitPhp/Public/upload/options/loop/%EF%BF%BD
INFO: [ app_init ] --START--
INFO: Run Behavior\BuildLiteBehavior [ RunTime:0.000034s ]
INFO: [ app_init ] --END-- [ RunTime:0.001117s ]
ERR: 无法加载模块:Public

[ 2020-06-23T22:46:02+08:00 ] ::1 /gitPhp/Public/upload/options/loop/s
INFO: [ app_init ] --START--
INFO: Run Behavior\BuildLiteBehavior [ RunTime:0.000078s ]
INFO: [ app_init ] --END-- [ RunTime:0.002492s ]
ERR: 无法加载模块:Public

[ 2020-06-23T22:46:02+08:00 ] ::1 /gitPhp/Public/upload/options/loop/%EF%BF%BD
INFO: [ app_init ] --START--
INFO: Run Behavior\BuildLiteBehavior [ RunTime:0.000041s ]
INFO: [ app_init ] --END-- [ RunTime:0.000644s ]
ERR: 无法加载模块:Public

[ 2020-06-23T22:46:02+08:00 ] ::1 /gitPhp/Public/upload/options/loop/s
INFO: [ app_init ] --START--
INFO: Run Behavior\BuildLiteBehavior [ RunTime:0.000040s ]
INFO: [ app_init ] --END-- [ RunTime:0.000733s ]
ERR: 无法加载模块:Public

[ 2020-06-23T22:46:30+08:00 ] ::1 /gitPhp/Public/upload/options/loop/%EF%BF%BD
INFO: [ app_init ] --START--
INFO: Run Behavior\BuildLiteBehavior [ RunTime:0.000034s ]
INFO: [ app_init ] --END-- [ RunTime:0.000682s ]
ERR: 无法加载模块:Public

[ 2020-06-23T22:46:31+08:00 ] ::1 /gitPhp/Public/upload/options/loop/s
INFO: [ app_init ] --START--
INFO: Run Behavior\BuildLiteBehavior [ RunTime:0.000074s ]
INFO: [ app_init ] --END-- [ RunTime:0.002456s ]
ERR: 无法加载模块:Public

[ 2020-06-23T22:47:22+08:00 ] ::1 /gitPhp/Public/upload/options/loop/%EF%BF%BD
INFO: [ app_init ] --START--
INFO: Run Behavior\BuildLiteBehavior [ RunTime:0.000028s ]
INFO: [ app_init ] --END-- [ RunTime:0.000715s ]
ERR: 无法加载模块:Public

[ 2020-06-23T22:47:22+08:00 ] ::1 /gitPhp/Public/upload/options/loop/s
INFO: [ app_init ] --START--
INFO: Run Behavior\BuildLiteBehavior [ RunTime:0.000019s ]
INFO: [ app_init ] --END-- [ RunTime:0.000417s ]
ERR: 无法加载模块:Public

[ 2020-06-23T22:49:15+08:00 ] ::1 /gitPhp/Public/upload/options/loop/%EF%BF%BD
INFO: [ app_init ] --START--
INFO: Run Behavior\BuildLiteBehavior [ RunTime:0.000043s ]
INFO: [ app_init ] --END-- [ RunTime:0.010504s ]
ERR: 无法加载模块:Public

[ 2020-06-23T22:49:15+08:00 ] ::1 /gitPhp/Public/upload/options/loop/s
INFO: [ app_init ] --START--
INFO: Run Behavior\BuildLiteBehavior [ RunTime:0.000028s ]
INFO: [ app_init ] --END-- [ RunTime:0.001020s ]
ERR: 无法加载模块:Public

[ 2020-06-23T22:49:44+08:00 ] ::1 /gitPhp/Public/upload/options/loop/%EF%BF%BD
INFO: [ app_init ] --START--
INFO: Run Behavior\BuildLiteBehavior [ RunTime:0.000029s ]
INFO: [ app_init ] --END-- [ RunTime:0.000953s ]
ERR: 无法加载模块:Public

[ 2020-06-23T22:49:44+08:00 ] ::1 /gitPhp/Public/upload/options/loop/s
INFO: [ app_init ] --START--
INFO: Run Behavior\BuildLiteBehavior [ RunTime:0.000030s ]
INFO: [ app_init ] --END-- [ RunTime:0.000832s ]
ERR: 无法加载模块:Public

[ 2020-06-23T22:50:17+08:00 ] ::1 /gitPhp/Public/upload/options/loop/s
INFO: [ app_init ] --START--
INFO: Run Behavior\BuildLiteBehavior [ RunTime:0.000035s ]
INFO: [ app_init ] --END-- [ RunTime:0.000717s ]
ERR: 无法加载模块:Public

[ 2020-06-23T22:50:17+08:00 ] ::1 /gitPhp/Public/upload/options/loop/%EF%BF%BD
INFO: [ app_init ] --START--
INFO: Run Behavior\BuildLiteBehavior [ RunTime:0.000033s ]
INFO: [ app_init ] --END-- [ RunTime:0.000702s ]
ERR: 无法加载模块:Public

[ 2020-06-23T22:51:57+08:00 ] ::1 /gitPhp/Public/upload/options/loop/%EF%BF%BD
INFO: [ app_init ] --START--
INFO: Run Behavior\BuildLiteBehavior [ RunTime:0.000029s ]
INFO: [ app_init ] --END-- [ RunTime:0.000767s ]
ERR: 无法加载模块:Public

[ 2020-06-23T22:51:57+08:00 ] ::1 /gitPhp/Public/upload/options/loop/s
INFO: [ app_init ] --START--
INFO: Run Behavior\BuildLiteBehavior [ RunTime:0.000020s ]
INFO: [ app_init ] --END-- [ RunTime:0.000478s ]
ERR: 无法加载模块:Public

[ 2020-06-23T22:51:57+08:00 ] ::1 /gitPhp/Public/upload/options/loop/%EF%BF%BD
INFO: [ app_init ] --START--
INFO: Run Behavior\BuildLiteBehavior [ RunTime:0.000039s ]
INFO: [ app_init ] --END-- [ RunTime:0.000706s ]
ERR: 无法加载模块:Public

[ 2020-06-23T22:51:57+08:00 ] ::1 /gitPhp/Public/upload/options/loop/s
INFO: [ app_init ] --START--
INFO: Run Behavior\BuildLiteBehavior [ RunTime:0.000040s ]
INFO: [ app_init ] --END-- [ RunTime:0.000686s ]
ERR: 无法加载模块:Public

[ 2020-06-23T22:54:17+08:00 ] ::1 /gitPhp/Public/upload/options/loop/%EF%BF%BD
INFO: [ app_init ] --START--
INFO: Run Behavior\BuildLiteBehavior [ RunTime:0.000019s ]
INFO: [ app_init ] --END-- [ RunTime:0.000444s ]
ERR: 无法加载模块:Public

[ 2020-06-23T22:54:18+08:00 ] ::1 /gitPhp/Public/upload/options/loop/s
INFO: [ app_init ] --START--
INFO: Run Behavior\BuildLiteBehavior [ RunTime:0.000027s ]
INFO: [ app_init ] --END-- [ RunTime:0.000699s ]
ERR: 无法加载模块:Public

